{
  "uid" : "ac3b3973628c94c8",
  "name" : "test_fail",
  "fullName" : "tests.app.test_dummy#test_fail",
  "historyId" : "fb1fc3491d53f8eca716f6f94f34e120",
  "time" : {
    "start" : 1617629343715,
    "stop" : 1617629343715,
    "duration" : 0
  },
  "status" : "failed",
  "statusMessage" : "AssertionError: assert False",
  "statusTrace" : "def test_fail():\n>       assert False\nE       assert False\n\ntests/app/test_dummy.py:11: AssertionError",
  "flaky" : false,
  "newFailed" : false,
  "beforeStages" : [ ],
  "afterStages" : [ ],
  "labels" : [ {
    "name" : "parentSuite",
    "value" : "tests.app"
  }, {
    "name" : "suite",
    "value" : "test_dummy"
  }, {
    "name" : "host",
    "value" : "fv-az127-890"
  }, {
    "name" : "thread",
    "value" : "4730-MainThread"
  }, {
    "name" : "framework",
    "value" : "pytest"
  }, {
    "name" : "language",
    "value" : "cpython3"
  }, {
    "name" : "package",
    "value" : "tests.app.test_dummy"
  }, {
    "name" : "resultFormat",
    "value" : "allure2"
  } ],
  "parameters" : [ ],
  "links" : [ ],
  "hidden" : false,
  "retry" : false,
  "extra" : {
    "severity" : "normal",
    "retries" : [ ],
    "categories" : [ {
      "name" : "Product defects",
      "matchedStatuses" : [ ],
      "flaky" : false
    } ],
    "tags" : [ ]
  },
  "source" : "ac3b3973628c94c8.json",
  "parameterValues" : [ ]
}