{
  "uid" : "3946b7a5b499c8aa",
  "name" : "test_methods[file-system_POST_positive]",
  "fullName" : "api.test_methods#test_methods",
  "historyId" : "f2774afe6627017d23733e8b42f2a0a5",
  "time" : {
    "start" : 1618399194791,
    "stop" : 1618399194857,
    "duration" : 66
  },
  "description" : "\n    Test allowed methods\n    Generate request and response pairs depending on allowed and not allowed methods\n    for all api endpoints\n    ",
  "descriptionHtml" : "<pre><code>Test allowed methods\nGenerate request and response pairs depending on allowed and not allowed methods\nfor all api endpoints\n</code></pre>\n",
  "status" : "failed",
  "statusMessage" : "AssertionError: Expecting status code 201 but got 500",
  "statusTrace" : "prepare_data = (<tests.utils.api_objects.APPApi object at 0x7fb372c7c3a0>, [POST file-system and expect 201 status code. at 0x7fb372d15c10])\n\n    def test_methods(prepare_data):\n        \"\"\"\n        Test allowed methods\n        Generate request and response pairs depending on allowed and not allowed methods\n        for all api endpoints\n        \"\"\"\n        app, test_data_list = prepare_data\n        for test_data in test_data_list:\n>           app.exec_request(\n                request=test_data.request, expected_response=test_data.response\n            )\n\ntests/api/test_methods.py:40: \n_ _ _ _ _ _ _ _ _ _ _ _ _ _ _ _ _ _ _ _ _ _ _ _ _ _ _ _ _ _ _ _ _ _ _ _ _ _ _ _ \ntests/utils/api_objects.py:72: in exec_request\n    status_code_should_be(\n_ _ _ _ _ _ _ _ _ _ _ _ _ _ _ _ _ _ _ _ _ _ _ _ _ _ _ _ _ _ _ _ _ _ _ _ _ _ _ _ \n\nresponse = <Response [500]>, status_code = <HTTPStatus.CREATED: 201>\n\n    @allure.step(\"Response status code should be equal {status_code}\")\n    def status_code_should_be(response: Response, status_code=HTTPStatus.OK):\n        \"\"\"Assert response status code\"\"\"\n>       assert (\n            response.status_code == status_code\n        ), f\"Expecting status code {status_code} but got {response.status_code}\"\nE       AssertionError: Expecting status code 201 but got 500\n\ntests/steps/asserts.py:16: AssertionError",
  "flaky" : false,
  "newFailed" : false,
  "beforeStages" : [ {
    "name" : "app_fs",
    "time" : {
      "start" : 1618399193175,
      "stop" : 1618399194692,
      "duration" : 1517
    },
    "status" : "passed",
    "steps" : [ {
      "name" : "Run container: local/app:vQyQyAYrOl",
      "time" : {
        "start" : 1618399193197,
        "stop" : 1618399193653,
        "duration" : 456
      },
      "status" : "passed",
      "steps" : [ ],
      "attachments" : [ ],
      "parameters" : [ ],
      "stepsCount" : 0,
      "attachmentsCount" : 0,
      "shouldDisplayMessage" : false,
      "hasContent" : false
    } ],
    "attachments" : [ ],
    "parameters" : [ ],
    "stepsCount" : 1,
    "attachmentsCount" : 0,
    "shouldDisplayMessage" : false,
    "hasContent" : true
  }, {
    "name" : "image",
    "time" : {
      "start" : 1618399181192,
      "stop" : 1618399185052,
      "duration" : 3860
    },
    "status" : "passed",
    "steps" : [ {
      "name" : "Run container: app:refs_pull_6_merge",
      "time" : {
        "start" : 1618399181237,
        "stop" : 1618399181749,
        "duration" : 512
      },
      "status" : "passed",
      "steps" : [ ],
      "attachments" : [ ],
      "parameters" : [ ],
      "stepsCount" : 0,
      "attachmentsCount" : 0,
      "shouldDisplayMessage" : false,
      "hasContent" : false
    } ],
    "attachments" : [ ],
    "parameters" : [ ],
    "stepsCount" : 1,
    "attachmentsCount" : 0,
    "shouldDisplayMessage" : false,
    "hasContent" : true
  }, {
    "name" : "cmd_opts",
    "time" : {
      "start" : 1618399181191,
      "stop" : 1618399181192,
      "duration" : 1
    },
    "status" : "passed",
    "steps" : [ ],
    "attachments" : [ ],
    "parameters" : [ ],
    "stepsCount" : 0,
    "attachmentsCount" : 0,
    "shouldDisplayMessage" : false,
    "hasContent" : false
  }, {
    "name" : "prepare_data",
    "time" : {
      "start" : 1618399194693,
      "stop" : 1618399194790,
      "duration" : 97
    },
    "status" : "passed",
    "steps" : [ {
      "name" : "Generate valid request data",
      "time" : {
        "start" : 1618399194693,
        "stop" : 1618399194790,
        "duration" : 97
      },
      "status" : "passed",
      "steps" : [ {
        "name" : "Send LIST /fs-type/",
        "time" : {
          "start" : 1618399194693,
          "stop" : 1618399194742,
          "duration" : 49
        },
        "status" : "passed",
        "steps" : [ {
          "name" : "Response status code should be equal <HTTPStatus.OK: 200>",
          "time" : {
            "start" : 1618399194742,
            "stop" : 1618399194742,
            "duration" : 0
          },
          "status" : "passed",
          "steps" : [ ],
          "attachments" : [ ],
          "parameters" : [ {
            "name" : "response",
            "value" : "<Response [200]>"
          }, {
            "name" : "status_code",
            "value" : "<HTTPStatus.OK: 200>"
          } ],
          "stepsCount" : 0,
          "attachmentsCount" : 0,
          "shouldDisplayMessage" : false,
          "hasContent" : true
        } ],
        "attachments" : [ {
          "uid" : "f4ab258702a8a262",
          "name" : "Full request log",
          "source" : "f4ab258702a8a262.txt",
          "type" : "text/plain",
          "size" : 558
        } ],
        "parameters" : [ ],
        "stepsCount" : 1,
        "attachmentsCount" : 1,
        "shouldDisplayMessage" : false,
        "hasContent" : true
      }, {
        "name" : "Send LIST /fs-type/",
        "time" : {
          "start" : 1618399194742,
          "stop" : 1618399194790,
          "duration" : 48
        },
        "status" : "passed",
        "steps" : [ {
          "name" : "Response status code should be equal <HTTPStatus.OK: 200>",
          "time" : {
            "start" : 1618399194790,
            "stop" : 1618399194790,
            "duration" : 0
          },
          "status" : "passed",
          "steps" : [ ],
          "attachments" : [ ],
          "parameters" : [ {
            "name" : "response",
            "value" : "<Response [200]>"
          }, {
            "name" : "status_code",
            "value" : "<HTTPStatus.OK: 200>"
          } ],
          "stepsCount" : 0,
          "attachmentsCount" : 0,
          "shouldDisplayMessage" : false,
          "hasContent" : true
        } ],
        "attachments" : [ {
          "uid" : "664b78f773601642",
          "name" : "Full request log",
          "source" : "664b78f773601642.txt",
          "type" : "text/plain",
          "size" : 558
        } ],
        "parameters" : [ ],
        "stepsCount" : 1,
        "attachmentsCount" : 1,
        "shouldDisplayMessage" : false,
        "hasContent" : true
      } ],
      "attachments" : [ ],
      "parameters" : [ {
        "name" : "endpoint",
        "value" : "<Endpoints.FileSystem: Endpoint(path='file-system', methods=[<Methods.GET: Method(function=<function get at 0x7fb372f98a60>, url_template='/{name}/{id}/', default_success_code=<HTTPStatus.OK: 200>)>, <Methods.LIST: Method(function=<function get at 0x7fb372f98a60>, url_template='/{name}/', default_success_code=<HTTPStatus.OK: 200>)>, <Methods.POST: Method(function=<function post at 0x7fb372f98c10>, url_template='/{name}/', default_success_code=<HTTPStatus.CREATED: 201>)>], data_class=<class 'tests.utils.data_classes.FileSystemFields'>)>"
      }, {
        "name" : "method",
        "value" : "<Methods.POST: Method(function=<function post at 0x7fb372f98c10>, url_template='/{name}/', default_success_code=<HTTPStatus.CREATED: 201>)>"
      } ],
      "stepsCount" : 4,
      "attachmentsCount" : 2,
      "shouldDisplayMessage" : false,
      "hasContent" : true
    } ],
    "attachments" : [ ],
    "parameters" : [ ],
    "stepsCount" : 5,
    "attachmentsCount" : 2,
    "shouldDisplayMessage" : false,
    "hasContent" : true
  } ],
  "testStage" : {
    "description" : "\n    Test allowed methods\n    Generate request and response pairs depending on allowed and not allowed methods\n    for all api endpoints\n    ",
    "status" : "failed",
    "statusMessage" : "AssertionError: Expecting status code 201 but got 500",
    "statusTrace" : "prepare_data = (<tests.utils.api_objects.APPApi object at 0x7fb372c7c3a0>, [POST file-system and expect 201 status code. at 0x7fb372d15c10])\n\n    def test_methods(prepare_data):\n        \"\"\"\n        Test allowed methods\n        Generate request and response pairs depending on allowed and not allowed methods\n        for all api endpoints\n        \"\"\"\n        app, test_data_list = prepare_data\n        for test_data in test_data_list:\n>           app.exec_request(\n                request=test_data.request, expected_response=test_data.response\n            )\n\ntests/api/test_methods.py:40: \n_ _ _ _ _ _ _ _ _ _ _ _ _ _ _ _ _ _ _ _ _ _ _ _ _ _ _ _ _ _ _ _ _ _ _ _ _ _ _ _ \ntests/utils/api_objects.py:72: in exec_request\n    status_code_should_be(\n_ _ _ _ _ _ _ _ _ _ _ _ _ _ _ _ _ _ _ _ _ _ _ _ _ _ _ _ _ _ _ _ _ _ _ _ _ _ _ _ \n\nresponse = <Response [500]>, status_code = <HTTPStatus.CREATED: 201>\n\n    @allure.step(\"Response status code should be equal {status_code}\")\n    def status_code_should_be(response: Response, status_code=HTTPStatus.OK):\n        \"\"\"Assert response status code\"\"\"\n>       assert (\n            response.status_code == status_code\n        ), f\"Expecting status code {status_code} but got {response.status_code}\"\nE       AssertionError: Expecting status code 201 but got 500\n\ntests/steps/asserts.py:16: AssertionError",
    "steps" : [ {
      "name" : "Send POST /file-system/",
      "time" : {
        "start" : 1618399194791,
        "stop" : 1618399194857,
        "duration" : 66
      },
      "status" : "failed",
      "statusMessage" : "AssertionError: Expecting status code 201 but got 500\n",
      "statusTrace" : "  File \"/home/runner/work/truly_automated_tests/truly_automated_tests/tests/utils/api_objects.py\", line 72, in exec_request\n    status_code_should_be(\n  File \"/opt/hostedtoolcache/Python/3.9.4/x64/lib/python3.9/site-packages/allure_commons/_allure.py\", line 172, in impl\n    return func(*a, **kw)\n  File \"/home/runner/work/truly_automated_tests/truly_automated_tests/tests/steps/asserts.py\", line 16, in status_code_should_be\n    assert (\n",
      "steps" : [ {
        "name" : "Response status code should be equal <HTTPStatus.CREATED: 201>",
        "time" : {
          "start" : 1618399194857,
          "stop" : 1618399194857,
          "duration" : 0
        },
        "status" : "failed",
        "statusMessage" : "AssertionError: Expecting status code 201 but got 500\n",
        "statusTrace" : "  File \"/opt/hostedtoolcache/Python/3.9.4/x64/lib/python3.9/site-packages/allure_commons/_allure.py\", line 172, in impl\n    return func(*a, **kw)\n  File \"/home/runner/work/truly_automated_tests/truly_automated_tests/tests/steps/asserts.py\", line 16, in status_code_should_be\n    assert (\n",
        "steps" : [ ],
        "attachments" : [ ],
        "parameters" : [ {
          "name" : "response",
          "value" : "<Response [500]>"
        }, {
          "name" : "status_code",
          "value" : "<HTTPStatus.CREATED: 201>"
        } ],
        "stepsCount" : 0,
        "attachmentsCount" : 0,
        "shouldDisplayMessage" : true,
        "hasContent" : true
      } ],
      "attachments" : [ {
        "uid" : "5f6d21e82c89b350",
        "name" : "Full request log",
        "source" : "5f6d21e82c89b350.txt",
        "type" : "text/html",
        "size" : 1700
      } ],
      "parameters" : [ ],
      "stepsCount" : 1,
      "attachmentsCount" : 1,
      "shouldDisplayMessage" : false,
      "hasContent" : true
    } ],
    "attachments" : [ ],
    "parameters" : [ ],
    "stepsCount" : 2,
    "attachmentsCount" : 1,
    "shouldDisplayMessage" : true,
    "hasContent" : true
  },
  "afterStages" : [ {
    "name" : "app_fs::fin",
    "time" : {
      "start" : 1618399194880,
      "stop" : 1618399195287,
      "duration" : 407
    },
    "status" : "passed",
    "steps" : [ {
      "name" : "Gather /var/www/html/storage/app/ from APP container: 8659450603a405cd801c7f3c4f2cfa79fc87e55d39f8ff540617db867302f4d4",
      "time" : {
        "start" : 1618399194880,
        "stop" : 1618399195019,
        "duration" : 139
      },
      "status" : "passed",
      "steps" : [ ],
      "attachments" : [ {
        "uid" : "c95a868495a3b4ac",
        "name" : "test_methods[file-system_POST_positive]_1618399194.8802733.tgz",
        "source" : "c95a868495a3b4ac.tgz",
        "type" : "application/gzip",
        "size" : 2851
      } ],
      "parameters" : [ ],
      "stepsCount" : 0,
      "attachmentsCount" : 1,
      "shouldDisplayMessage" : false,
      "hasContent" : true
    } ],
    "attachments" : [ ],
    "parameters" : [ ],
    "stepsCount" : 1,
    "attachmentsCount" : 1,
    "shouldDisplayMessage" : false,
    "hasContent" : true
  }, {
    "name" : "image::fin",
    "time" : {
      "start" : 1618399239226,
      "stop" : 1618399239238,
      "duration" : 12
    },
    "status" : "passed",
    "steps" : [ ],
    "attachments" : [ ],
    "parameters" : [ ],
    "stepsCount" : 0,
    "attachmentsCount" : 0,
    "shouldDisplayMessage" : false,
    "hasContent" : false
  } ],
  "labels" : [ {
    "name" : "suite",
    "value" : "Allowed methods tests"
  }, {
    "name" : "parentSuite",
    "value" : "API"
  }, {
    "name" : "tag",
    "value" : "positive"
  }, {
    "name" : "host",
    "value" : "fv-az246-357"
  }, {
    "name" : "thread",
    "value" : "4882-MainThread"
  }, {
    "name" : "framework",
    "value" : "pytest"
  }, {
    "name" : "language",
    "value" : "cpython3"
  }, {
    "name" : "package",
    "value" : "api.test_methods"
  }, {
    "name" : "resultFormat",
    "value" : "allure2"
  } ],
  "parameters" : [ {
    "name" : "prepare_data",
    "value" : "[POST file-system and expect 201 status code. at 0x7fb372d15c10]"
  } ],
  "links" : [ ],
  "hidden" : false,
  "retry" : false,
  "extra" : {
    "severity" : "normal",
    "retries" : [ ],
    "categories" : [ {
      "name" : "Product defects",
      "matchedStatuses" : [ ],
      "flaky" : false
    } ],
    "history" : {
      "statistic" : {
        "failed" : 3,
        "broken" : 0,
        "skipped" : 0,
        "passed" : 0,
        "unknown" : 0,
        "total" : 3
      },
      "items" : [ {
        "uid" : "eefed878784c2683",
        "reportUrl" : "https://arenadata.github.io/truly_automated_tests/33//#testresult/eefed878784c2683",
        "status" : "failed",
        "statusDetails" : "AssertionError: Expecting status code 201 but got 500",
        "time" : {
          "start" : 1618397048148,
          "stop" : 1618397048194,
          "duration" : 46
        }
      }, {
        "uid" : "dbb3484ce7b6157f",
        "reportUrl" : "https://arenadata.github.io/truly_automated_tests/31//#testresult/dbb3484ce7b6157f",
        "status" : "failed",
        "statusDetails" : "AssertionError: Expecting status code 201 but got 422",
        "time" : {
          "start" : 1618389396979,
          "stop" : 1618389397046,
          "duration" : 67
        }
      } ]
    },
    "tags" : [ "positive" ]
  },
  "source" : "3946b7a5b499c8aa.json",
  "parameterValues" : [ "[POST file-system and expect 201 status code. at 0x7fb372d15c10]" ]
}