{
  "uid" : "f53679e0cd3090fa",
  "name" : "test_methods[file-system_GET_positive]",
  "fullName" : "api.test_methods#test_methods",
  "historyId" : "66f075c8be42d2097ce958eab2680705",
  "time" : {
    "start" : 1618399191034,
    "stop" : 1618399191034,
    "duration" : 0
  },
  "description" : "\n    Test allowed methods\n    Generate request and response pairs depending on allowed and not allowed methods\n    for all api endpoints\n    ",
  "descriptionHtml" : "<pre><code>Test allowed methods\nGenerate request and response pairs depending on allowed and not allowed methods\nfor all api endpoints\n</code></pre>\n",
  "status" : "failed",
  "statusMessage" : "AssertionError: Expecting status code 201 but got 500",
  "statusTrace" : "request = <SubRequest 'prepare_data' for <Function test_methods[file-system_GET_positive]>>\napp_fs = <tests.utils.api_objects.APPApi object at 0x7fb372d62f40>\n\n    @pytest.fixture(params=get_data_for_methods_check())\n    def prepare_data(request, app_fs):\n        \"\"\"\n        Generate request body here since it depends on actual APP instance\n        and can't be determined when generating\n        \"\"\"\n        test_data_list: List[TestData] = request.param\n        for test_data in test_data_list:\n>           request_data = DbFiller(app=app_fs).generate_valid_request_data(\n                endpoint=test_data.request.endpoint, method=test_data.request.method\n            )\n\ntests/api/test_methods.py:22: \n_ _ _ _ _ _ _ _ _ _ _ _ _ _ _ _ _ _ _ _ _ _ _ _ _ _ _ _ _ _ _ _ _ _ _ _ _ _ _ _ \ntests/test_data/db_filler.py:54: in generate_valid_request_data\n    object_id=self._get_or_create_data_for_endpoint(endpoint=endpoint)[0][\"id\"],\ntests/test_data/db_filler.py:88: in _get_or_create_data_for_endpoint\n    response = self.app.exec_request(\ntests/utils/api_objects.py:72: in exec_request\n    status_code_should_be(\n_ _ _ _ _ _ _ _ _ _ _ _ _ _ _ _ _ _ _ _ _ _ _ _ _ _ _ _ _ _ _ _ _ _ _ _ _ _ _ _ \n\nresponse = <Response [500]>, status_code = <HTTPStatus.CREATED: 201>\n\n    @allure.step(\"Response status code should be equal {status_code}\")\n    def status_code_should_be(response: Response, status_code=HTTPStatus.OK):\n        \"\"\"Assert response status code\"\"\"\n>       assert (\n            response.status_code == status_code\n        ), f\"Expecting status code {status_code} but got {response.status_code}\"\nE       AssertionError: Expecting status code 201 but got 500\n\ntests/steps/asserts.py:16: AssertionError",
  "flaky" : false,
  "newFailed" : false,
  "beforeStages" : [ {
    "name" : "app_fs",
    "time" : {
      "start" : 1618399191034,
      "stop" : 1618399192554,
      "duration" : 1520
    },
    "status" : "passed",
    "steps" : [ {
      "name" : "Run container: local/app:vQyQyAYrOl",
      "time" : {
        "start" : 1618399191060,
        "stop" : 1618399191512,
        "duration" : 452
      },
      "status" : "passed",
      "steps" : [ ],
      "attachments" : [ ],
      "parameters" : [ ],
      "stepsCount" : 0,
      "attachmentsCount" : 0,
      "shouldDisplayMessage" : false,
      "hasContent" : false
    } ],
    "attachments" : [ ],
    "parameters" : [ ],
    "stepsCount" : 1,
    "attachmentsCount" : 0,
    "shouldDisplayMessage" : false,
    "hasContent" : true
  }, {
    "name" : "image",
    "time" : {
      "start" : 1618399181192,
      "stop" : 1618399185052,
      "duration" : 3860
    },
    "status" : "passed",
    "steps" : [ {
      "name" : "Run container: app:refs_pull_6_merge",
      "time" : {
        "start" : 1618399181237,
        "stop" : 1618399181749,
        "duration" : 512
      },
      "status" : "passed",
      "steps" : [ ],
      "attachments" : [ ],
      "parameters" : [ ],
      "stepsCount" : 0,
      "attachmentsCount" : 0,
      "shouldDisplayMessage" : false,
      "hasContent" : false
    } ],
    "attachments" : [ ],
    "parameters" : [ ],
    "stepsCount" : 1,
    "attachmentsCount" : 0,
    "shouldDisplayMessage" : false,
    "hasContent" : true
  }, {
    "name" : "cmd_opts",
    "time" : {
      "start" : 1618399181191,
      "stop" : 1618399181192,
      "duration" : 1
    },
    "status" : "passed",
    "steps" : [ ],
    "attachments" : [ ],
    "parameters" : [ ],
    "stepsCount" : 0,
    "attachmentsCount" : 0,
    "shouldDisplayMessage" : false,
    "hasContent" : false
  }, {
    "name" : "prepare_data",
    "time" : {
      "start" : 1618399192554,
      "stop" : 1618399192700,
      "duration" : 146
    },
    "status" : "failed",
    "statusMessage" : "AssertionError: Expecting status code 201 but got 500\n",
    "statusTrace" : "  File \"/opt/hostedtoolcache/Python/3.9.4/x64/lib/python3.9/site-packages/pluggy/callers.py\", line 187, in _multicall\n    res = hook_impl.function(*args)\n  File \"/opt/hostedtoolcache/Python/3.9.4/x64/lib/python3.9/site-packages/_pytest/fixtures.py\", line 1126, in pytest_fixture_setup\n    result = call_fixture_func(fixturefunc, request, kwargs)\n  File \"/opt/hostedtoolcache/Python/3.9.4/x64/lib/python3.9/site-packages/_pytest/fixtures.py\", line 932, in call_fixture_func\n    fixture_result = fixturefunc(**kwargs)\n  File \"/home/runner/work/truly_automated_tests/truly_automated_tests/tests/api/test_methods.py\", line 22, in prepare_data\n    request_data = DbFiller(app=app_fs).generate_valid_request_data(\n  File \"/opt/hostedtoolcache/Python/3.9.4/x64/lib/python3.9/site-packages/allure_commons/_allure.py\", line 172, in impl\n    return func(*a, **kw)\n  File \"/home/runner/work/truly_automated_tests/truly_automated_tests/tests/test_data/db_filler.py\", line 54, in generate_valid_request_data\n    object_id=self._get_or_create_data_for_endpoint(endpoint=endpoint)[0][\"id\"],\n  File \"/home/runner/work/truly_automated_tests/truly_automated_tests/tests/test_data/db_filler.py\", line 88, in _get_or_create_data_for_endpoint\n    response = self.app.exec_request(\n  File \"/home/runner/work/truly_automated_tests/truly_automated_tests/tests/utils/api_objects.py\", line 72, in exec_request\n    status_code_should_be(\n  File \"/opt/hostedtoolcache/Python/3.9.4/x64/lib/python3.9/site-packages/allure_commons/_allure.py\", line 172, in impl\n    return func(*a, **kw)\n  File \"/home/runner/work/truly_automated_tests/truly_automated_tests/tests/steps/asserts.py\", line 16, in status_code_should_be\n    assert (\n",
    "steps" : [ {
      "name" : "Generate valid request data",
      "time" : {
        "start" : 1618399192554,
        "stop" : 1618399192699,
        "duration" : 145
      },
      "status" : "failed",
      "statusMessage" : "AssertionError: Expecting status code 201 but got 500\n",
      "statusTrace" : "  File \"/opt/hostedtoolcache/Python/3.9.4/x64/lib/python3.9/site-packages/allure_commons/_allure.py\", line 172, in impl\n    return func(*a, **kw)\n  File \"/home/runner/work/truly_automated_tests/truly_automated_tests/tests/test_data/db_filler.py\", line 54, in generate_valid_request_data\n    object_id=self._get_or_create_data_for_endpoint(endpoint=endpoint)[0][\"id\"],\n  File \"/home/runner/work/truly_automated_tests/truly_automated_tests/tests/test_data/db_filler.py\", line 88, in _get_or_create_data_for_endpoint\n    response = self.app.exec_request(\n  File \"/home/runner/work/truly_automated_tests/truly_automated_tests/tests/utils/api_objects.py\", line 72, in exec_request\n    status_code_should_be(\n  File \"/opt/hostedtoolcache/Python/3.9.4/x64/lib/python3.9/site-packages/allure_commons/_allure.py\", line 172, in impl\n    return func(*a, **kw)\n  File \"/home/runner/work/truly_automated_tests/truly_automated_tests/tests/steps/asserts.py\", line 16, in status_code_should_be\n    assert (\n",
      "steps" : [ {
        "name" : "Send LIST /file-system/",
        "time" : {
          "start" : 1618399192554,
          "stop" : 1618399192604,
          "duration" : 50
        },
        "status" : "passed",
        "steps" : [ {
          "name" : "Response status code should be equal <HTTPStatus.OK: 200>",
          "time" : {
            "start" : 1618399192604,
            "stop" : 1618399192604,
            "duration" : 0
          },
          "status" : "passed",
          "steps" : [ ],
          "attachments" : [ ],
          "parameters" : [ {
            "name" : "response",
            "value" : "<Response [200]>"
          }, {
            "name" : "status_code",
            "value" : "<HTTPStatus.OK: 200>"
          } ],
          "stepsCount" : 0,
          "attachmentsCount" : 0,
          "shouldDisplayMessage" : false,
          "hasContent" : true
        } ],
        "attachments" : [ {
          "uid" : "b5710fa796a54d83",
          "name" : "Full request log",
          "source" : "b5710fa796a54d83.txt",
          "type" : "text/plain",
          "size" : 508
        } ],
        "parameters" : [ ],
        "stepsCount" : 1,
        "attachmentsCount" : 1,
        "shouldDisplayMessage" : false,
        "hasContent" : true
      }, {
        "name" : "Send LIST /fs-type/",
        "time" : {
          "start" : 1618399192604,
          "stop" : 1618399192649,
          "duration" : 45
        },
        "status" : "passed",
        "steps" : [ {
          "name" : "Response status code should be equal <HTTPStatus.OK: 200>",
          "time" : {
            "start" : 1618399192648,
            "stop" : 1618399192649,
            "duration" : 1
          },
          "status" : "passed",
          "steps" : [ ],
          "attachments" : [ ],
          "parameters" : [ {
            "name" : "response",
            "value" : "<Response [200]>"
          }, {
            "name" : "status_code",
            "value" : "<HTTPStatus.OK: 200>"
          } ],
          "stepsCount" : 0,
          "attachmentsCount" : 0,
          "shouldDisplayMessage" : false,
          "hasContent" : true
        } ],
        "attachments" : [ {
          "uid" : "130ae14e12577e78",
          "name" : "Full request log",
          "source" : "130ae14e12577e78.txt",
          "type" : "text/plain",
          "size" : 558
        } ],
        "parameters" : [ ],
        "stepsCount" : 1,
        "attachmentsCount" : 1,
        "shouldDisplayMessage" : false,
        "hasContent" : true
      }, {
        "name" : "Send POST /file-system/",
        "time" : {
          "start" : 1618399192649,
          "stop" : 1618399192699,
          "duration" : 50
        },
        "status" : "failed",
        "statusMessage" : "AssertionError: Expecting status code 201 but got 500\n",
        "statusTrace" : "  File \"/home/runner/work/truly_automated_tests/truly_automated_tests/tests/utils/api_objects.py\", line 72, in exec_request\n    status_code_should_be(\n  File \"/opt/hostedtoolcache/Python/3.9.4/x64/lib/python3.9/site-packages/allure_commons/_allure.py\", line 172, in impl\n    return func(*a, **kw)\n  File \"/home/runner/work/truly_automated_tests/truly_automated_tests/tests/steps/asserts.py\", line 16, in status_code_should_be\n    assert (\n",
        "steps" : [ {
          "name" : "Response status code should be equal <HTTPStatus.CREATED: 201>",
          "time" : {
            "start" : 1618399192699,
            "stop" : 1618399192699,
            "duration" : 0
          },
          "status" : "failed",
          "statusMessage" : "AssertionError: Expecting status code 201 but got 500\n",
          "statusTrace" : "  File \"/opt/hostedtoolcache/Python/3.9.4/x64/lib/python3.9/site-packages/allure_commons/_allure.py\", line 172, in impl\n    return func(*a, **kw)\n  File \"/home/runner/work/truly_automated_tests/truly_automated_tests/tests/steps/asserts.py\", line 16, in status_code_should_be\n    assert (\n",
          "steps" : [ ],
          "attachments" : [ ],
          "parameters" : [ {
            "name" : "response",
            "value" : "<Response [500]>"
          }, {
            "name" : "status_code",
            "value" : "<HTTPStatus.CREATED: 201>"
          } ],
          "stepsCount" : 0,
          "attachmentsCount" : 0,
          "shouldDisplayMessage" : true,
          "hasContent" : true
        } ],
        "attachments" : [ {
          "uid" : "8371c6e6b441410e",
          "name" : "Full request log",
          "source" : "8371c6e6b441410e.txt",
          "type" : "text/html",
          "size" : 1709
        } ],
        "parameters" : [ ],
        "stepsCount" : 1,
        "attachmentsCount" : 1,
        "shouldDisplayMessage" : false,
        "hasContent" : true
      } ],
      "attachments" : [ ],
      "parameters" : [ {
        "name" : "endpoint",
        "value" : "<Endpoints.FileSystem: Endpoint(path='file-system', methods=[<Methods.GET: Method(function=<function get at 0x7fb372f98a60>, url_template='/{name}/{id}/', default_success_code=<HTTPStatus.OK: 200>)>, <Methods.LIST: Method(function=<function get at 0x7fb372f98a60>, url_template='/{name}/', default_success_code=<HTTPStatus.OK: 200>)>, <Methods.POST: Method(function=<function post at 0x7fb372f98c10>, url_template='/{name}/', default_success_code=<HTTPStatus.CREATED: 201>)>], data_class=<class 'tests.utils.data_classes.FileSystemFields'>)>"
      }, {
        "name" : "method",
        "value" : "<Methods.GET: Method(function=<function get at 0x7fb372f98a60>, url_template='/{name}/{id}/', default_success_code=<HTTPStatus.OK: 200>)>"
      } ],
      "stepsCount" : 6,
      "attachmentsCount" : 3,
      "shouldDisplayMessage" : false,
      "hasContent" : true
    } ],
    "attachments" : [ ],
    "parameters" : [ ],
    "stepsCount" : 7,
    "attachmentsCount" : 3,
    "shouldDisplayMessage" : false,
    "hasContent" : true
  } ],
  "afterStages" : [ {
    "name" : "app_fs::fin",
    "time" : {
      "start" : 1618399192755,
      "stop" : 1618399193172,
      "duration" : 417
    },
    "status" : "passed",
    "steps" : [ {
      "name" : "Gather /var/www/html/storage/app/ from APP container: e06187d76057c40215bd7fe17f82e63e5b949a893e43b48b1d103ae0c02c467f",
      "time" : {
        "start" : 1618399192755,
        "stop" : 1618399192855,
        "duration" : 100
      },
      "status" : "passed",
      "steps" : [ ],
      "attachments" : [ {
        "uid" : "5183cd58e94a17f0",
        "name" : "test_methods[file-system_GET_positive]_1618399192.7546234.tgz",
        "source" : "5183cd58e94a17f0.tgz",
        "type" : "application/gzip",
        "size" : 2851
      } ],
      "parameters" : [ ],
      "stepsCount" : 0,
      "attachmentsCount" : 1,
      "shouldDisplayMessage" : false,
      "hasContent" : true
    } ],
    "attachments" : [ ],
    "parameters" : [ ],
    "stepsCount" : 1,
    "attachmentsCount" : 1,
    "shouldDisplayMessage" : false,
    "hasContent" : true
  }, {
    "name" : "image::fin",
    "time" : {
      "start" : 1618399239226,
      "stop" : 1618399239238,
      "duration" : 12
    },
    "status" : "passed",
    "steps" : [ ],
    "attachments" : [ ],
    "parameters" : [ ],
    "stepsCount" : 0,
    "attachmentsCount" : 0,
    "shouldDisplayMessage" : false,
    "hasContent" : false
  } ],
  "labels" : [ {
    "name" : "suite",
    "value" : "Allowed methods tests"
  }, {
    "name" : "parentSuite",
    "value" : "API"
  }, {
    "name" : "tag",
    "value" : "positive"
  }, {
    "name" : "host",
    "value" : "fv-az246-357"
  }, {
    "name" : "thread",
    "value" : "4882-MainThread"
  }, {
    "name" : "framework",
    "value" : "pytest"
  }, {
    "name" : "language",
    "value" : "cpython3"
  }, {
    "name" : "package",
    "value" : "api.test_methods"
  }, {
    "name" : "resultFormat",
    "value" : "allure2"
  } ],
  "parameters" : [ {
    "name" : "prepare_data",
    "value" : "[GET file-system and expect 200 status code. at 0x7fb372d150a0]"
  } ],
  "links" : [ ],
  "hidden" : false,
  "retry" : false,
  "extra" : {
    "severity" : "normal",
    "retries" : [ ],
    "categories" : [ {
      "name" : "Product defects",
      "matchedStatuses" : [ ],
      "flaky" : false
    } ],
    "history" : {
      "statistic" : {
        "failed" : 3,
        "broken" : 0,
        "skipped" : 0,
        "passed" : 0,
        "unknown" : 0,
        "total" : 3
      },
      "items" : [ {
        "uid" : "261d4f30de14b44c",
        "reportUrl" : "https://arenadata.github.io/truly_automated_tests/33//#testresult/261d4f30de14b44c",
        "status" : "failed",
        "statusDetails" : "AssertionError: Expecting status code 201 but got 500",
        "time" : {
          "start" : 1618397044474,
          "stop" : 1618397044474,
          "duration" : 0
        }
      }, {
        "uid" : "500a3b225c80b1a0",
        "reportUrl" : "https://arenadata.github.io/truly_automated_tests/31//#testresult/500a3b225c80b1a0",
        "status" : "failed",
        "statusDetails" : "AssertionError: Expecting status code 201 but got 422",
        "time" : {
          "start" : 1618389393322,
          "stop" : 1618389393322,
          "duration" : 0
        }
      } ]
    },
    "tags" : [ "positive" ]
  },
  "source" : "f53679e0cd3090fa.json",
  "parameterValues" : [ "[GET file-system and expect 200 status code. at 0x7fb372d150a0]" ]
}