{
  "uid" : "3d5e700829d4bd6b",
  "name" : "test_post_body_positive[file-system_POST_positive_All fields with special valid values1]",
  "fullName" : "api.test_request_body.test_post#test_post_body_positive",
  "historyId" : "fe9d0582eae95bb8d34a2c48618dd44d",
  "time" : {
    "start" : 1618295181998,
    "stop" : 1618295182050,
    "duration" : 52
  },
  "description" : "\n    Positive cases of request body testing\n    Includes sets of correct field values - boundary values, nullable and required if possible.\n    ",
  "descriptionHtml" : "<pre><code>Positive cases of request body testing\nIncludes sets of correct field values - boundary values, nullable and required if possible.\n</code></pre>\n",
  "status" : "failed",
  "statusMessage" : "AssertionError: Expecting status code 201 but got 422",
  "statusTrace" : "prepare_post_body_data = (<tests.utils.api_objects.APPApi object at 0x7fac4fc16ac0>, [POST file-system and expect 201 status code. at 0x7fac4fd5a520])\n\n    @pytest.mark.parametrize(\n        \"prepare_post_body_data\", get_positive_data_for_post_body_check(), indirect=True\n    )\n    def test_post_body_positive(prepare_post_body_data):\n        \"\"\"\n        Positive cases of request body testing\n        Includes sets of correct field values - boundary values, nullable and required if possible.\n        \"\"\"\n        app, test_data_list = prepare_post_body_data\n        for test_data in test_data_list:\n            with allure.step(f\"Assert - {test_data.description}\"):\n>               app.exec_request(\n                    request=test_data.request, expected_response=test_data.response\n                )\n\ntests/api/test_request_body/test_post.py:69: \n_ _ _ _ _ _ _ _ _ _ _ _ _ _ _ _ _ _ _ _ _ _ _ _ _ _ _ _ _ _ _ _ _ _ _ _ _ _ _ _ \ntests/utils/api_objects.py:72: in exec_request\n    status_code_should_be(\n_ _ _ _ _ _ _ _ _ _ _ _ _ _ _ _ _ _ _ _ _ _ _ _ _ _ _ _ _ _ _ _ _ _ _ _ _ _ _ _ \n\nresponse = <Response [422]>, status_code = <HTTPStatus.CREATED: 201>\n\n    @allure.step(\"Response status code should be equal {status_code}\")\n    def status_code_should_be(response: Response, status_code=HTTPStatus.OK):\n        \"\"\"Assert response status code\"\"\"\n>       assert (\n            response.status_code == status_code\n        ), f\"Expecting status code {status_code} but got {response.status_code}\"\nE       AssertionError: Expecting status code 201 but got 422\n\ntests/steps/asserts.py:16: AssertionError",
  "flaky" : false,
  "newFailed" : false,
  "beforeStages" : [ {
    "name" : "image",
    "time" : {
      "start" : 1618295160427,
      "stop" : 1618295164188,
      "duration" : 3761
    },
    "status" : "passed",
    "steps" : [ {
      "name" : "Run container: app:refs_pull_6_merge",
      "time" : {
        "start" : 1618295160469,
        "stop" : 1618295161009,
        "duration" : 540
      },
      "status" : "passed",
      "steps" : [ ],
      "attachments" : [ ],
      "parameters" : [ ],
      "stepsCount" : 0,
      "attachmentsCount" : 0,
      "shouldDisplayMessage" : false,
      "hasContent" : false
    } ],
    "attachments" : [ ],
    "parameters" : [ ],
    "stepsCount" : 1,
    "attachmentsCount" : 0,
    "shouldDisplayMessage" : false,
    "hasContent" : true
  }, {
    "name" : "prepare_post_body_data",
    "time" : {
      "start" : 1618295181996,
      "stop" : 1618295181997,
      "duration" : 1
    },
    "status" : "passed",
    "steps" : [ {
      "name" : "Generate valid request data",
      "time" : {
        "start" : 1618295181997,
        "stop" : 1618295181997,
        "duration" : 0
      },
      "status" : "passed",
      "steps" : [ ],
      "attachments" : [ ],
      "parameters" : [ {
        "name" : "endpoint",
        "value" : "<Endpoints.FileSystem: Endpoint(path='file-system', methods=[<Methods.GET: Method(function=<function get at 0x7fac4ffe5a60>, url_template='/{name}/{id}/', default_success_code=<HTTPStatus.OK: 200>)>, <Methods.LIST: Method(function=<function get at 0x7fac4ffe5a60>, url_template='/{name}/', default_success_code=<HTTPStatus.OK: 200>)>, <Methods.POST: Method(function=<function post at 0x7fac4ffe5c10>, url_template='/{name}/', default_success_code=<HTTPStatus.CREATED: 201>)>], data_class=<class 'tests.utils.data_classes.FileSystemFields'>)>"
      }, {
        "name" : "method",
        "value" : "<Methods.POST: Method(function=<function post at 0x7fac4ffe5c10>, url_template='/{name}/', default_success_code=<HTTPStatus.CREATED: 201>)>"
      } ],
      "stepsCount" : 0,
      "attachmentsCount" : 0,
      "shouldDisplayMessage" : false,
      "hasContent" : true
    } ],
    "attachments" : [ ],
    "parameters" : [ ],
    "stepsCount" : 1,
    "attachmentsCount" : 0,
    "shouldDisplayMessage" : false,
    "hasContent" : true
  }, {
    "name" : "cmd_opts",
    "time" : {
      "start" : 1618295160427,
      "stop" : 1618295160427,
      "duration" : 0
    },
    "status" : "passed",
    "steps" : [ ],
    "attachments" : [ ],
    "parameters" : [ ],
    "stepsCount" : 0,
    "attachmentsCount" : 0,
    "shouldDisplayMessage" : false,
    "hasContent" : false
  }, {
    "name" : "app_fs",
    "time" : {
      "start" : 1618295180470,
      "stop" : 1618295181996,
      "duration" : 1526
    },
    "status" : "passed",
    "steps" : [ {
      "name" : "Run container: local/app:EOOZvJZePs",
      "time" : {
        "start" : 1618295180485,
        "stop" : 1618295180948,
        "duration" : 463
      },
      "status" : "passed",
      "steps" : [ ],
      "attachments" : [ ],
      "parameters" : [ ],
      "stepsCount" : 0,
      "attachmentsCount" : 0,
      "shouldDisplayMessage" : false,
      "hasContent" : false
    } ],
    "attachments" : [ ],
    "parameters" : [ ],
    "stepsCount" : 1,
    "attachmentsCount" : 0,
    "shouldDisplayMessage" : false,
    "hasContent" : true
  } ],
  "testStage" : {
    "description" : "\n    Positive cases of request body testing\n    Includes sets of correct field values - boundary values, nullable and required if possible.\n    ",
    "status" : "failed",
    "statusMessage" : "AssertionError: Expecting status code 201 but got 422",
    "statusTrace" : "prepare_post_body_data = (<tests.utils.api_objects.APPApi object at 0x7fac4fc16ac0>, [POST file-system and expect 201 status code. at 0x7fac4fd5a520])\n\n    @pytest.mark.parametrize(\n        \"prepare_post_body_data\", get_positive_data_for_post_body_check(), indirect=True\n    )\n    def test_post_body_positive(prepare_post_body_data):\n        \"\"\"\n        Positive cases of request body testing\n        Includes sets of correct field values - boundary values, nullable and required if possible.\n        \"\"\"\n        app, test_data_list = prepare_post_body_data\n        for test_data in test_data_list:\n            with allure.step(f\"Assert - {test_data.description}\"):\n>               app.exec_request(\n                    request=test_data.request, expected_response=test_data.response\n                )\n\ntests/api/test_request_body/test_post.py:69: \n_ _ _ _ _ _ _ _ _ _ _ _ _ _ _ _ _ _ _ _ _ _ _ _ _ _ _ _ _ _ _ _ _ _ _ _ _ _ _ _ \ntests/utils/api_objects.py:72: in exec_request\n    status_code_should_be(\n_ _ _ _ _ _ _ _ _ _ _ _ _ _ _ _ _ _ _ _ _ _ _ _ _ _ _ _ _ _ _ _ _ _ _ _ _ _ _ _ \n\nresponse = <Response [422]>, status_code = <HTTPStatus.CREATED: 201>\n\n    @allure.step(\"Response status code should be equal {status_code}\")\n    def status_code_should_be(response: Response, status_code=HTTPStatus.OK):\n        \"\"\"Assert response status code\"\"\"\n>       assert (\n            response.status_code == status_code\n        ), f\"Expecting status code {status_code} but got {response.status_code}\"\nE       AssertionError: Expecting status code 201 but got 422\n\ntests/steps/asserts.py:16: AssertionError",
    "steps" : [ {
      "name" : "Assert - All fields without body checks - Generated value: description, name",
      "time" : {
        "start" : 1618295181998,
        "stop" : 1618295182049,
        "duration" : 51
      },
      "status" : "failed",
      "statusMessage" : "AssertionError: Expecting status code 201 but got 422\n",
      "statusTrace" : "  File \"/home/runner/work/truly_automated_tests/truly_automated_tests/tests/api/test_request_body/test_post.py\", line 69, in test_post_body_positive\n    app.exec_request(\n  File \"/home/runner/work/truly_automated_tests/truly_automated_tests/tests/utils/api_objects.py\", line 72, in exec_request\n    status_code_should_be(\n  File \"/opt/hostedtoolcache/Python/3.9.4/x64/lib/python3.9/site-packages/allure_commons/_allure.py\", line 172, in impl\n    return func(*a, **kw)\n  File \"/home/runner/work/truly_automated_tests/truly_automated_tests/tests/steps/asserts.py\", line 16, in status_code_should_be\n    assert (\n",
      "steps" : [ {
        "name" : "Send POST /file-system/",
        "time" : {
          "start" : 1618295181999,
          "stop" : 1618295182049,
          "duration" : 50
        },
        "status" : "failed",
        "statusMessage" : "AssertionError: Expecting status code 201 but got 422\n",
        "statusTrace" : "  File \"/home/runner/work/truly_automated_tests/truly_automated_tests/tests/utils/api_objects.py\", line 72, in exec_request\n    status_code_should_be(\n  File \"/opt/hostedtoolcache/Python/3.9.4/x64/lib/python3.9/site-packages/allure_commons/_allure.py\", line 172, in impl\n    return func(*a, **kw)\n  File \"/home/runner/work/truly_automated_tests/truly_automated_tests/tests/steps/asserts.py\", line 16, in status_code_should_be\n    assert (\n",
        "steps" : [ {
          "name" : "Response status code should be equal <HTTPStatus.CREATED: 201>",
          "time" : {
            "start" : 1618295182049,
            "stop" : 1618295182049,
            "duration" : 0
          },
          "status" : "failed",
          "statusMessage" : "AssertionError: Expecting status code 201 but got 422\n",
          "statusTrace" : "  File \"/opt/hostedtoolcache/Python/3.9.4/x64/lib/python3.9/site-packages/allure_commons/_allure.py\", line 172, in impl\n    return func(*a, **kw)\n  File \"/home/runner/work/truly_automated_tests/truly_automated_tests/tests/steps/asserts.py\", line 16, in status_code_should_be\n    assert (\n",
          "steps" : [ ],
          "attachments" : [ ],
          "parameters" : [ {
            "name" : "response",
            "value" : "<Response [422]>"
          }, {
            "name" : "status_code",
            "value" : "<HTTPStatus.CREATED: 201>"
          } ],
          "stepsCount" : 0,
          "attachmentsCount" : 0,
          "shouldDisplayMessage" : true,
          "hasContent" : true
        } ],
        "attachments" : [ {
          "uid" : "e25fdbe0d1840f90",
          "name" : "Full request log",
          "source" : "e25fdbe0d1840f90.txt",
          "type" : "text/plain",
          "size" : 758
        } ],
        "parameters" : [ ],
        "stepsCount" : 1,
        "attachmentsCount" : 1,
        "shouldDisplayMessage" : false,
        "hasContent" : true
      } ],
      "attachments" : [ ],
      "parameters" : [ ],
      "stepsCount" : 2,
      "attachmentsCount" : 1,
      "shouldDisplayMessage" : false,
      "hasContent" : true
    } ],
    "attachments" : [ ],
    "parameters" : [ ],
    "stepsCount" : 3,
    "attachmentsCount" : 1,
    "shouldDisplayMessage" : true,
    "hasContent" : true
  },
  "afterStages" : [ {
    "name" : "image::fin",
    "time" : {
      "start" : 1618295199480,
      "stop" : 1618295199492,
      "duration" : 12
    },
    "status" : "passed",
    "steps" : [ ],
    "attachments" : [ ],
    "parameters" : [ ],
    "stepsCount" : 0,
    "attachmentsCount" : 0,
    "shouldDisplayMessage" : false,
    "hasContent" : false
  }, {
    "name" : "app_fs::fin",
    "time" : {
      "start" : 1618295182057,
      "stop" : 1618295182338,
      "duration" : 281
    },
    "status" : "passed",
    "steps" : [ {
      "name" : "Gather /var/www/html/storage/app/ from APP container: 645a52ff65b5ee7c5968d2f3ffd3c2a97b9750f050a997ecb80e23a9d657352f",
      "time" : {
        "start" : 1618295182058,
        "stop" : 1618295182119,
        "duration" : 61
      },
      "status" : "passed",
      "steps" : [ ],
      "attachments" : [ {
        "uid" : "9193180f8cd51f22",
        "name" : "test_post_body_positive[file-system_POST_positive_All fields with special valid values1]_1618295182.0575237.tgz",
        "source" : "9193180f8cd51f22.tgz",
        "type" : "application/gzip",
        "size" : 1102
      } ],
      "parameters" : [ ],
      "stepsCount" : 0,
      "attachmentsCount" : 1,
      "shouldDisplayMessage" : false,
      "hasContent" : true
    } ],
    "attachments" : [ ],
    "parameters" : [ ],
    "stepsCount" : 1,
    "attachmentsCount" : 1,
    "shouldDisplayMessage" : false,
    "hasContent" : true
  } ],
  "labels" : [ {
    "name" : "suite",
    "value" : "Body tests"
  }, {
    "name" : "parentSuite",
    "value" : "API"
  }, {
    "name" : "subSuite",
    "value" : "POST"
  }, {
    "name" : "tag",
    "value" : "positive"
  }, {
    "name" : "host",
    "value" : "fv-az178-863"
  }, {
    "name" : "thread",
    "value" : "5031-MainThread"
  }, {
    "name" : "framework",
    "value" : "pytest"
  }, {
    "name" : "language",
    "value" : "cpython3"
  }, {
    "name" : "package",
    "value" : "api.test_request_body.test_post"
  }, {
    "name" : "resultFormat",
    "value" : "allure2"
  } ],
  "parameters" : [ {
    "name" : "prepare_post_body_data",
    "value" : "[TestDataWithPreparedBody(test_data=POST file-system and expect 201 status code. at 0x7fac4fd5a520, test_body={'description': PreparedFieldValue(value=None, generated_value=True, error_messages=None, f_type=Text(_sp_vals_positive=None, _sp_vals_negative=[PreparedFieldValue(value='LyZTsRgTZdGOmwTiDoCRNWDILnMrAMVmxYXoBKossELLccvxskOEpLIeoGIPakVChoTbAplnHQIPxThmtOgIobNuSdgVhPevqORjkiLVSNnaNiwFJFuWsadyYEnTVEzoBkouBhJCBtgzITuZRCplMExMJYPUmUIIYVrKqkWbZjKUSKxVhnxQPXHMMvjHsxSzfAyMbnNJNVzRSzwMfDaKyescIYKZbErzTfbUFhvLbRzIJNeyOpXcwRKMrgylAmlQdfUFvmtefhJTdfqVHKLgYaeJbNTcBuaTxtnoZzXwdGbuETwDsxRAJYCuwGePCrMAxAUFCxfCSBnspUwZiYQrfrTyFdgQkcggkJsHkENAGYBximLUbcxucxYWKdJaHPeBReEIsftNoIynabjOTeqRsrQxtZTPXvQvgQYvDLEQNdtpvQlGjqBSoOygXfOPFHTZXjoAYvCmAsJVVKfnehxzGRuOkjPepMvWlfrUceavgPVrRqNKhMBkjMSKZffpoOTbtOMRryfauInwrtZaFAjDShNlLPtEdEniaMPKzoOnFnXImGoDnTUSGgulyifCqEKJFCMoTUcDJMmLsoogGqsrElrPaoLQDxeCYRFnCuUNlnzXvAvLvNgjhQppxrJblbzGkSXlYJSIKBFTgJEuRvsgOYQRhlWxcQFRosOfbityZICIckbvpbHwhpRMNpKeQsqzfyYlqeHALShVCGIOBYUOpuRoASgnXsgNxeYszrMQEWgLArHOHMUcGbyxlNqOOQtnfidAIBPOKHEUdoTiuAvwgmZYxpLuypBHxkBKNPkRGljXPUYwNkfnkyTbXMGQfwzEiMpuvhwIkAFPhVAZtvxAWqRWzkiQRrRZfjaxLCsSWiLjosKQebfWrTZhrThtwMosQemrebEOXWjBOeMgSIenKgtkrpuDzcgXkEpJFvHOcPiGGXSsvRPuToKyqAsywXMdYBvQIfnuGIBFwjDCVbWbZlUgSFuzJDmUNKLdBmiNSNRaXVLHcUMcSqwtHwrFwuLlnNFtYhgCakliAtvdpxfjJQmTKCAJBLRBDSDxqTqlkGergcIIcHjSCzjqvEvFXdTKRTlOBSfiXSNOSdcJABCdgpVgPYWyDpbojwjFewnAsAzjyoqQbsgeRtpuWtrvPtyCNxdMrzIdAZzeMNZhSkUUDRSJCbJZwGRxEKbfEnWLKaSBqFyGFhImEKkOQkSSOEPwAKBSBiLzQBCGnttQJjxBXVbfudEcqYofhpaimGjKWkHNgnRwLfdAFlzsowptoZfguffPqXphotQjROsdcievLrTItLARBGWIqfUHIqePDVBAVxCKUriThEyGlicwSVhUNqGmBEUDSZibwJruKpZWzAfXAptubNLDrdwGgvWhRilrOnYPemzOyveSqQwxxJydDmtmDyqfQyugqhLhDEtNlbYZErgabiWsHiwrGkoJuqvGwvxQGXocMJAkxYyRQcGCEcyVTkbGTxIFTwbyJfpaqTIPiywrCyEowRYKUgLKHhfAureQJppcMAQiJULefScdMbOvTmokmeitkztdxPtDEoQmCGmGPAxkiqHYTxnAWIlAYIuiKZyLaKvXLpmwHrWuykuhjWxfwkDLsMkRhDosyltkEUoHdQDPOXDSUmuXeUXcAmrAQvjQkJozoNNzrnmqaUIiQbSkGbwuYYMelTvEsbWBFbnsdEAvCEWINgZibtjCdfhcUNXjLGnNktRONXmoqnlAvLpFWheYueWUSUKNIDoISjdcjlCJFVyZyBxSaKSAAuwPnGAUmMpDgfymkGyqqTltPBKRFwtSjvRAyvYYGjiJiAbkEdDLNzVzrTYMGWmVsyAkRxsSfShOhbWDNrqolQcmWKrundeterJwEIVCHCCRmrTMwLNqETvCiHCdyiFLZQOgQArAfQrGDTLZenMakobPyuVHBWicnDFGLfBfJGLIHsgEXsvpbDpiCIvokZTKuTjSKoiUgBXXwYCNgOOULRvsoysaOddxARVtU', generated_value=False, error_messages=['The description may not be greater than 2000 characters.'], f_type=..., drop_key=False)]), drop_key=False), 'name': PreparedFieldValue(value='!@#$%^&*\\\\/{}[]', generated_value=False, error_messages=None, f_type=String(_sp_vals_positive=['s', '!@#$%^&*\\\\/{}[]', 'ywJDIbcYSQTJKSxDwnWnSVZDUQSAMzARjClYDgTUwHqyYJQpDfEVxGTkxLzRmFXAxgUhqwOYUVOvvhRWmsyVkngQbAfNHRgHypnJRijRhuHmGMiflGUEsrDGuexKxSLYfBJbCwGZAdpbCuDHZnpZByspalMWOTIqutloKgshMSxMqbiCYExKanVzcvkoZQzzKiixVUbaCGJmHXwyVBwuVytVlpILCjErHWiLNYlEBfDwIVRdtHkBUQfDdQtwMLU'], _sp_vals_negative=[PreparedFieldValue(value='jeoIZRDBZZEFgFaPhWCTVvaUaIXmBAkkiMQlLtEjFNAcxIOnVONqxdoFHoRzaGsgOfgvjZhkoKQfSHunjtFIrfExwjatszJapDMyvUrVQeNFTWHBziaGfPWLbzbVGfZiwzggxIHnFIKidrILgnayjeEYaZXCgdrUqOrYJROMYPedXyfIOyqDPeLIDaWcsUDokPjUAryHisEEtZRVhFdeHqCpfbGrCzEOkNrkrQYAGmQpExnROKDgWSubrkcFPfPA', generated_value=False, error_messages=['The name may not be greater than 255 characters.'], f_type=..., drop_key=False)]), drop_key=False)})]"
  } ],
  "links" : [ ],
  "hidden" : false,
  "retry" : false,
  "extra" : {
    "severity" : "normal",
    "retries" : [ ],
    "categories" : [ {
      "name" : "Product defects",
      "matchedStatuses" : [ ],
      "flaky" : false
    } ],
    "tags" : [ "positive" ]
  },
  "source" : "3d5e700829d4bd6b.json",
  "parameterValues" : [ "[TestDataWithPreparedBody(test_data=POST file-system and expect 201 status code. at 0x7fac4fd5a520, test_body={'description': PreparedFieldValue(value=None, generated_value=True, error_messages=None, f_type=Text(_sp_vals_positive=None, _sp_vals_negative=[PreparedFieldValue(value='LyZTsRgTZdGOmwTiDoCRNWDILnMrAMVmxYXoBKossELLccvxskOEpLIeoGIPakVChoTbAplnHQIPxThmtOgIobNuSdgVhPevqORjkiLVSNnaNiwFJFuWsadyYEnTVEzoBkouBhJCBtgzITuZRCplMExMJYPUmUIIYVrKqkWbZjKUSKxVhnxQPXHMMvjHsxSzfAyMbnNJNVzRSzwMfDaKyescIYKZbErzTfbUFhvLbRzIJNeyOpXcwRKMrgylAmlQdfUFvmtefhJTdfqVHKLgYaeJbNTcBuaTxtnoZzXwdGbuETwDsxRAJYCuwGePCrMAxAUFCxfCSBnspUwZiYQrfrTyFdgQkcggkJsHkENAGYBximLUbcxucxYWKdJaHPeBReEIsftNoIynabjOTeqRsrQxtZTPXvQvgQYvDLEQNdtpvQlGjqBSoOygXfOPFHTZXjoAYvCmAsJVVKfnehxzGRuOkjPepMvWlfrUceavgPVrRqNKhMBkjMSKZffpoOTbtOMRryfauInwrtZaFAjDShNlLPtEdEniaMPKzoOnFnXImGoDnTUSGgulyifCqEKJFCMoTUcDJMmLsoogGqsrElrPaoLQDxeCYRFnCuUNlnzXvAvLvNgjhQppxrJblbzGkSXlYJSIKBFTgJEuRvsgOYQRhlWxcQFRosOfbityZICIckbvpbHwhpRMNpKeQsqzfyYlqeHALShVCGIOBYUOpuRoASgnXsgNxeYszrMQEWgLArHOHMUcGbyxlNqOOQtnfidAIBPOKHEUdoTiuAvwgmZYxpLuypBHxkBKNPkRGljXPUYwNkfnkyTbXMGQfwzEiMpuvhwIkAFPhVAZtvxAWqRWzkiQRrRZfjaxLCsSWiLjosKQebfWrTZhrThtwMosQemrebEOXWjBOeMgSIenKgtkrpuDzcgXkEpJFvHOcPiGGXSsvRPuToKyqAsywXMdYBvQIfnuGIBFwjDCVbWbZlUgSFuzJDmUNKLdBmiNSNRaXVLHcUMcSqwtHwrFwuLlnNFtYhgCakliAtvdpxfjJQmTKCAJBLRBDSDxqTqlkGergcIIcHjSCzjqvEvFXdTKRTlOBSfiXSNOSdcJABCdgpVgPYWyDpbojwjFewnAsAzjyoqQbsgeRtpuWtrvPtyCNxdMrzIdAZzeMNZhSkUUDRSJCbJZwGRxEKbfEnWLKaSBqFyGFhImEKkOQkSSOEPwAKBSBiLzQBCGnttQJjxBXVbfudEcqYofhpaimGjKWkHNgnRwLfdAFlzsowptoZfguffPqXphotQjROsdcievLrTItLARBGWIqfUHIqePDVBAVxCKUriThEyGlicwSVhUNqGmBEUDSZibwJruKpZWzAfXAptubNLDrdwGgvWhRilrOnYPemzOyveSqQwxxJydDmtmDyqfQyugqhLhDEtNlbYZErgabiWsHiwrGkoJuqvGwvxQGXocMJAkxYyRQcGCEcyVTkbGTxIFTwbyJfpaqTIPiywrCyEowRYKUgLKHhfAureQJppcMAQiJULefScdMbOvTmokmeitkztdxPtDEoQmCGmGPAxkiqHYTxnAWIlAYIuiKZyLaKvXLpmwHrWuykuhjWxfwkDLsMkRhDosyltkEUoHdQDPOXDSUmuXeUXcAmrAQvjQkJozoNNzrnmqaUIiQbSkGbwuYYMelTvEsbWBFbnsdEAvCEWINgZibtjCdfhcUNXjLGnNktRONXmoqnlAvLpFWheYueWUSUKNIDoISjdcjlCJFVyZyBxSaKSAAuwPnGAUmMpDgfymkGyqqTltPBKRFwtSjvRAyvYYGjiJiAbkEdDLNzVzrTYMGWmVsyAkRxsSfShOhbWDNrqolQcmWKrundeterJwEIVCHCCRmrTMwLNqETvCiHCdyiFLZQOgQArAfQrGDTLZenMakobPyuVHBWicnDFGLfBfJGLIHsgEXsvpbDpiCIvokZTKuTjSKoiUgBXXwYCNgOOULRvsoysaOddxARVtU', generated_value=False, error_messages=['The description may not be greater than 2000 characters.'], f_type=..., drop_key=False)]), drop_key=False), 'name': PreparedFieldValue(value='!@#$%^&*\\\\/{}[]', generated_value=False, error_messages=None, f_type=String(_sp_vals_positive=['s', '!@#$%^&*\\\\/{}[]', 'ywJDIbcYSQTJKSxDwnWnSVZDUQSAMzARjClYDgTUwHqyYJQpDfEVxGTkxLzRmFXAxgUhqwOYUVOvvhRWmsyVkngQbAfNHRgHypnJRijRhuHmGMiflGUEsrDGuexKxSLYfBJbCwGZAdpbCuDHZnpZByspalMWOTIqutloKgshMSxMqbiCYExKanVzcvkoZQzzKiixVUbaCGJmHXwyVBwuVytVlpILCjErHWiLNYlEBfDwIVRdtHkBUQfDdQtwMLU'], _sp_vals_negative=[PreparedFieldValue(value='jeoIZRDBZZEFgFaPhWCTVvaUaIXmBAkkiMQlLtEjFNAcxIOnVONqxdoFHoRzaGsgOfgvjZhkoKQfSHunjtFIrfExwjatszJapDMyvUrVQeNFTWHBziaGfPWLbzbVGfZiwzggxIHnFIKidrILgnayjeEYaZXCgdrUqOrYJROMYPedXyfIOyqDPeLIDaWcsUDokPjUAryHisEEtZRVhFdeHqCpfbGrCzEOkNrkrQYAGmQpExnROKDgWSubrkcFPfPA', generated_value=False, error_messages=['The name may not be greater than 255 characters.'], f_type=..., drop_key=False)]), drop_key=False)})]" ]
}