{
  "uid" : "4df2017d255d2b72",
  "name" : "test_methods[connection_LIST_positive]",
  "fullName" : "api.test_methods#test_methods",
  "historyId" : "6726ea74f1f8f3c7ba0a8d7807cd42ef",
  "time" : {
    "start" : 1618295170520,
    "stop" : 1618295170520,
    "duration" : 0
  },
  "description" : "\n    Test allowed methods\n    Generate request and response pairs depending on allowed and not allowed methods\n    for all api endpoints\n    ",
  "descriptionHtml" : "<pre><code>Test allowed methods\nGenerate request and response pairs depending on allowed and not allowed methods\nfor all api endpoints\n</code></pre>\n",
  "status" : "failed",
  "statusMessage" : "AssertionError: Expecting status code 201 but got 422",
  "statusTrace" : "request = <SubRequest 'prepare_data' for <Function test_methods[connection_LIST_positive]>>\napp_fs = <tests.utils.api_objects.APPApi object at 0x7f346067acd0>\n\n    @pytest.fixture(params=get_data_for_methods_check())\n    def prepare_data(request, app_fs):\n        \"\"\"\n        Generate request body here since it depends on actual APP instance\n        and can't be determined when generating\n        \"\"\"\n        test_data_list: List[TestData] = request.param\n        for test_data in test_data_list:\n>           request_data = DbFiller(app=app_fs).generate_valid_request_data(\n                endpoint=test_data.request.endpoint, method=test_data.request.method\n            )\n\ntests/api/test_methods.py:22: \n_ _ _ _ _ _ _ _ _ _ _ _ _ _ _ _ _ _ _ _ _ _ _ _ _ _ _ _ _ _ _ _ _ _ _ _ _ _ _ _ \ntests/test_data/db_filler.py:48: in generate_valid_request_data\n    self._get_or_create_multiple_data_for_endpoint(endpoint=endpoint, count=3)\ntests/test_data/db_filler.py:138: in _get_or_create_multiple_data_for_endpoint\n    self._get_or_create_data_for_endpoint(\ntests/test_data/db_filler.py:80: in _get_or_create_data_for_endpoint\n    data = self._prepare_data_for_object_creation(endpoint=endpoint, force=force)\ntests/test_data/db_filler.py:108: in _prepare_data_for_object_creation\n    fk_data = self._get_or_create_data_for_endpoint(\ntests/test_data/db_filler.py:88: in _get_or_create_data_for_endpoint\n    response = self.app.exec_request(\ntests/utils/api_objects.py:72: in exec_request\n    status_code_should_be(\n_ _ _ _ _ _ _ _ _ _ _ _ _ _ _ _ _ _ _ _ _ _ _ _ _ _ _ _ _ _ _ _ _ _ _ _ _ _ _ _ \n\nresponse = <Response [422]>, status_code = <HTTPStatus.CREATED: 201>\n\n    @allure.step(\"Response status code should be equal {status_code}\")\n    def status_code_should_be(response: Response, status_code=HTTPStatus.OK):\n        \"\"\"Assert response status code\"\"\"\n>       assert (\n            response.status_code == status_code\n        ), f\"Expecting status code {status_code} but got {response.status_code}\"\nE       AssertionError: Expecting status code 201 but got 422\n\ntests/steps/asserts.py:16: AssertionError",
  "flaky" : false,
  "newFailed" : false,
  "beforeStages" : [ {
    "name" : "prepare_data",
    "time" : {
      "start" : 1618295172134,
      "stop" : 1618295172300,
      "duration" : 166
    },
    "status" : "failed",
    "statusMessage" : "AssertionError: Expecting status code 201 but got 422\n",
    "statusTrace" : "  File \"/opt/hostedtoolcache/Python/3.9.4/x64/lib/python3.9/site-packages/pluggy/callers.py\", line 187, in _multicall\n    res = hook_impl.function(*args)\n  File \"/opt/hostedtoolcache/Python/3.9.4/x64/lib/python3.9/site-packages/_pytest/fixtures.py\", line 1126, in pytest_fixture_setup\n    result = call_fixture_func(fixturefunc, request, kwargs)\n  File \"/opt/hostedtoolcache/Python/3.9.4/x64/lib/python3.9/site-packages/_pytest/fixtures.py\", line 932, in call_fixture_func\n    fixture_result = fixturefunc(**kwargs)\n  File \"/home/runner/work/truly_automated_tests/truly_automated_tests/tests/api/test_methods.py\", line 22, in prepare_data\n    request_data = DbFiller(app=app_fs).generate_valid_request_data(\n  File \"/opt/hostedtoolcache/Python/3.9.4/x64/lib/python3.9/site-packages/allure_commons/_allure.py\", line 172, in impl\n    return func(*a, **kw)\n  File \"/home/runner/work/truly_automated_tests/truly_automated_tests/tests/test_data/db_filler.py\", line 48, in generate_valid_request_data\n    self._get_or_create_multiple_data_for_endpoint(endpoint=endpoint, count=3)\n  File \"/home/runner/work/truly_automated_tests/truly_automated_tests/tests/test_data/db_filler.py\", line 138, in _get_or_create_multiple_data_for_endpoint\n    self._get_or_create_data_for_endpoint(\n  File \"/home/runner/work/truly_automated_tests/truly_automated_tests/tests/test_data/db_filler.py\", line 80, in _get_or_create_data_for_endpoint\n    data = self._prepare_data_for_object_creation(endpoint=endpoint, force=force)\n  File \"/home/runner/work/truly_automated_tests/truly_automated_tests/tests/test_data/db_filler.py\", line 108, in _prepare_data_for_object_creation\n    fk_data = self._get_or_create_data_for_endpoint(\n  File \"/home/runner/work/truly_automated_tests/truly_automated_tests/tests/test_data/db_filler.py\", line 88, in _get_or_create_data_for_endpoint\n    response = self.app.exec_request(\n  File \"/home/runner/work/truly_automated_tests/truly_automated_tests/tests/utils/api_objects.py\", line 72, in exec_request\n    status_code_should_be(\n  File \"/opt/hostedtoolcache/Python/3.9.4/x64/lib/python3.9/site-packages/allure_commons/_allure.py\", line 172, in impl\n    return func(*a, **kw)\n  File \"/home/runner/work/truly_automated_tests/truly_automated_tests/tests/steps/asserts.py\", line 16, in status_code_should_be\n    assert (\n",
    "steps" : [ {
      "name" : "Generate valid request data",
      "time" : {
        "start" : 1618295172134,
        "stop" : 1618295172300,
        "duration" : 166
      },
      "status" : "failed",
      "statusMessage" : "AssertionError: Expecting status code 201 but got 422\n",
      "statusTrace" : "  File \"/opt/hostedtoolcache/Python/3.9.4/x64/lib/python3.9/site-packages/allure_commons/_allure.py\", line 172, in impl\n    return func(*a, **kw)\n  File \"/home/runner/work/truly_automated_tests/truly_automated_tests/tests/test_data/db_filler.py\", line 48, in generate_valid_request_data\n    self._get_or_create_multiple_data_for_endpoint(endpoint=endpoint, count=3)\n  File \"/home/runner/work/truly_automated_tests/truly_automated_tests/tests/test_data/db_filler.py\", line 138, in _get_or_create_multiple_data_for_endpoint\n    self._get_or_create_data_for_endpoint(\n  File \"/home/runner/work/truly_automated_tests/truly_automated_tests/tests/test_data/db_filler.py\", line 80, in _get_or_create_data_for_endpoint\n    data = self._prepare_data_for_object_creation(endpoint=endpoint, force=force)\n  File \"/home/runner/work/truly_automated_tests/truly_automated_tests/tests/test_data/db_filler.py\", line 108, in _prepare_data_for_object_creation\n    fk_data = self._get_or_create_data_for_endpoint(\n  File \"/home/runner/work/truly_automated_tests/truly_automated_tests/tests/test_data/db_filler.py\", line 88, in _get_or_create_data_for_endpoint\n    response = self.app.exec_request(\n  File \"/home/runner/work/truly_automated_tests/truly_automated_tests/tests/utils/api_objects.py\", line 72, in exec_request\n    status_code_should_be(\n  File \"/opt/hostedtoolcache/Python/3.9.4/x64/lib/python3.9/site-packages/allure_commons/_allure.py\", line 172, in impl\n    return func(*a, **kw)\n  File \"/home/runner/work/truly_automated_tests/truly_automated_tests/tests/steps/asserts.py\", line 16, in status_code_should_be\n    assert (\n",
      "steps" : [ {
        "name" : "Send LIST /connection/",
        "time" : {
          "start" : 1618295172134,
          "stop" : 1618295172195,
          "duration" : 61
        },
        "status" : "passed",
        "steps" : [ {
          "name" : "Response status code should be equal <HTTPStatus.OK: 200>",
          "time" : {
            "start" : 1618295172194,
            "stop" : 1618295172194,
            "duration" : 0
          },
          "status" : "passed",
          "steps" : [ ],
          "attachments" : [ ],
          "parameters" : [ {
            "name" : "response",
            "value" : "<Response [200]>"
          }, {
            "name" : "status_code",
            "value" : "<HTTPStatus.OK: 200>"
          } ],
          "stepsCount" : 0,
          "attachmentsCount" : 0,
          "shouldDisplayMessage" : false,
          "hasContent" : true
        } ],
        "attachments" : [ {
          "uid" : "68a5d58caa95b70f",
          "name" : "Full request log",
          "source" : "68a5d58caa95b70f.txt",
          "type" : "text/plain",
          "size" : 507
        } ],
        "parameters" : [ ],
        "stepsCount" : 1,
        "attachmentsCount" : 1,
        "shouldDisplayMessage" : false,
        "hasContent" : true
      }, {
        "name" : "Send LIST /cluster/",
        "time" : {
          "start" : 1618295172195,
          "stop" : 1618295172241,
          "duration" : 46
        },
        "status" : "passed",
        "steps" : [ {
          "name" : "Response status code should be equal <HTTPStatus.OK: 200>",
          "time" : {
            "start" : 1618295172241,
            "stop" : 1618295172241,
            "duration" : 0
          },
          "status" : "passed",
          "steps" : [ ],
          "attachments" : [ ],
          "parameters" : [ {
            "name" : "response",
            "value" : "<Response [200]>"
          }, {
            "name" : "status_code",
            "value" : "<HTTPStatus.OK: 200>"
          } ],
          "stepsCount" : 0,
          "attachmentsCount" : 0,
          "shouldDisplayMessage" : false,
          "hasContent" : true
        } ],
        "attachments" : [ {
          "uid" : "1e2bda0003d9ea68",
          "name" : "Full request log",
          "source" : "1e2bda0003d9ea68.txt",
          "type" : "text/plain",
          "size" : 504
        } ],
        "parameters" : [ ],
        "stepsCount" : 1,
        "attachmentsCount" : 1,
        "shouldDisplayMessage" : false,
        "hasContent" : true
      }, {
        "name" : "Send POST /cluster/",
        "time" : {
          "start" : 1618295172242,
          "stop" : 1618295172300,
          "duration" : 58
        },
        "status" : "failed",
        "statusMessage" : "AssertionError: Expecting status code 201 but got 422\n",
        "statusTrace" : "  File \"/home/runner/work/truly_automated_tests/truly_automated_tests/tests/utils/api_objects.py\", line 72, in exec_request\n    status_code_should_be(\n  File \"/opt/hostedtoolcache/Python/3.9.4/x64/lib/python3.9/site-packages/allure_commons/_allure.py\", line 172, in impl\n    return func(*a, **kw)\n  File \"/home/runner/work/truly_automated_tests/truly_automated_tests/tests/steps/asserts.py\", line 16, in status_code_should_be\n    assert (\n",
        "steps" : [ {
          "name" : "Response status code should be equal <HTTPStatus.CREATED: 201>",
          "time" : {
            "start" : 1618295172300,
            "stop" : 1618295172300,
            "duration" : 0
          },
          "status" : "failed",
          "statusMessage" : "AssertionError: Expecting status code 201 but got 422\n",
          "statusTrace" : "  File \"/opt/hostedtoolcache/Python/3.9.4/x64/lib/python3.9/site-packages/allure_commons/_allure.py\", line 172, in impl\n    return func(*a, **kw)\n  File \"/home/runner/work/truly_automated_tests/truly_automated_tests/tests/steps/asserts.py\", line 16, in status_code_should_be\n    assert (\n",
          "steps" : [ ],
          "attachments" : [ ],
          "parameters" : [ {
            "name" : "response",
            "value" : "<Response [422]>"
          }, {
            "name" : "status_code",
            "value" : "<HTTPStatus.CREATED: 201>"
          } ],
          "stepsCount" : 0,
          "attachmentsCount" : 0,
          "shouldDisplayMessage" : true,
          "hasContent" : true
        } ],
        "attachments" : [ {
          "uid" : "4bf829a334f99ae3",
          "name" : "Full request log",
          "source" : "4bf829a334f99ae3.txt",
          "type" : "text/plain",
          "size" : 850
        } ],
        "parameters" : [ ],
        "stepsCount" : 1,
        "attachmentsCount" : 1,
        "shouldDisplayMessage" : false,
        "hasContent" : true
      } ],
      "attachments" : [ ],
      "parameters" : [ {
        "name" : "endpoint",
        "value" : "<Endpoints.Connection: Endpoint(path='connection', methods=[<Methods.GET: Method(function=<function get at 0x7f3460942a60>, url_template='/{name}/{id}/', default_success_code=<HTTPStatus.OK: 200>)>, <Methods.LIST: Method(function=<function get at 0x7f3460942a60>, url_template='/{name}/', default_success_code=<HTTPStatus.OK: 200>)>, <Methods.POST: Method(function=<function post at 0x7f3460942c10>, url_template='/{name}/', default_success_code=<HTTPStatus.CREATED: 201>)>], data_class=<class 'tests.utils.data_classes.ConnectionFields'>)>"
      }, {
        "name" : "method",
        "value" : "<Methods.LIST: Method(function=<function get at 0x7f3460942a60>, url_template='/{name}/', default_success_code=<HTTPStatus.OK: 200>)>"
      } ],
      "stepsCount" : 6,
      "attachmentsCount" : 3,
      "shouldDisplayMessage" : false,
      "hasContent" : true
    } ],
    "attachments" : [ ],
    "parameters" : [ ],
    "stepsCount" : 7,
    "attachmentsCount" : 3,
    "shouldDisplayMessage" : false,
    "hasContent" : true
  }, {
    "name" : "cmd_opts",
    "time" : {
      "start" : 1618295160425,
      "stop" : 1618295160425,
      "duration" : 0
    },
    "status" : "passed",
    "steps" : [ ],
    "attachments" : [ ],
    "parameters" : [ ],
    "stepsCount" : 0,
    "attachmentsCount" : 0,
    "shouldDisplayMessage" : false,
    "hasContent" : false
  }, {
    "name" : "app_fs",
    "time" : {
      "start" : 1618295170525,
      "stop" : 1618295172133,
      "duration" : 1608
    },
    "status" : "passed",
    "steps" : [ {
      "name" : "Run container: local/app:smBLoPUSna",
      "time" : {
        "start" : 1618295170549,
        "stop" : 1618295171090,
        "duration" : 541
      },
      "status" : "passed",
      "steps" : [ ],
      "attachments" : [ ],
      "parameters" : [ ],
      "stepsCount" : 0,
      "attachmentsCount" : 0,
      "shouldDisplayMessage" : false,
      "hasContent" : false
    } ],
    "attachments" : [ ],
    "parameters" : [ ],
    "stepsCount" : 1,
    "attachmentsCount" : 0,
    "shouldDisplayMessage" : false,
    "hasContent" : true
  }, {
    "name" : "image",
    "time" : {
      "start" : 1618295160425,
      "stop" : 1618295164299,
      "duration" : 3874
    },
    "status" : "passed",
    "steps" : [ {
      "name" : "Run container: app:refs_pull_6_merge",
      "time" : {
        "start" : 1618295160461,
        "stop" : 1618295161098,
        "duration" : 637
      },
      "status" : "passed",
      "steps" : [ ],
      "attachments" : [ ],
      "parameters" : [ ],
      "stepsCount" : 0,
      "attachmentsCount" : 0,
      "shouldDisplayMessage" : false,
      "hasContent" : false
    } ],
    "attachments" : [ ],
    "parameters" : [ ],
    "stepsCount" : 1,
    "attachmentsCount" : 0,
    "shouldDisplayMessage" : false,
    "hasContent" : true
  } ],
  "afterStages" : [ {
    "name" : "app_fs::fin",
    "time" : {
      "start" : 1618295172343,
      "stop" : 1618295172664,
      "duration" : 321
    },
    "status" : "passed",
    "steps" : [ {
      "name" : "Gather /var/www/html/storage/app/ from APP container: 6571d8efdd0ec7babde10a1f8e43209c91e4e56860676663dff562291e9b3c14",
      "time" : {
        "start" : 1618295172343,
        "stop" : 1618295172419,
        "duration" : 76
      },
      "status" : "passed",
      "steps" : [ ],
      "attachments" : [ {
        "uid" : "cf22b74a3c77273a",
        "name" : "test_methods[connection_LIST_positive]_1618295172.343238.tgz",
        "source" : "cf22b74a3c77273a.tgz",
        "type" : "application/gzip",
        "size" : 1102
      } ],
      "parameters" : [ ],
      "stepsCount" : 0,
      "attachmentsCount" : 1,
      "shouldDisplayMessage" : false,
      "hasContent" : true
    } ],
    "attachments" : [ ],
    "parameters" : [ ],
    "stepsCount" : 1,
    "attachmentsCount" : 1,
    "shouldDisplayMessage" : false,
    "hasContent" : true
  }, {
    "name" : "image::fin",
    "time" : {
      "start" : 1618295200177,
      "stop" : 1618295200189,
      "duration" : 12
    },
    "status" : "passed",
    "steps" : [ ],
    "attachments" : [ ],
    "parameters" : [ ],
    "stepsCount" : 0,
    "attachmentsCount" : 0,
    "shouldDisplayMessage" : false,
    "hasContent" : false
  } ],
  "labels" : [ {
    "name" : "suite",
    "value" : "Allowed methods tests"
  }, {
    "name" : "parentSuite",
    "value" : "API"
  }, {
    "name" : "tag",
    "value" : "positive"
  }, {
    "name" : "host",
    "value" : "fv-az178-863"
  }, {
    "name" : "thread",
    "value" : "5034-MainThread"
  }, {
    "name" : "framework",
    "value" : "pytest"
  }, {
    "name" : "language",
    "value" : "cpython3"
  }, {
    "name" : "package",
    "value" : "api.test_methods"
  }, {
    "name" : "resultFormat",
    "value" : "allure2"
  } ],
  "parameters" : [ {
    "name" : "prepare_data",
    "value" : "[LIST connection and expect 200 status code. at 0x7f34606b24f0]"
  } ],
  "links" : [ ],
  "hidden" : false,
  "retry" : false,
  "extra" : {
    "severity" : "normal",
    "retries" : [ ],
    "categories" : [ {
      "name" : "Product defects",
      "matchedStatuses" : [ ],
      "flaky" : false
    } ],
    "tags" : [ "positive" ]
  },
  "source" : "4df2017d255d2b72.json",
  "parameterValues" : [ "[LIST connection and expect 200 status code. at 0x7f34606b24f0]" ]
}