{
  "uid" : "7fc9c4a107596d03",
  "name" : "test_post_body_negative[file-system_POST_negative_Invalid field types and values]",
  "fullName" : "api.test_request_body.test_post#test_post_body_negative",
  "historyId" : "d6ee045b45d51d3d5c3ffc08ce35b3de",
  "time" : {
    "start" : 1618295195885,
    "stop" : 1618295195990,
    "duration" : 105
  },
  "description" : "\n    Negative cases of request body testing\n    Includes sets of invalid field values - out of boundary values,\n    nullable and required if not possible, fields with incorrect types etc.\n    ",
  "descriptionHtml" : "<pre><code>Negative cases of request body testing\nIncludes sets of invalid field values - out of boundary values,\nnullable and required if not possible, fields with incorrect types etc.\n</code></pre>\n",
  "status" : "failed",
  "statusMessage" : "tests.steps.asserts.BodyAssertionError: Response body assertion failed!",
  "statusTrace" : "response = <Response [422]>\nexpected_body = {'description': ['The description may not be greater than 2000 characters.']}\n\n    @allure.step(\"Response body should be\")\n    def body_should_be(response: Response, expected_body=None):\n        \"\"\"Assert response body and attach it\"\"\"\n        actual_body = response.json()\n        allure.attach(\n            json.dumps(expected_body, indent=2),\n            name=\"Expected body\",\n            attachment_type=allure.attachment_type.JSON,\n        )\n        allure.attach(\n            json.dumps(actual_body, indent=2),\n            name=\"Actual body\",\n            attachment_type=allure.attachment_type.JSON,\n        )\n        try:\n>           assert actual_body == expected_body, \"Response body assertion failed!\"\nE           AssertionError: Response body assertion failed!\n\ntests/steps/asserts.py:36: AssertionError\n\nThe above exception was the direct cause of the following exception:\n\nprepare_post_body_data = (<tests.utils.api_objects.APPApi object at 0x7f346058e1c0>, [POST file-system and expect 422 status code. at 0x7f34606...-system and expect 422 status code. at 0x7f34606d5ca0, POST file-system and expect 422 status code. at 0x7f34606d5d90])\n\n    @pytest.mark.parametrize(\n        \"prepare_post_body_data\", get_negative_data_for_post_body_check(), indirect=True\n    )\n    def test_post_body_negative(prepare_post_body_data):\n        \"\"\"\n        Negative cases of request body testing\n        Includes sets of invalid field values - out of boundary values,\n        nullable and required if not possible, fields with incorrect types etc.\n        \"\"\"\n        app, test_data_list = prepare_post_body_data\n        for test_data in test_data_list:\n            with allure.step(title=f\"Assert - {test_data.description}\"):\n>               app.exec_request(\n                    request=test_data.request, expected_response=test_data.response\n                )\n\ntests/api/test_request_body/test_post.py:86: \n_ _ _ _ _ _ _ _ _ _ _ _ _ _ _ _ _ _ _ _ _ _ _ _ _ _ _ _ _ _ _ _ _ _ _ _ _ _ _ _ \ntests/utils/api_objects.py:77: in exec_request\n    body_should_be(response=response, expected_body=expected_response.body)\n_ _ _ _ _ _ _ _ _ _ _ _ _ _ _ _ _ _ _ _ _ _ _ _ _ _ _ _ _ _ _ _ _ _ _ _ _ _ _ _ \n\nresponse = <Response [422]>\nexpected_body = {'description': ['The description may not be greater than 2000 characters.']}\n\n    @allure.step(\"Response body should be\")\n    def body_should_be(response: Response, expected_body=None):\n        \"\"\"Assert response body and attach it\"\"\"\n        actual_body = response.json()\n        allure.attach(\n            json.dumps(expected_body, indent=2),\n            name=\"Expected body\",\n            attachment_type=allure.attachment_type.JSON,\n        )\n        allure.attach(\n            json.dumps(actual_body, indent=2),\n            name=\"Actual body\",\n            attachment_type=allure.attachment_type.JSON,\n        )\n        try:\n            assert actual_body == expected_body, \"Response body assertion failed!\"\n        except AssertionError as error:\n>           raise BodyAssertionError(error) from error\nE           tests.steps.asserts.BodyAssertionError: Response body assertion failed!\n\ntests/steps/asserts.py:38: BodyAssertionError",
  "flaky" : false,
  "newFailed" : false,
  "beforeStages" : [ {
    "name" : "cmd_opts",
    "time" : {
      "start" : 1618295160425,
      "stop" : 1618295160425,
      "duration" : 0
    },
    "status" : "passed",
    "steps" : [ ],
    "attachments" : [ ],
    "parameters" : [ ],
    "stepsCount" : 0,
    "attachmentsCount" : 0,
    "shouldDisplayMessage" : false,
    "hasContent" : false
  }, {
    "name" : "prepare_post_body_data",
    "time" : {
      "start" : 1618295195884,
      "stop" : 1618295195885,
      "duration" : 1
    },
    "status" : "passed",
    "steps" : [ {
      "name" : "Generate valid request data",
      "time" : {
        "start" : 1618295195884,
        "stop" : 1618295195884,
        "duration" : 0
      },
      "status" : "passed",
      "steps" : [ ],
      "attachments" : [ ],
      "parameters" : [ {
        "name" : "endpoint",
        "value" : "<Endpoints.FileSystem: Endpoint(path='file-system', methods=[<Methods.GET: Method(function=<function get at 0x7f3460942a60>, url_template='/{name}/{id}/', default_success_code=<HTTPStatus.OK: 200>)>, <Methods.LIST: Method(function=<function get at 0x7f3460942a60>, url_template='/{name}/', default_success_code=<HTTPStatus.OK: 200>)>, <Methods.POST: Method(function=<function post at 0x7f3460942c10>, url_template='/{name}/', default_success_code=<HTTPStatus.CREATED: 201>)>], data_class=<class 'tests.utils.data_classes.FileSystemFields'>)>"
      }, {
        "name" : "method",
        "value" : "<Methods.POST: Method(function=<function post at 0x7f3460942c10>, url_template='/{name}/', default_success_code=<HTTPStatus.CREATED: 201>)>"
      } ],
      "stepsCount" : 0,
      "attachmentsCount" : 0,
      "shouldDisplayMessage" : false,
      "hasContent" : true
    } ],
    "attachments" : [ ],
    "parameters" : [ ],
    "stepsCount" : 1,
    "attachmentsCount" : 0,
    "shouldDisplayMessage" : false,
    "hasContent" : true
  }, {
    "name" : "image",
    "time" : {
      "start" : 1618295160425,
      "stop" : 1618295164299,
      "duration" : 3874
    },
    "status" : "passed",
    "steps" : [ {
      "name" : "Run container: app:refs_pull_6_merge",
      "time" : {
        "start" : 1618295160461,
        "stop" : 1618295161098,
        "duration" : 637
      },
      "status" : "passed",
      "steps" : [ ],
      "attachments" : [ ],
      "parameters" : [ ],
      "stepsCount" : 0,
      "attachmentsCount" : 0,
      "shouldDisplayMessage" : false,
      "hasContent" : false
    } ],
    "attachments" : [ ],
    "parameters" : [ ],
    "stepsCount" : 1,
    "attachmentsCount" : 0,
    "shouldDisplayMessage" : false,
    "hasContent" : true
  }, {
    "name" : "app_fs",
    "time" : {
      "start" : 1618295194406,
      "stop" : 1618295195884,
      "duration" : 1478
    },
    "status" : "passed",
    "steps" : [ {
      "name" : "Run container: local/app:smBLoPUSna",
      "time" : {
        "start" : 1618295194430,
        "stop" : 1618295194823,
        "duration" : 393
      },
      "status" : "passed",
      "steps" : [ ],
      "attachments" : [ ],
      "parameters" : [ ],
      "stepsCount" : 0,
      "attachmentsCount" : 0,
      "shouldDisplayMessage" : false,
      "hasContent" : false
    } ],
    "attachments" : [ ],
    "parameters" : [ ],
    "stepsCount" : 1,
    "attachmentsCount" : 0,
    "shouldDisplayMessage" : false,
    "hasContent" : true
  } ],
  "testStage" : {
    "description" : "\n    Negative cases of request body testing\n    Includes sets of invalid field values - out of boundary values,\n    nullable and required if not possible, fields with incorrect types etc.\n    ",
    "status" : "failed",
    "statusMessage" : "tests.steps.asserts.BodyAssertionError: Response body assertion failed!",
    "statusTrace" : "response = <Response [422]>\nexpected_body = {'description': ['The description may not be greater than 2000 characters.']}\n\n    @allure.step(\"Response body should be\")\n    def body_should_be(response: Response, expected_body=None):\n        \"\"\"Assert response body and attach it\"\"\"\n        actual_body = response.json()\n        allure.attach(\n            json.dumps(expected_body, indent=2),\n            name=\"Expected body\",\n            attachment_type=allure.attachment_type.JSON,\n        )\n        allure.attach(\n            json.dumps(actual_body, indent=2),\n            name=\"Actual body\",\n            attachment_type=allure.attachment_type.JSON,\n        )\n        try:\n>           assert actual_body == expected_body, \"Response body assertion failed!\"\nE           AssertionError: Response body assertion failed!\n\ntests/steps/asserts.py:36: AssertionError\n\nThe above exception was the direct cause of the following exception:\n\nprepare_post_body_data = (<tests.utils.api_objects.APPApi object at 0x7f346058e1c0>, [POST file-system and expect 422 status code. at 0x7f34606...-system and expect 422 status code. at 0x7f34606d5ca0, POST file-system and expect 422 status code. at 0x7f34606d5d90])\n\n    @pytest.mark.parametrize(\n        \"prepare_post_body_data\", get_negative_data_for_post_body_check(), indirect=True\n    )\n    def test_post_body_negative(prepare_post_body_data):\n        \"\"\"\n        Negative cases of request body testing\n        Includes sets of invalid field values - out of boundary values,\n        nullable and required if not possible, fields with incorrect types etc.\n        \"\"\"\n        app, test_data_list = prepare_post_body_data\n        for test_data in test_data_list:\n            with allure.step(title=f\"Assert - {test_data.description}\"):\n>               app.exec_request(\n                    request=test_data.request, expected_response=test_data.response\n                )\n\ntests/api/test_request_body/test_post.py:86: \n_ _ _ _ _ _ _ _ _ _ _ _ _ _ _ _ _ _ _ _ _ _ _ _ _ _ _ _ _ _ _ _ _ _ _ _ _ _ _ _ \ntests/utils/api_objects.py:77: in exec_request\n    body_should_be(response=response, expected_body=expected_response.body)\n_ _ _ _ _ _ _ _ _ _ _ _ _ _ _ _ _ _ _ _ _ _ _ _ _ _ _ _ _ _ _ _ _ _ _ _ _ _ _ _ \n\nresponse = <Response [422]>\nexpected_body = {'description': ['The description may not be greater than 2000 characters.']}\n\n    @allure.step(\"Response body should be\")\n    def body_should_be(response: Response, expected_body=None):\n        \"\"\"Assert response body and attach it\"\"\"\n        actual_body = response.json()\n        allure.attach(\n            json.dumps(expected_body, indent=2),\n            name=\"Expected body\",\n            attachment_type=allure.attachment_type.JSON,\n        )\n        allure.attach(\n            json.dumps(actual_body, indent=2),\n            name=\"Actual body\",\n            attachment_type=allure.attachment_type.JSON,\n        )\n        try:\n            assert actual_body == expected_body, \"Response body assertion failed!\"\n        except AssertionError as error:\n>           raise BodyAssertionError(error) from error\nE           tests.steps.asserts.BodyAssertionError: Response body assertion failed!\n\ntests/steps/asserts.py:38: BodyAssertionError",
    "steps" : [ {
      "name" : "Assert - All fields without body checks - Special values: description, name",
      "time" : {
        "start" : 1618295195885,
        "stop" : 1618295195938,
        "duration" : 53
      },
      "status" : "passed",
      "steps" : [ {
        "name" : "Send POST /file-system/",
        "time" : {
          "start" : 1618295195886,
          "stop" : 1618295195938,
          "duration" : 52
        },
        "status" : "passed",
        "steps" : [ {
          "name" : "Response status code should be equal <HTTPStatus.UNPROCESSABLE_ENTITY: 422>",
          "time" : {
            "start" : 1618295195938,
            "stop" : 1618295195938,
            "duration" : 0
          },
          "status" : "passed",
          "steps" : [ ],
          "attachments" : [ ],
          "parameters" : [ {
            "name" : "response",
            "value" : "<Response [422]>"
          }, {
            "name" : "status_code",
            "value" : "<HTTPStatus.UNPROCESSABLE_ENTITY: 422>"
          } ],
          "stepsCount" : 0,
          "attachmentsCount" : 0,
          "shouldDisplayMessage" : false,
          "hasContent" : true
        } ],
        "attachments" : [ {
          "uid" : "c5ba2e64469bc73d",
          "name" : "Full request log",
          "source" : "c5ba2e64469bc73d.txt",
          "type" : "text/plain",
          "size" : 3003
        } ],
        "parameters" : [ ],
        "stepsCount" : 1,
        "attachmentsCount" : 1,
        "shouldDisplayMessage" : false,
        "hasContent" : true
      } ],
      "attachments" : [ ],
      "parameters" : [ ],
      "stepsCount" : 2,
      "attachmentsCount" : 1,
      "shouldDisplayMessage" : false,
      "hasContent" : true
    }, {
      "name" : "Assert - description: ['The description may not be greater than 2000 characters.']",
      "time" : {
        "start" : 1618295195938,
        "stop" : 1618295195989,
        "duration" : 51
      },
      "status" : "failed",
      "statusMessage" : "tests.steps.asserts.BodyAssertionError: Response body assertion failed!\n",
      "statusTrace" : "  File \"/home/runner/work/truly_automated_tests/truly_automated_tests/tests/api/test_request_body/test_post.py\", line 86, in test_post_body_negative\n    app.exec_request(\n  File \"/home/runner/work/truly_automated_tests/truly_automated_tests/tests/utils/api_objects.py\", line 77, in exec_request\n    body_should_be(response=response, expected_body=expected_response.body)\n  File \"/opt/hostedtoolcache/Python/3.9.4/x64/lib/python3.9/site-packages/allure_commons/_allure.py\", line 172, in impl\n    return func(*a, **kw)\n  File \"/home/runner/work/truly_automated_tests/truly_automated_tests/tests/steps/asserts.py\", line 38, in body_should_be\n    raise BodyAssertionError(error) from error\n",
      "steps" : [ {
        "name" : "Send POST /file-system/",
        "time" : {
          "start" : 1618295195938,
          "stop" : 1618295195989,
          "duration" : 51
        },
        "status" : "failed",
        "statusMessage" : "tests.steps.asserts.BodyAssertionError: Response body assertion failed!\n",
        "statusTrace" : "  File \"/home/runner/work/truly_automated_tests/truly_automated_tests/tests/utils/api_objects.py\", line 77, in exec_request\n    body_should_be(response=response, expected_body=expected_response.body)\n  File \"/opt/hostedtoolcache/Python/3.9.4/x64/lib/python3.9/site-packages/allure_commons/_allure.py\", line 172, in impl\n    return func(*a, **kw)\n  File \"/home/runner/work/truly_automated_tests/truly_automated_tests/tests/steps/asserts.py\", line 38, in body_should_be\n    raise BodyAssertionError(error) from error\n",
        "steps" : [ {
          "name" : "Response status code should be equal <HTTPStatus.UNPROCESSABLE_ENTITY: 422>",
          "time" : {
            "start" : 1618295195989,
            "stop" : 1618295195989,
            "duration" : 0
          },
          "status" : "passed",
          "steps" : [ ],
          "attachments" : [ ],
          "parameters" : [ {
            "name" : "response",
            "value" : "<Response [422]>"
          }, {
            "name" : "status_code",
            "value" : "<HTTPStatus.UNPROCESSABLE_ENTITY: 422>"
          } ],
          "stepsCount" : 0,
          "attachmentsCount" : 0,
          "shouldDisplayMessage" : false,
          "hasContent" : true
        }, {
          "name" : "Response body should be",
          "time" : {
            "start" : 1618295195989,
            "stop" : 1618295195989,
            "duration" : 0
          },
          "status" : "failed",
          "statusMessage" : "tests.steps.asserts.BodyAssertionError: Response body assertion failed!\n",
          "statusTrace" : "  File \"/opt/hostedtoolcache/Python/3.9.4/x64/lib/python3.9/site-packages/allure_commons/_allure.py\", line 172, in impl\n    return func(*a, **kw)\n  File \"/home/runner/work/truly_automated_tests/truly_automated_tests/tests/steps/asserts.py\", line 38, in body_should_be\n    raise BodyAssertionError(error) from error\n",
          "steps" : [ ],
          "attachments" : [ {
            "uid" : "86b405e5712e4a64",
            "name" : "Expected body",
            "source" : "86b405e5712e4a64.json",
            "type" : "application/json",
            "size" : 89
          }, {
            "uid" : "4747fe2554d851b9",
            "name" : "Actual body",
            "source" : "4747fe2554d851b9.json",
            "type" : "application/json",
            "size" : 152
          } ],
          "parameters" : [ {
            "name" : "response",
            "value" : "<Response [422]>"
          }, {
            "name" : "expected_body",
            "value" : "{'description': ['The description may not be greater than 2000 characters.']}"
          } ],
          "stepsCount" : 0,
          "attachmentsCount" : 2,
          "shouldDisplayMessage" : true,
          "hasContent" : true
        } ],
        "attachments" : [ {
          "uid" : "1e7b592e6d27f776",
          "name" : "Full request log",
          "source" : "1e7b592e6d27f776.txt",
          "type" : "text/plain",
          "size" : 2909
        } ],
        "parameters" : [ ],
        "stepsCount" : 2,
        "attachmentsCount" : 3,
        "shouldDisplayMessage" : false,
        "hasContent" : true
      } ],
      "attachments" : [ ],
      "parameters" : [ ],
      "stepsCount" : 3,
      "attachmentsCount" : 3,
      "shouldDisplayMessage" : false,
      "hasContent" : true
    } ],
    "attachments" : [ ],
    "parameters" : [ ],
    "stepsCount" : 7,
    "attachmentsCount" : 4,
    "shouldDisplayMessage" : true,
    "hasContent" : true
  },
  "afterStages" : [ {
    "name" : "image::fin",
    "time" : {
      "start" : 1618295200177,
      "stop" : 1618295200189,
      "duration" : 12
    },
    "status" : "passed",
    "steps" : [ ],
    "attachments" : [ ],
    "parameters" : [ ],
    "stepsCount" : 0,
    "attachmentsCount" : 0,
    "shouldDisplayMessage" : false,
    "hasContent" : false
  }, {
    "name" : "app_fs::fin",
    "time" : {
      "start" : 1618295196002,
      "stop" : 1618295196391,
      "duration" : 389
    },
    "status" : "passed",
    "steps" : [ {
      "name" : "Gather /var/www/html/storage/app/ from APP container: 96f455906accb9d7f5ac79c485f690f8ec3cf6880f2f6522a8e8d4cde7466f09",
      "time" : {
        "start" : 1618295196002,
        "stop" : 1618295196150,
        "duration" : 148
      },
      "status" : "passed",
      "steps" : [ ],
      "attachments" : [ {
        "uid" : "49aa61b6e0105d67",
        "name" : "test_post_body_negative[file-system_POST_negative_Invalid field types and values]_1618295196.0022447.tgz",
        "source" : "49aa61b6e0105d67.tgz",
        "type" : "application/gzip",
        "size" : 1102
      } ],
      "parameters" : [ ],
      "stepsCount" : 0,
      "attachmentsCount" : 1,
      "shouldDisplayMessage" : false,
      "hasContent" : true
    } ],
    "attachments" : [ ],
    "parameters" : [ ],
    "stepsCount" : 1,
    "attachmentsCount" : 1,
    "shouldDisplayMessage" : false,
    "hasContent" : true
  } ],
  "labels" : [ {
    "name" : "suite",
    "value" : "Body tests"
  }, {
    "name" : "subSuite",
    "value" : "POST"
  }, {
    "name" : "parentSuite",
    "value" : "API"
  }, {
    "name" : "tag",
    "value" : "negative"
  }, {
    "name" : "host",
    "value" : "fv-az178-863"
  }, {
    "name" : "thread",
    "value" : "5034-MainThread"
  }, {
    "name" : "framework",
    "value" : "pytest"
  }, {
    "name" : "language",
    "value" : "cpython3"
  }, {
    "name" : "package",
    "value" : "api.test_request_body.test_post"
  }, {
    "name" : "resultFormat",
    "value" : "allure2"
  } ],
  "parameters" : [ {
    "name" : "prepare_post_body_data",
    "value" : "[TestDataWithPreparedBody(test_data=POST file-system and expect 422 status code. at 0x7f34606d5b80, test_body={'description': PreparedFieldValue(value='xCKYlhcUEiCIfkBetLFFNlmjzGlzVPXVPBtgeJDuzzYDKNOssQMGQwYJgvDzdlmObyMMfVjBfRIbzIxhdiIcwkUMlHPbBboFkMsWZPMpnTefoyFxASJnwjgibmsoKvVujekEvhTANdnHggUmhMVwBbrlgsBYvDJoXUOCwdUpIyuJyRdTcwCROxemavOmbiHBHPvXqvNejuEJLNMvKMyFgfGKKkJpDItIctLDQANWAAXZbBxKZRzWnINpsdjIOoTGiSwySKdSDORkSiFJJEmpzXAiJIkLTzviFNdjgnAJJpyCHtAvGSfAACzKCPnhhVvzddcdxBhJCCiIdpYppDrIdSuzGOBlUPaNLhvUknUFzjVAJxhZzXCrruuOmnuPxijZXhvvdgeuKpClSGATfsQuzKQCSJhAgiaCQcPmEgboenMwXBnFuVWHedfebDewRvYRssRNmbSMAmSPxmEHMnjLtkYjtjRVYOUBXxbimFSqTFwbcuKeBdyojMieHSYWyFnJHEzFSfLjjTVBscrXhGTsZpBkCHBDYrAUeqWuwCBEICquOKQnWvcUbtYrNaVdzjSFzfvPIgvNYwmXNPucOsluZYFAmEUcZuBwhNvwWstgHbIztySabBsWsLxWFhakFiMrrgAvllJmXaCPOSBarhPLpJySIvdOpFvgkcSZzTMFibHYXvHTVgQToEmmCiiASHUKyNNjywlYdyEOjgSeDxtaYSDiYoTGWmZiNUNAaWSIrqRRrTYBsvRDNbrnoXMwkpiJIYBGzoLVpvuYDKZeUOcNooEimBYkvpjbMDDPvwiwYzMBgEFrIPvIqbHQpaXOgKbSLZQlBLuxfkztVvXxgwDnaRBTxgxHilZqGAvKWJICczxqrhJQipQYHNgrJKHhKmPTrSuRLYgnatvGLDMrpjRSzHpMGeYXwLAJpeJQmAcBjsYavuntUZQDLcomQWwxcVlbpvjMSNcxZgjATKImHJdVKlJheHKLVgTIoqKSRlxwnmJaqdlbTcdpCWDGKgvPsppOiiuExYGQvKJhtICfdOEIXcPELZVdWAepeZWxKQfEtRmYqFMPBXcCJqAUGkUQjdLziuQxkbnwZNBGRkLJBESfqKHhnbtfPXORaoXQlRfjtTBMbtYLMiSpcWdAwoTNwafkHDihULscfWUnbYAbHlfpgPzqqfyLidpBPyAIPtnblfeLdrxHNRYlNmSbClWnQjZEcrlabFdIRAxJAPnFnHjXJkexXyJbWTyouRZzwdbzqfxuLaXguOdRQRtpboLpNpRmUzeditZAXbjyMzdDjvJBYWzwLutlglwhkVEXlDbrazFlkkLaaFnrmVtGBzPXJTxtHpcuKhHYGgeweGrOgBDIHsajfuKnBygDusBsZzbBpeHGmocTSHbTBRTbojeJAwdNfiSLCrxCyoYVUAmfkWYhlmjhHKAMBaLzZjJokCLHPjzKsPrhhsVRwLJUyEsdhWWQPLfiIpWNIgTqnrMjodgYrGjCMMIwHoubFeBFNCICcdmrhqkqjIXjkYIxdpvNsUaGkQIpiUDbQeGPeADYVHlkrYaSjqjvVfvYnbytzfPkPHMEQpQfcbNHwAboLiTfBJqQYzJyLuhiJaNJXjMrlbkUkTsVOJunTZCgvyxqFggwHiHjtiPGvCwWAqSKloEehqUQKyzIvEWeKEJSInWnhHFikUdYjRSDUkNMHDstGltUnjiszDxqWZkYCZnROsAshRxoqNQaqpeXQRVRfFUtNhCFKSaNonWOsOPnuVaudmICBVMZRMhaypIXDErCKIjNAnqeYlygRBpCenIYSfAglgqYrUGSIoyHhiwMlBMldoRyNMfrcofTDXqdjDgmLngMlHIKigTzqwmHpBgbkjbfrelGgOJCpliuxLtygqzLyFFAFCmTLEjjBTlsQhrdXDuoEIiHDXBgsrdrZiqKwaVOEHwTbJuDYmkJHVqnwrWvfojEYWWCAsfImRkizwIMxUflEydsvFaNdlNAcozDfnNeX', generated_value=False, error_messages=['The description may not be greater than 2000 characters.'], f_type=Text(_sp_vals_positive=None, _sp_vals_negative=[...]), drop_key=False), 'name': PreparedFieldValue(value='dXBfGNRUAFCwmmCOLQSYnXOgwMHgGLrkQdWDRUqnLeyOAVpzVosiFDoYcuLBUDlNRczFpcSbLOjEZhwpEOWbvpmDxuJXWQEMctaVRlCdgXVZqlpuUHycgbpgNOhTWGyciedfpgvNlyjzCMBFYhFmZdkErjndeHnlFXZyHvpbimpTFVoUhZbYBzUXUqcxaBPVwmqsFkHcNSMEOJtgRIEoEzhFNatCFazibnnrxmXtpPOnplmAsoQeeRNPjbEAJLxe', generated_value=False, error_messages=['The name may not be greater than 255 characters.'], f_type=String(_sp_vals_positive=['s', '!@#$%^&*\\\\/{}[]', 'ZFZUrKVkQkqDxKUUvNNFlFYAKXkDqoPvJQPxgDGsZsPOYhMhJUNwJmhybPuyrzYNmqQIwwRadONRNtTUDNeqlByXEjteyNfpBqVKzdSiveODZodybRKtVIMwcfYuiBfYfDSBUXBLdmUGWYRnEZxFVBpmfTaSTYIDowFqTPTpwZzfprTJcKXPdxaQkiiaSPgvjbaMwFBFAqEFaitOpEmozDBsphZnqDBbUGlIiKkbahtiYYfYjPjXvagwYYoFNfu'], _sp_vals_negative=[...]), drop_key=False)}), TestDataWithPreparedBody(test_data=POST file-system and expect 422 status code. at 0x7f34606d5ca0, test_body={'description': PreparedFieldValue(value='xCKYlhcUEiCIfkBetLFFNlmjzGlzVPXVPBtgeJDuzzYDKNOssQMGQwYJgvDzdlmObyMMfVjBfRIbzIxhdiIcwkUMlHPbBboFkMsWZPMpnTefoyFxASJnwjgibmsoKvVujekEvhTANdnHggUmhMVwBbrlgsBYvDJoXUOCwdUpIyuJyRdTcwCROxemavOmbiHBHPvXqvNejuEJLNMvKMyFgfGKKkJpDItIctLDQANWAAXZbBxKZRzWnINpsdjIOoTGiSwySKdSDORkSiFJJEmpzXAiJIkLTzviFNdjgnAJJpyCHtAvGSfAACzKCPnhhVvzddcdxBhJCCiIdpYppDrIdSuzGOBlUPaNLhvUknUFzjVAJxhZzXCrruuOmnuPxijZXhvvdgeuKpClSGATfsQuzKQCSJhAgiaCQcPmEgboenMwXBnFuVWHedfebDewRvYRssRNmbSMAmSPxmEHMnjLtkYjtjRVYOUBXxbimFSqTFwbcuKeBdyojMieHSYWyFnJHEzFSfLjjTVBscrXhGTsZpBkCHBDYrAUeqWuwCBEICquOKQnWvcUbtYrNaVdzjSFzfvPIgvNYwmXNPucOsluZYFAmEUcZuBwhNvwWstgHbIztySabBsWsLxWFhakFiMrrgAvllJmXaCPOSBarhPLpJySIvdOpFvgkcSZzTMFibHYXvHTVgQToEmmCiiASHUKyNNjywlYdyEOjgSeDxtaYSDiYoTGWmZiNUNAaWSIrqRRrTYBsvRDNbrnoXMwkpiJIYBGzoLVpvuYDKZeUOcNooEimBYkvpjbMDDPvwiwYzMBgEFrIPvIqbHQpaXOgKbSLZQlBLuxfkztVvXxgwDnaRBTxgxHilZqGAvKWJICczxqrhJQipQYHNgrJKHhKmPTrSuRLYgnatvGLDMrpjRSzHpMGeYXwLAJpeJQmAcBjsYavuntUZQDLcomQWwxcVlbpvjMSNcxZgjATKImHJdVKlJheHKLVgTIoqKSRlxwnmJaqdlbTcdpCWDGKgvPsppOiiuExYGQvKJhtICfdOEIXcPELZVdWAepeZWxKQfEtRmYqFMPBXcCJqAUGkUQjdLziuQxkbnwZNBGRkLJBESfqKHhnbtfPXORaoXQlRfjtTBMbtYLMiSpcWdAwoTNwafkHDihULscfWUnbYAbHlfpgPzqqfyLidpBPyAIPtnblfeLdrxHNRYlNmSbClWnQjZEcrlabFdIRAxJAPnFnHjXJkexXyJbWTyouRZzwdbzqfxuLaXguOdRQRtpboLpNpRmUzeditZAXbjyMzdDjvJBYWzwLutlglwhkVEXlDbrazFlkkLaaFnrmVtGBzPXJTxtHpcuKhHYGgeweGrOgBDIHsajfuKnBygDusBsZzbBpeHGmocTSHbTBRTbojeJAwdNfiSLCrxCyoYVUAmfkWYhlmjhHKAMBaLzZjJokCLHPjzKsPrhhsVRwLJUyEsdhWWQPLfiIpWNIgTqnrMjodgYrGjCMMIwHoubFeBFNCICcdmrhqkqjIXjkYIxdpvNsUaGkQIpiUDbQeGPeADYVHlkrYaSjqjvVfvYnbytzfPkPHMEQpQfcbNHwAboLiTfBJqQYzJyLuhiJaNJXjMrlbkUkTsVOJunTZCgvyxqFggwHiHjtiPGvCwWAqSKloEehqUQKyzIvEWeKEJSInWnhHFikUdYjRSDUkNMHDstGltUnjiszDxqWZkYCZnROsAshRxoqNQaqpeXQRVRfFUtNhCFKSaNonWOsOPnuVaudmICBVMZRMhaypIXDErCKIjNAnqeYlygRBpCenIYSfAglgqYrUGSIoyHhiwMlBMldoRyNMfrcofTDXqdjDgmLngMlHIKigTzqwmHpBgbkjbfrelGgOJCpliuxLtygqzLyFFAFCmTLEjjBTlsQhrdXDuoEIiHDXBgsrdrZiqKwaVOEHwTbJuDYmkJHVqnwrWvfojEYWWCAsfImRkizwIMxUflEydsvFaNdlNAcozDfnNeX', generated_value=False, error_messages=['The description may not be greater than 2000 characters.'], f_type=Text(_sp_vals_positive=None, _sp_vals_negative=[...]), drop_key=False)}), TestDataWithPreparedBody(test_data=POST file-system and expect 422 status code. at 0x7f34606d5d90, test_body={'name': PreparedFieldValue(value='dXBfGNRUAFCwmmCOLQSYnXOgwMHgGLrkQdWDRUqnLeyOAVpzVosiFDoYcuLBUDlNRczFpcSbLOjEZhwpEOWbvpmDxuJXWQEMctaVRlCdgXVZqlpuUHycgbpgNOhTWGyciedfpgvNlyjzCMBFYhFmZdkErjndeHnlFXZyHvpbimpTFVoUhZbYBzUXUqcxaBPVwmqsFkHcNSMEOJtgRIEoEzhFNatCFazibnnrxmXtpPOnplmAsoQeeRNPjbEAJLxe', generated_value=False, error_messages=['The name may not be greater than 255 characters.'], f_type=String(_sp_vals_positive=['s', '!@#$%^&*\\\\/{}[]', 'ZFZUrKVkQkqDxKUUvNNFlFYAKXkDqoPvJQPxgDGsZsPOYhMhJUNwJmhybPuyrzYNmqQIwwRadONRNtTUDNeqlByXEjteyNfpBqVKzdSiveODZodybRKtVIMwcfYuiBfYfDSBUXBLdmUGWYRnEZxFVBpmfTaSTYIDowFqTPTpwZzfprTJcKXPdxaQkiiaSPgvjbaMwFBFAqEFaitOpEmozDBsphZnqDBbUGlIiKkbahtiYYfYjPjXvagwYYoFNfu'], _sp_vals_negative=[...]), drop_key=False)})]"
  } ],
  "links" : [ ],
  "hidden" : false,
  "retry" : false,
  "extra" : {
    "severity" : "normal",
    "retries" : [ ],
    "categories" : [ {
      "name" : "Product defects",
      "matchedStatuses" : [ ],
      "flaky" : false
    } ],
    "tags" : [ "negative" ]
  },
  "source" : "7fc9c4a107596d03.json",
  "parameterValues" : [ "[TestDataWithPreparedBody(test_data=POST file-system and expect 422 status code. at 0x7f34606d5b80, test_body={'description': PreparedFieldValue(value='xCKYlhcUEiCIfkBetLFFNlmjzGlzVPXVPBtgeJDuzzYDKNOssQMGQwYJgvDzdlmObyMMfVjBfRIbzIxhdiIcwkUMlHPbBboFkMsWZPMpnTefoyFxASJnwjgibmsoKvVujekEvhTANdnHggUmhMVwBbrlgsBYvDJoXUOCwdUpIyuJyRdTcwCROxemavOmbiHBHPvXqvNejuEJLNMvKMyFgfGKKkJpDItIctLDQANWAAXZbBxKZRzWnINpsdjIOoTGiSwySKdSDORkSiFJJEmpzXAiJIkLTzviFNdjgnAJJpyCHtAvGSfAACzKCPnhhVvzddcdxBhJCCiIdpYppDrIdSuzGOBlUPaNLhvUknUFzjVAJxhZzXCrruuOmnuPxijZXhvvdgeuKpClSGATfsQuzKQCSJhAgiaCQcPmEgboenMwXBnFuVWHedfebDewRvYRssRNmbSMAmSPxmEHMnjLtkYjtjRVYOUBXxbimFSqTFwbcuKeBdyojMieHSYWyFnJHEzFSfLjjTVBscrXhGTsZpBkCHBDYrAUeqWuwCBEICquOKQnWvcUbtYrNaVdzjSFzfvPIgvNYwmXNPucOsluZYFAmEUcZuBwhNvwWstgHbIztySabBsWsLxWFhakFiMrrgAvllJmXaCPOSBarhPLpJySIvdOpFvgkcSZzTMFibHYXvHTVgQToEmmCiiASHUKyNNjywlYdyEOjgSeDxtaYSDiYoTGWmZiNUNAaWSIrqRRrTYBsvRDNbrnoXMwkpiJIYBGzoLVpvuYDKZeUOcNooEimBYkvpjbMDDPvwiwYzMBgEFrIPvIqbHQpaXOgKbSLZQlBLuxfkztVvXxgwDnaRBTxgxHilZqGAvKWJICczxqrhJQipQYHNgrJKHhKmPTrSuRLYgnatvGLDMrpjRSzHpMGeYXwLAJpeJQmAcBjsYavuntUZQDLcomQWwxcVlbpvjMSNcxZgjATKImHJdVKlJheHKLVgTIoqKSRlxwnmJaqdlbTcdpCWDGKgvPsppOiiuExYGQvKJhtICfdOEIXcPELZVdWAepeZWxKQfEtRmYqFMPBXcCJqAUGkUQjdLziuQxkbnwZNBGRkLJBESfqKHhnbtfPXORaoXQlRfjtTBMbtYLMiSpcWdAwoTNwafkHDihULscfWUnbYAbHlfpgPzqqfyLidpBPyAIPtnblfeLdrxHNRYlNmSbClWnQjZEcrlabFdIRAxJAPnFnHjXJkexXyJbWTyouRZzwdbzqfxuLaXguOdRQRtpboLpNpRmUzeditZAXbjyMzdDjvJBYWzwLutlglwhkVEXlDbrazFlkkLaaFnrmVtGBzPXJTxtHpcuKhHYGgeweGrOgBDIHsajfuKnBygDusBsZzbBpeHGmocTSHbTBRTbojeJAwdNfiSLCrxCyoYVUAmfkWYhlmjhHKAMBaLzZjJokCLHPjzKsPrhhsVRwLJUyEsdhWWQPLfiIpWNIgTqnrMjodgYrGjCMMIwHoubFeBFNCICcdmrhqkqjIXjkYIxdpvNsUaGkQIpiUDbQeGPeADYVHlkrYaSjqjvVfvYnbytzfPkPHMEQpQfcbNHwAboLiTfBJqQYzJyLuhiJaNJXjMrlbkUkTsVOJunTZCgvyxqFggwHiHjtiPGvCwWAqSKloEehqUQKyzIvEWeKEJSInWnhHFikUdYjRSDUkNMHDstGltUnjiszDxqWZkYCZnROsAshRxoqNQaqpeXQRVRfFUtNhCFKSaNonWOsOPnuVaudmICBVMZRMhaypIXDErCKIjNAnqeYlygRBpCenIYSfAglgqYrUGSIoyHhiwMlBMldoRyNMfrcofTDXqdjDgmLngMlHIKigTzqwmHpBgbkjbfrelGgOJCpliuxLtygqzLyFFAFCmTLEjjBTlsQhrdXDuoEIiHDXBgsrdrZiqKwaVOEHwTbJuDYmkJHVqnwrWvfojEYWWCAsfImRkizwIMxUflEydsvFaNdlNAcozDfnNeX', generated_value=False, error_messages=['The description may not be greater than 2000 characters.'], f_type=Text(_sp_vals_positive=None, _sp_vals_negative=[...]), drop_key=False), 'name': PreparedFieldValue(value='dXBfGNRUAFCwmmCOLQSYnXOgwMHgGLrkQdWDRUqnLeyOAVpzVosiFDoYcuLBUDlNRczFpcSbLOjEZhwpEOWbvpmDxuJXWQEMctaVRlCdgXVZqlpuUHycgbpgNOhTWGyciedfpgvNlyjzCMBFYhFmZdkErjndeHnlFXZyHvpbimpTFVoUhZbYBzUXUqcxaBPVwmqsFkHcNSMEOJtgRIEoEzhFNatCFazibnnrxmXtpPOnplmAsoQeeRNPjbEAJLxe', generated_value=False, error_messages=['The name may not be greater than 255 characters.'], f_type=String(_sp_vals_positive=['s', '!@#$%^&*\\\\/{}[]', 'ZFZUrKVkQkqDxKUUvNNFlFYAKXkDqoPvJQPxgDGsZsPOYhMhJUNwJmhybPuyrzYNmqQIwwRadONRNtTUDNeqlByXEjteyNfpBqVKzdSiveODZodybRKtVIMwcfYuiBfYfDSBUXBLdmUGWYRnEZxFVBpmfTaSTYIDowFqTPTpwZzfprTJcKXPdxaQkiiaSPgvjbaMwFBFAqEFaitOpEmozDBsphZnqDBbUGlIiKkbahtiYYfYjPjXvagwYYoFNfu'], _sp_vals_negative=[...]), drop_key=False)}), TestDataWithPreparedBody(test_data=POST file-system and expect 422 status code. at 0x7f34606d5ca0, test_body={'description': PreparedFieldValue(value='xCKYlhcUEiCIfkBetLFFNlmjzGlzVPXVPBtgeJDuzzYDKNOssQMGQwYJgvDzdlmObyMMfVjBfRIbzIxhdiIcwkUMlHPbBboFkMsWZPMpnTefoyFxASJnwjgibmsoKvVujekEvhTANdnHggUmhMVwBbrlgsBYvDJoXUOCwdUpIyuJyRdTcwCROxemavOmbiHBHPvXqvNejuEJLNMvKMyFgfGKKkJpDItIctLDQANWAAXZbBxKZRzWnINpsdjIOoTGiSwySKdSDORkSiFJJEmpzXAiJIkLTzviFNdjgnAJJpyCHtAvGSfAACzKCPnhhVvzddcdxBhJCCiIdpYppDrIdSuzGOBlUPaNLhvUknUFzjVAJxhZzXCrruuOmnuPxijZXhvvdgeuKpClSGATfsQuzKQCSJhAgiaCQcPmEgboenMwXBnFuVWHedfebDewRvYRssRNmbSMAmSPxmEHMnjLtkYjtjRVYOUBXxbimFSqTFwbcuKeBdyojMieHSYWyFnJHEzFSfLjjTVBscrXhGTsZpBkCHBDYrAUeqWuwCBEICquOKQnWvcUbtYrNaVdzjSFzfvPIgvNYwmXNPucOsluZYFAmEUcZuBwhNvwWstgHbIztySabBsWsLxWFhakFiMrrgAvllJmXaCPOSBarhPLpJySIvdOpFvgkcSZzTMFibHYXvHTVgQToEmmCiiASHUKyNNjywlYdyEOjgSeDxtaYSDiYoTGWmZiNUNAaWSIrqRRrTYBsvRDNbrnoXMwkpiJIYBGzoLVpvuYDKZeUOcNooEimBYkvpjbMDDPvwiwYzMBgEFrIPvIqbHQpaXOgKbSLZQlBLuxfkztVvXxgwDnaRBTxgxHilZqGAvKWJICczxqrhJQipQYHNgrJKHhKmPTrSuRLYgnatvGLDMrpjRSzHpMGeYXwLAJpeJQmAcBjsYavuntUZQDLcomQWwxcVlbpvjMSNcxZgjATKImHJdVKlJheHKLVgTIoqKSRlxwnmJaqdlbTcdpCWDGKgvPsppOiiuExYGQvKJhtICfdOEIXcPELZVdWAepeZWxKQfEtRmYqFMPBXcCJqAUGkUQjdLziuQxkbnwZNBGRkLJBESfqKHhnbtfPXORaoXQlRfjtTBMbtYLMiSpcWdAwoTNwafkHDihULscfWUnbYAbHlfpgPzqqfyLidpBPyAIPtnblfeLdrxHNRYlNmSbClWnQjZEcrlabFdIRAxJAPnFnHjXJkexXyJbWTyouRZzwdbzqfxuLaXguOdRQRtpboLpNpRmUzeditZAXbjyMzdDjvJBYWzwLutlglwhkVEXlDbrazFlkkLaaFnrmVtGBzPXJTxtHpcuKhHYGgeweGrOgBDIHsajfuKnBygDusBsZzbBpeHGmocTSHbTBRTbojeJAwdNfiSLCrxCyoYVUAmfkWYhlmjhHKAMBaLzZjJokCLHPjzKsPrhhsVRwLJUyEsdhWWQPLfiIpWNIgTqnrMjodgYrGjCMMIwHoubFeBFNCICcdmrhqkqjIXjkYIxdpvNsUaGkQIpiUDbQeGPeADYVHlkrYaSjqjvVfvYnbytzfPkPHMEQpQfcbNHwAboLiTfBJqQYzJyLuhiJaNJXjMrlbkUkTsVOJunTZCgvyxqFggwHiHjtiPGvCwWAqSKloEehqUQKyzIvEWeKEJSInWnhHFikUdYjRSDUkNMHDstGltUnjiszDxqWZkYCZnROsAshRxoqNQaqpeXQRVRfFUtNhCFKSaNonWOsOPnuVaudmICBVMZRMhaypIXDErCKIjNAnqeYlygRBpCenIYSfAglgqYrUGSIoyHhiwMlBMldoRyNMfrcofTDXqdjDgmLngMlHIKigTzqwmHpBgbkjbfrelGgOJCpliuxLtygqzLyFFAFCmTLEjjBTlsQhrdXDuoEIiHDXBgsrdrZiqKwaVOEHwTbJuDYmkJHVqnwrWvfojEYWWCAsfImRkizwIMxUflEydsvFaNdlNAcozDfnNeX', generated_value=False, error_messages=['The description may not be greater than 2000 characters.'], f_type=Text(_sp_vals_positive=None, _sp_vals_negative=[...]), drop_key=False)}), TestDataWithPreparedBody(test_data=POST file-system and expect 422 status code. at 0x7f34606d5d90, test_body={'name': PreparedFieldValue(value='dXBfGNRUAFCwmmCOLQSYnXOgwMHgGLrkQdWDRUqnLeyOAVpzVosiFDoYcuLBUDlNRczFpcSbLOjEZhwpEOWbvpmDxuJXWQEMctaVRlCdgXVZqlpuUHycgbpgNOhTWGyciedfpgvNlyjzCMBFYhFmZdkErjndeHnlFXZyHvpbimpTFVoUhZbYBzUXUqcxaBPVwmqsFkHcNSMEOJtgRIEoEzhFNatCFazibnnrxmXtpPOnplmAsoQeeRNPjbEAJLxe', generated_value=False, error_messages=['The name may not be greater than 255 characters.'], f_type=String(_sp_vals_positive=['s', '!@#$%^&*\\\\/{}[]', 'ZFZUrKVkQkqDxKUUvNNFlFYAKXkDqoPvJQPxgDGsZsPOYhMhJUNwJmhybPuyrzYNmqQIwwRadONRNtTUDNeqlByXEjteyNfpBqVKzdSiveODZodybRKtVIMwcfYuiBfYfDSBUXBLdmUGWYRnEZxFVBpmfTaSTYIDowFqTPTpwZzfprTJcKXPdxaQkiiaSPgvjbaMwFBFAqEFaitOpEmozDBsphZnqDBbUGlIiKkbahtiYYfYjPjXvagwYYoFNfu'], _sp_vals_negative=[...]), drop_key=False)})]" ]
}