{
  "uid" : "516324a2426a5460",
  "name" : "test_post_body_negative[file-system_POST_negative_Invalid field types and values]",
  "fullName" : "api.test_request_body.test_post#test_post_body_negative",
  "historyId" : "d6ee045b45d51d3d5c3ffc08ce35b3de",
  "time" : {
    "start" : 1618389422433,
    "stop" : 1618389422531,
    "duration" : 98
  },
  "description" : "\n    Negative cases of request body testing\n    Includes sets of invalid field values - out of boundary values,\n    nullable and required if not possible, fields with incorrect types etc.\n    ",
  "descriptionHtml" : "<pre><code>Negative cases of request body testing\nIncludes sets of invalid field values - out of boundary values,\nnullable and required if not possible, fields with incorrect types etc.\n</code></pre>\n",
  "status" : "failed",
  "statusMessage" : "tests.steps.asserts.BodyAssertionError: Response body assertion failed!",
  "statusTrace" : "response = <Response [422]>\nexpected_body = {'description': ['The description may not be greater than 2000 characters.']}\n\n    @allure.step(\"Response body should be\")\n    def body_should_be(response: Response, expected_body=None):\n        \"\"\"Assert response body and attach it\"\"\"\n        actual_body = response.json()\n        allure.attach(\n            json.dumps(expected_body, indent=2),\n            name=\"Expected body\",\n            attachment_type=allure.attachment_type.JSON,\n        )\n        allure.attach(\n            json.dumps(actual_body, indent=2),\n            name=\"Actual body\",\n            attachment_type=allure.attachment_type.JSON,\n        )\n        try:\n>           assert actual_body == expected_body, \"Response body assertion failed!\"\nE           AssertionError: Response body assertion failed!\n\ntests/steps/asserts.py:36: AssertionError\n\nThe above exception was the direct cause of the following exception:\n\nprepare_post_body_data = (<tests.utils.api_objects.APPApi object at 0x7fd2f41e0700>, [POST file-system and expect 422 status code. at 0x7fd2f43...-system and expect 422 status code. at 0x7fd2f4397cd0, POST file-system and expect 422 status code. at 0x7fd2f4397dc0])\n\n    @pytest.mark.parametrize(\n        \"prepare_post_body_data\", get_negative_data_for_post_body_check(), indirect=True\n    )\n    def test_post_body_negative(prepare_post_body_data):\n        \"\"\"\n        Negative cases of request body testing\n        Includes sets of invalid field values - out of boundary values,\n        nullable and required if not possible, fields with incorrect types etc.\n        \"\"\"\n        app, test_data_list = prepare_post_body_data\n        for test_data in test_data_list:\n            with allure.step(title=f\"Assert - {test_data.description}\"):\n>               app.exec_request(\n                    request=test_data.request, expected_response=test_data.response\n                )\n\ntests/api/test_request_body/test_post.py:86: \n_ _ _ _ _ _ _ _ _ _ _ _ _ _ _ _ _ _ _ _ _ _ _ _ _ _ _ _ _ _ _ _ _ _ _ _ _ _ _ _ \ntests/utils/api_objects.py:77: in exec_request\n    body_should_be(response=response, expected_body=expected_response.body)\n_ _ _ _ _ _ _ _ _ _ _ _ _ _ _ _ _ _ _ _ _ _ _ _ _ _ _ _ _ _ _ _ _ _ _ _ _ _ _ _ \n\nresponse = <Response [422]>\nexpected_body = {'description': ['The description may not be greater than 2000 characters.']}\n\n    @allure.step(\"Response body should be\")\n    def body_should_be(response: Response, expected_body=None):\n        \"\"\"Assert response body and attach it\"\"\"\n        actual_body = response.json()\n        allure.attach(\n            json.dumps(expected_body, indent=2),\n            name=\"Expected body\",\n            attachment_type=allure.attachment_type.JSON,\n        )\n        allure.attach(\n            json.dumps(actual_body, indent=2),\n            name=\"Actual body\",\n            attachment_type=allure.attachment_type.JSON,\n        )\n        try:\n            assert actual_body == expected_body, \"Response body assertion failed!\"\n        except AssertionError as error:\n>           raise BodyAssertionError(error) from error\nE           tests.steps.asserts.BodyAssertionError: Response body assertion failed!\n\ntests/steps/asserts.py:38: BodyAssertionError",
  "flaky" : false,
  "newFailed" : false,
  "beforeStages" : [ {
    "name" : "prepare_post_body_data",
    "time" : {
      "start" : 1618389422431,
      "stop" : 1618389422432,
      "duration" : 1
    },
    "status" : "passed",
    "steps" : [ {
      "name" : "Generate valid request data",
      "time" : {
        "start" : 1618389422432,
        "stop" : 1618389422432,
        "duration" : 0
      },
      "status" : "passed",
      "steps" : [ ],
      "attachments" : [ ],
      "parameters" : [ {
        "name" : "endpoint",
        "value" : "<Endpoints.FileSystem: Endpoint(path='file-system', methods=[<Methods.GET: Method(function=<function get at 0x7fd2f4605a60>, url_template='/{name}/{id}/', default_success_code=<HTTPStatus.OK: 200>)>, <Methods.LIST: Method(function=<function get at 0x7fd2f4605a60>, url_template='/{name}/', default_success_code=<HTTPStatus.OK: 200>)>, <Methods.POST: Method(function=<function post at 0x7fd2f4605c10>, url_template='/{name}/', default_success_code=<HTTPStatus.CREATED: 201>)>], data_class=<class 'tests.utils.data_classes.FileSystemFields'>)>"
      }, {
        "name" : "method",
        "value" : "<Methods.POST: Method(function=<function post at 0x7fd2f4605c10>, url_template='/{name}/', default_success_code=<HTTPStatus.CREATED: 201>)>"
      } ],
      "stepsCount" : 0,
      "attachmentsCount" : 0,
      "shouldDisplayMessage" : false,
      "hasContent" : true
    } ],
    "attachments" : [ ],
    "parameters" : [ ],
    "stepsCount" : 1,
    "attachmentsCount" : 0,
    "shouldDisplayMessage" : false,
    "hasContent" : true
  }, {
    "name" : "cmd_opts",
    "time" : {
      "start" : 1618389387072,
      "stop" : 1618389387072,
      "duration" : 0
    },
    "status" : "passed",
    "steps" : [ ],
    "attachments" : [ ],
    "parameters" : [ ],
    "stepsCount" : 0,
    "attachmentsCount" : 0,
    "shouldDisplayMessage" : false,
    "hasContent" : false
  }, {
    "name" : "image",
    "time" : {
      "start" : 1618389387072,
      "stop" : 1618389391106,
      "duration" : 4034
    },
    "status" : "passed",
    "steps" : [ {
      "name" : "Run container: app:refs_pull_6_merge",
      "time" : {
        "start" : 1618389387117,
        "stop" : 1618389387769,
        "duration" : 652
      },
      "status" : "passed",
      "steps" : [ ],
      "attachments" : [ ],
      "parameters" : [ ],
      "stepsCount" : 0,
      "attachmentsCount" : 0,
      "shouldDisplayMessage" : false,
      "hasContent" : false
    } ],
    "attachments" : [ ],
    "parameters" : [ ],
    "stepsCount" : 1,
    "attachmentsCount" : 0,
    "shouldDisplayMessage" : false,
    "hasContent" : true
  }, {
    "name" : "app_fs",
    "time" : {
      "start" : 1618389420950,
      "stop" : 1618389422431,
      "duration" : 1481
    },
    "status" : "passed",
    "steps" : [ {
      "name" : "Run container: local/app:BapDGBzpjC",
      "time" : {
        "start" : 1618389420966,
        "stop" : 1618389421389,
        "duration" : 423
      },
      "status" : "passed",
      "steps" : [ ],
      "attachments" : [ ],
      "parameters" : [ ],
      "stepsCount" : 0,
      "attachmentsCount" : 0,
      "shouldDisplayMessage" : false,
      "hasContent" : false
    } ],
    "attachments" : [ ],
    "parameters" : [ ],
    "stepsCount" : 1,
    "attachmentsCount" : 0,
    "shouldDisplayMessage" : false,
    "hasContent" : true
  } ],
  "testStage" : {
    "description" : "\n    Negative cases of request body testing\n    Includes sets of invalid field values - out of boundary values,\n    nullable and required if not possible, fields with incorrect types etc.\n    ",
    "status" : "failed",
    "statusMessage" : "tests.steps.asserts.BodyAssertionError: Response body assertion failed!",
    "statusTrace" : "response = <Response [422]>\nexpected_body = {'description': ['The description may not be greater than 2000 characters.']}\n\n    @allure.step(\"Response body should be\")\n    def body_should_be(response: Response, expected_body=None):\n        \"\"\"Assert response body and attach it\"\"\"\n        actual_body = response.json()\n        allure.attach(\n            json.dumps(expected_body, indent=2),\n            name=\"Expected body\",\n            attachment_type=allure.attachment_type.JSON,\n        )\n        allure.attach(\n            json.dumps(actual_body, indent=2),\n            name=\"Actual body\",\n            attachment_type=allure.attachment_type.JSON,\n        )\n        try:\n>           assert actual_body == expected_body, \"Response body assertion failed!\"\nE           AssertionError: Response body assertion failed!\n\ntests/steps/asserts.py:36: AssertionError\n\nThe above exception was the direct cause of the following exception:\n\nprepare_post_body_data = (<tests.utils.api_objects.APPApi object at 0x7fd2f41e0700>, [POST file-system and expect 422 status code. at 0x7fd2f43...-system and expect 422 status code. at 0x7fd2f4397cd0, POST file-system and expect 422 status code. at 0x7fd2f4397dc0])\n\n    @pytest.mark.parametrize(\n        \"prepare_post_body_data\", get_negative_data_for_post_body_check(), indirect=True\n    )\n    def test_post_body_negative(prepare_post_body_data):\n        \"\"\"\n        Negative cases of request body testing\n        Includes sets of invalid field values - out of boundary values,\n        nullable and required if not possible, fields with incorrect types etc.\n        \"\"\"\n        app, test_data_list = prepare_post_body_data\n        for test_data in test_data_list:\n            with allure.step(title=f\"Assert - {test_data.description}\"):\n>               app.exec_request(\n                    request=test_data.request, expected_response=test_data.response\n                )\n\ntests/api/test_request_body/test_post.py:86: \n_ _ _ _ _ _ _ _ _ _ _ _ _ _ _ _ _ _ _ _ _ _ _ _ _ _ _ _ _ _ _ _ _ _ _ _ _ _ _ _ \ntests/utils/api_objects.py:77: in exec_request\n    body_should_be(response=response, expected_body=expected_response.body)\n_ _ _ _ _ _ _ _ _ _ _ _ _ _ _ _ _ _ _ _ _ _ _ _ _ _ _ _ _ _ _ _ _ _ _ _ _ _ _ _ \n\nresponse = <Response [422]>\nexpected_body = {'description': ['The description may not be greater than 2000 characters.']}\n\n    @allure.step(\"Response body should be\")\n    def body_should_be(response: Response, expected_body=None):\n        \"\"\"Assert response body and attach it\"\"\"\n        actual_body = response.json()\n        allure.attach(\n            json.dumps(expected_body, indent=2),\n            name=\"Expected body\",\n            attachment_type=allure.attachment_type.JSON,\n        )\n        allure.attach(\n            json.dumps(actual_body, indent=2),\n            name=\"Actual body\",\n            attachment_type=allure.attachment_type.JSON,\n        )\n        try:\n            assert actual_body == expected_body, \"Response body assertion failed!\"\n        except AssertionError as error:\n>           raise BodyAssertionError(error) from error\nE           tests.steps.asserts.BodyAssertionError: Response body assertion failed!\n\ntests/steps/asserts.py:38: BodyAssertionError",
    "steps" : [ {
      "name" : "Assert - All fields without body checks - Special values: description, name",
      "time" : {
        "start" : 1618389422433,
        "stop" : 1618389422478,
        "duration" : 45
      },
      "status" : "passed",
      "steps" : [ {
        "name" : "Send POST /file-system/",
        "time" : {
          "start" : 1618389422433,
          "stop" : 1618389422478,
          "duration" : 45
        },
        "status" : "passed",
        "steps" : [ {
          "name" : "Response status code should be equal <HTTPStatus.UNPROCESSABLE_ENTITY: 422>",
          "time" : {
            "start" : 1618389422478,
            "stop" : 1618389422478,
            "duration" : 0
          },
          "status" : "passed",
          "steps" : [ ],
          "attachments" : [ ],
          "parameters" : [ {
            "name" : "response",
            "value" : "<Response [422]>"
          }, {
            "name" : "status_code",
            "value" : "<HTTPStatus.UNPROCESSABLE_ENTITY: 422>"
          } ],
          "stepsCount" : 0,
          "attachmentsCount" : 0,
          "shouldDisplayMessage" : false,
          "hasContent" : true
        } ],
        "attachments" : [ {
          "uid" : "bf49b6815a2542c6",
          "name" : "Full request log",
          "source" : "bf49b6815a2542c6.txt",
          "type" : "text/plain",
          "size" : 3003
        } ],
        "parameters" : [ ],
        "stepsCount" : 1,
        "attachmentsCount" : 1,
        "shouldDisplayMessage" : false,
        "hasContent" : true
      } ],
      "attachments" : [ ],
      "parameters" : [ ],
      "stepsCount" : 2,
      "attachmentsCount" : 1,
      "shouldDisplayMessage" : false,
      "hasContent" : true
    }, {
      "name" : "Assert - description: ['The description may not be greater than 2000 characters.']",
      "time" : {
        "start" : 1618389422478,
        "stop" : 1618389422531,
        "duration" : 53
      },
      "status" : "failed",
      "statusMessage" : "tests.steps.asserts.BodyAssertionError: Response body assertion failed!\n",
      "statusTrace" : "  File \"/home/runner/work/truly_automated_tests/truly_automated_tests/tests/api/test_request_body/test_post.py\", line 86, in test_post_body_negative\n    app.exec_request(\n  File \"/home/runner/work/truly_automated_tests/truly_automated_tests/tests/utils/api_objects.py\", line 77, in exec_request\n    body_should_be(response=response, expected_body=expected_response.body)\n  File \"/opt/hostedtoolcache/Python/3.9.4/x64/lib/python3.9/site-packages/allure_commons/_allure.py\", line 172, in impl\n    return func(*a, **kw)\n  File \"/home/runner/work/truly_automated_tests/truly_automated_tests/tests/steps/asserts.py\", line 38, in body_should_be\n    raise BodyAssertionError(error) from error\n",
      "steps" : [ {
        "name" : "Send POST /file-system/",
        "time" : {
          "start" : 1618389422478,
          "stop" : 1618389422531,
          "duration" : 53
        },
        "status" : "failed",
        "statusMessage" : "tests.steps.asserts.BodyAssertionError: Response body assertion failed!\n",
        "statusTrace" : "  File \"/home/runner/work/truly_automated_tests/truly_automated_tests/tests/utils/api_objects.py\", line 77, in exec_request\n    body_should_be(response=response, expected_body=expected_response.body)\n  File \"/opt/hostedtoolcache/Python/3.9.4/x64/lib/python3.9/site-packages/allure_commons/_allure.py\", line 172, in impl\n    return func(*a, **kw)\n  File \"/home/runner/work/truly_automated_tests/truly_automated_tests/tests/steps/asserts.py\", line 38, in body_should_be\n    raise BodyAssertionError(error) from error\n",
        "steps" : [ {
          "name" : "Response status code should be equal <HTTPStatus.UNPROCESSABLE_ENTITY: 422>",
          "time" : {
            "start" : 1618389422530,
            "stop" : 1618389422530,
            "duration" : 0
          },
          "status" : "passed",
          "steps" : [ ],
          "attachments" : [ ],
          "parameters" : [ {
            "name" : "response",
            "value" : "<Response [422]>"
          }, {
            "name" : "status_code",
            "value" : "<HTTPStatus.UNPROCESSABLE_ENTITY: 422>"
          } ],
          "stepsCount" : 0,
          "attachmentsCount" : 0,
          "shouldDisplayMessage" : false,
          "hasContent" : true
        }, {
          "name" : "Response body should be",
          "time" : {
            "start" : 1618389422530,
            "stop" : 1618389422531,
            "duration" : 1
          },
          "status" : "failed",
          "statusMessage" : "tests.steps.asserts.BodyAssertionError: Response body assertion failed!\n",
          "statusTrace" : "  File \"/opt/hostedtoolcache/Python/3.9.4/x64/lib/python3.9/site-packages/allure_commons/_allure.py\", line 172, in impl\n    return func(*a, **kw)\n  File \"/home/runner/work/truly_automated_tests/truly_automated_tests/tests/steps/asserts.py\", line 38, in body_should_be\n    raise BodyAssertionError(error) from error\n",
          "steps" : [ ],
          "attachments" : [ {
            "uid" : "d1b5bbf75b6988a6",
            "name" : "Expected body",
            "source" : "d1b5bbf75b6988a6.json",
            "type" : "application/json",
            "size" : 89
          }, {
            "uid" : "cd4b4d9c3b272084",
            "name" : "Actual body",
            "source" : "cd4b4d9c3b272084.json",
            "type" : "application/json",
            "size" : 152
          } ],
          "parameters" : [ {
            "name" : "response",
            "value" : "<Response [422]>"
          }, {
            "name" : "expected_body",
            "value" : "{'description': ['The description may not be greater than 2000 characters.']}"
          } ],
          "stepsCount" : 0,
          "attachmentsCount" : 2,
          "shouldDisplayMessage" : true,
          "hasContent" : true
        } ],
        "attachments" : [ {
          "uid" : "4249adabc16b0526",
          "name" : "Full request log",
          "source" : "4249adabc16b0526.txt",
          "type" : "text/plain",
          "size" : 2928
        } ],
        "parameters" : [ ],
        "stepsCount" : 2,
        "attachmentsCount" : 3,
        "shouldDisplayMessage" : false,
        "hasContent" : true
      } ],
      "attachments" : [ ],
      "parameters" : [ ],
      "stepsCount" : 3,
      "attachmentsCount" : 3,
      "shouldDisplayMessage" : false,
      "hasContent" : true
    } ],
    "attachments" : [ ],
    "parameters" : [ ],
    "stepsCount" : 7,
    "attachmentsCount" : 4,
    "shouldDisplayMessage" : true,
    "hasContent" : true
  },
  "afterStages" : [ {
    "name" : "image::fin",
    "time" : {
      "start" : 1618389426648,
      "stop" : 1618389426659,
      "duration" : 11
    },
    "status" : "passed",
    "steps" : [ ],
    "attachments" : [ ],
    "parameters" : [ ],
    "stepsCount" : 0,
    "attachmentsCount" : 0,
    "shouldDisplayMessage" : false,
    "hasContent" : false
  }, {
    "name" : "app_fs::fin",
    "time" : {
      "start" : 1618389422540,
      "stop" : 1618389422848,
      "duration" : 308
    },
    "status" : "passed",
    "steps" : [ {
      "name" : "Gather /var/www/html/storage/app/ from APP container: 5145c3bedd91608228813748e36b99b3b19f26032b51cecce31a2a0ff4d33b03",
      "time" : {
        "start" : 1618389422541,
        "stop" : 1618389422608,
        "duration" : 67
      },
      "status" : "passed",
      "steps" : [ ],
      "attachments" : [ {
        "uid" : "ecc86166f4f5f9b3",
        "name" : "test_post_body_negative[file-system_POST_negative_Invalid field types and values]_1618389422.5406094.tgz",
        "source" : "ecc86166f4f5f9b3.tgz",
        "type" : "application/gzip",
        "size" : 1192
      } ],
      "parameters" : [ ],
      "stepsCount" : 0,
      "attachmentsCount" : 1,
      "shouldDisplayMessage" : false,
      "hasContent" : true
    } ],
    "attachments" : [ ],
    "parameters" : [ ],
    "stepsCount" : 1,
    "attachmentsCount" : 1,
    "shouldDisplayMessage" : false,
    "hasContent" : true
  } ],
  "labels" : [ {
    "name" : "parentSuite",
    "value" : "API"
  }, {
    "name" : "subSuite",
    "value" : "POST"
  }, {
    "name" : "suite",
    "value" : "Body tests"
  }, {
    "name" : "tag",
    "value" : "negative"
  }, {
    "name" : "host",
    "value" : "fv-az252-672"
  }, {
    "name" : "thread",
    "value" : "4926-MainThread"
  }, {
    "name" : "framework",
    "value" : "pytest"
  }, {
    "name" : "language",
    "value" : "cpython3"
  }, {
    "name" : "package",
    "value" : "api.test_request_body.test_post"
  }, {
    "name" : "resultFormat",
    "value" : "allure2"
  } ],
  "parameters" : [ {
    "name" : "prepare_post_body_data",
    "value" : "[TestDataWithPreparedBody(test_data=POST file-system and expect 422 status code. at 0x7fd2f4397bb0, test_body={'description': PreparedFieldValue(value='bABVntpIgxjrzylZMDbOOrJjoGpaEiPuyftIwVHaxvXDtNWeDQxViOaMUEapuFsvhhOVSUDjUKRAixSjbYwDxXRaCPhPuzZTXwxcNoqdoSbeecngVUhAmgoaRwwjHSWNVZynvwiqXnILISeiLLFHwOyIBUJIsGaWOBGkxEGUrxQnIjDqkhRkNrEoWBmzNsrwApqErkBCDjUhdNfkRQYYMjpVSHXSnlfTOTUGPgLcqGlWeUcWvCDxBXGZqbaxYSJIhyEoZNxcicbISctFreNiCmUkLuagcdpECHfLauznjUHdDLVUVEQHcZBtCVQQfuQKeugmEGxhyMLfQDalFCLCNCNMTBqYRZOfQYrkLWDqZASBtSNjMuUQavuqfzqimvPxaHcpNHQoKIazyyAcVWyrLRdmxIDDRoYinHshOhWVphUztazsNhUgbmlVCMMbemyGyvIaxSyZGuXMcqnNhNdWMUGZUFNFxpOcUBmHtmPWQmJqWvtgQaBasUkSRYTKeiNkzDnHkCSGbirPsgOfprHlehzBtJWztsbXiJATFmIAUAAKndDwORBCDxgOayskZjKBCRrSuULgOQRsInIZCNROMwAqlKsbhfUEUlxZRsfuwlLsxoFQwawEUQMhjxrhSGmVPfhYaFulMjvvyoBppsuojmrGsQiehhmUcvyufHsEEXcpeVzgGmjwzUgcaxuqlSQTRVMiDXJzTzZmuFkDxlVsZQvIImVuNQQDHSFHCGAOuebepguPvNBYrdVrlLKQnmjVhLMDcbDSQgJcowQwgqDQQSnaRHbABywmGfSmLspDQxNcmqGdEhoQLKcMJxrQSFNBQbjTBaxsIPHVVpnOpRcQrIVuaqGGMmyaYyKNaoXBQBMMYnKLJyBxRCdCSGrWsrejBnPtIvhjNReRrMXheJGakEkISJLeCorZckUesRbQVAdeFzIblOsoxEIldKoWoMeXzYNaXalgklhxpOXIHfNHrkVCnnwekypbUekKHJXfWEOCuUaYIrNLMPpyAPxWleJyXPPzFuGEjnXUTsYjflChPDilsosdQCPmnOpkXsbITusdKPkfTYoQefRJMLIQmiywQUVCrjmYEwIiGYARSHGUHJxCyYwGXptaEMeHFzJWvuaLbeVjWBqPjICoiYnObGuBkpctquFxiPStOFxKTrUrBCfiaxdhjOYjRftCSfmQlcBqKuCPeuRKRVdZHUotMrxkLpSykAHcKRpudQigsIJcPYKLlajWKoarEzgDLbNjhHNYohCIzIIqWhxKXMguVFQFWCmSjbQPJKZvsUejWOBeeBKYzpyYaDVXuPKXMsIyFSHAnjvhnfEHufLFAPuUOdeuRZnkDuvuWXMVGiqzHNGlXWxtpARWMDcGMPuAYJOoeLXiVtuoSxanxfMYbgEkUCpWaGGTYCERGkHBNaaBavYKmnNBrlipyZYQnkylczWQCpOOJcrYokVAKqGkZgMFeCYJknIRCzvTowPsYNKkCPtRGQOuYLaiqjfBGcBBOfxHvdMOawFUfjIHqDBxUHCQGZKkJeATewkWfqpRyjLQAzpxeOlzvaSkhiJvDMGdRaKuYrACKlnvPUmnwNaYCkjZTBVFCpLEfImWGKyIJqzHLIXLZebwwPsDwvGtIYrfCOtxVqKJafHmPoyqPfepqcifDQxxuCaqETRvjSTrLzYDzXvQlkvyvcCoZweqcyUqkGcDXWbUkXUrFwZPxFiKvyHxRLpcNpFlqJQFsERKfZiQgMdIYnljLgoSDYCwELnlgpvxTRgnvtdUJkXoKOeYrUKbVRvsXUYaJnyaPzrpADQIRwuGynovepDbZlwxVHwGbJUCwyKPxGwMwsBJblEFNmqcnHiVZsJEjDgclyIUDbRJwhyGMfMwCyveZsyDnetiOAHJFOtgFrDuDePacUZVhXWCVMhszoLKUmEVGsosAARimaSCGRUBicvYMNAiRRygWRqsIZykUzQJsCYHRRpLHrkLsnkMvzKPishhxHChInKki', generated_value=False, error_messages=['The description may not be greater than 2000 characters.'], f_type=Text(_sp_vals_positive=None, _sp_vals_negative=[...]), drop_key=False), 'name': PreparedFieldValue(value='UeOHYUQFkCvaxbvKzHTopvdXCehIAAwDjuGrVemmvzLUkTESimkSSODbLRlCqeFLeyGhXoaOmzSfSoaUvagyZDExzclUmurusRNOOGdhQUehVhqZWtafKsUFPfakTljLRVyzMvxmVSIdQbIVEeEfvpijYEukbmtEpSmJgOuWHTGHJvrgBbHbbvCIkRRFnUadqHxlVtjQjZaFoHOaTwEIPsEnFaTLzCyzoeMxsBMlbbnkwykRDOVXsUbDyKJRpdhc', generated_value=False, error_messages=['The name may not be greater than 255 characters.'], f_type=String(_sp_vals_positive=['s', '!@#$%^&*\\\\/{}[]', 'yVOIBBFNCEvZYgxnqLmEYcBnqFLJptSbeoNmKmOBRlgvInYzLvnsJmAZibUuAvDljJcSRrLyxVxEFiyPCFnoynilOPhRRzDqMrBXRYiXhLavaCQSBOxVIyUKrUCrsKTlFgnyfFRefuvnvxWlnTyyTlSdaoGlJYsBWpKxOsmzNsNnXfPeFZfoAFQyknCiFbwcbDttQQkIORiXgXISWxprENoUsaXvCgUBTwSMQIZXBbtPWyacKkbZJhQTkzUXKbX'], _sp_vals_negative=[...]), drop_key=False)}), TestDataWithPreparedBody(test_data=POST file-system and expect 422 status code. at 0x7fd2f4397cd0, test_body={'description': PreparedFieldValue(value='bABVntpIgxjrzylZMDbOOrJjoGpaEiPuyftIwVHaxvXDtNWeDQxViOaMUEapuFsvhhOVSUDjUKRAixSjbYwDxXRaCPhPuzZTXwxcNoqdoSbeecngVUhAmgoaRwwjHSWNVZynvwiqXnILISeiLLFHwOyIBUJIsGaWOBGkxEGUrxQnIjDqkhRkNrEoWBmzNsrwApqErkBCDjUhdNfkRQYYMjpVSHXSnlfTOTUGPgLcqGlWeUcWvCDxBXGZqbaxYSJIhyEoZNxcicbISctFreNiCmUkLuagcdpECHfLauznjUHdDLVUVEQHcZBtCVQQfuQKeugmEGxhyMLfQDalFCLCNCNMTBqYRZOfQYrkLWDqZASBtSNjMuUQavuqfzqimvPxaHcpNHQoKIazyyAcVWyrLRdmxIDDRoYinHshOhWVphUztazsNhUgbmlVCMMbemyGyvIaxSyZGuXMcqnNhNdWMUGZUFNFxpOcUBmHtmPWQmJqWvtgQaBasUkSRYTKeiNkzDnHkCSGbirPsgOfprHlehzBtJWztsbXiJATFmIAUAAKndDwORBCDxgOayskZjKBCRrSuULgOQRsInIZCNROMwAqlKsbhfUEUlxZRsfuwlLsxoFQwawEUQMhjxrhSGmVPfhYaFulMjvvyoBppsuojmrGsQiehhmUcvyufHsEEXcpeVzgGmjwzUgcaxuqlSQTRVMiDXJzTzZmuFkDxlVsZQvIImVuNQQDHSFHCGAOuebepguPvNBYrdVrlLKQnmjVhLMDcbDSQgJcowQwgqDQQSnaRHbABywmGfSmLspDQxNcmqGdEhoQLKcMJxrQSFNBQbjTBaxsIPHVVpnOpRcQrIVuaqGGMmyaYyKNaoXBQBMMYnKLJyBxRCdCSGrWsrejBnPtIvhjNReRrMXheJGakEkISJLeCorZckUesRbQVAdeFzIblOsoxEIldKoWoMeXzYNaXalgklhxpOXIHfNHrkVCnnwekypbUekKHJXfWEOCuUaYIrNLMPpyAPxWleJyXPPzFuGEjnXUTsYjflChPDilsosdQCPmnOpkXsbITusdKPkfTYoQefRJMLIQmiywQUVCrjmYEwIiGYARSHGUHJxCyYwGXptaEMeHFzJWvuaLbeVjWBqPjICoiYnObGuBkpctquFxiPStOFxKTrUrBCfiaxdhjOYjRftCSfmQlcBqKuCPeuRKRVdZHUotMrxkLpSykAHcKRpudQigsIJcPYKLlajWKoarEzgDLbNjhHNYohCIzIIqWhxKXMguVFQFWCmSjbQPJKZvsUejWOBeeBKYzpyYaDVXuPKXMsIyFSHAnjvhnfEHufLFAPuUOdeuRZnkDuvuWXMVGiqzHNGlXWxtpARWMDcGMPuAYJOoeLXiVtuoSxanxfMYbgEkUCpWaGGTYCERGkHBNaaBavYKmnNBrlipyZYQnkylczWQCpOOJcrYokVAKqGkZgMFeCYJknIRCzvTowPsYNKkCPtRGQOuYLaiqjfBGcBBOfxHvdMOawFUfjIHqDBxUHCQGZKkJeATewkWfqpRyjLQAzpxeOlzvaSkhiJvDMGdRaKuYrACKlnvPUmnwNaYCkjZTBVFCpLEfImWGKyIJqzHLIXLZebwwPsDwvGtIYrfCOtxVqKJafHmPoyqPfepqcifDQxxuCaqETRvjSTrLzYDzXvQlkvyvcCoZweqcyUqkGcDXWbUkXUrFwZPxFiKvyHxRLpcNpFlqJQFsERKfZiQgMdIYnljLgoSDYCwELnlgpvxTRgnvtdUJkXoKOeYrUKbVRvsXUYaJnyaPzrpADQIRwuGynovepDbZlwxVHwGbJUCwyKPxGwMwsBJblEFNmqcnHiVZsJEjDgclyIUDbRJwhyGMfMwCyveZsyDnetiOAHJFOtgFrDuDePacUZVhXWCVMhszoLKUmEVGsosAARimaSCGRUBicvYMNAiRRygWRqsIZykUzQJsCYHRRpLHrkLsnkMvzKPishhxHChInKki', generated_value=False, error_messages=['The description may not be greater than 2000 characters.'], f_type=Text(_sp_vals_positive=None, _sp_vals_negative=[...]), drop_key=False)}), TestDataWithPreparedBody(test_data=POST file-system and expect 422 status code. at 0x7fd2f4397dc0, test_body={'name': PreparedFieldValue(value='UeOHYUQFkCvaxbvKzHTopvdXCehIAAwDjuGrVemmvzLUkTESimkSSODbLRlCqeFLeyGhXoaOmzSfSoaUvagyZDExzclUmurusRNOOGdhQUehVhqZWtafKsUFPfakTljLRVyzMvxmVSIdQbIVEeEfvpijYEukbmtEpSmJgOuWHTGHJvrgBbHbbvCIkRRFnUadqHxlVtjQjZaFoHOaTwEIPsEnFaTLzCyzoeMxsBMlbbnkwykRDOVXsUbDyKJRpdhc', generated_value=False, error_messages=['The name may not be greater than 255 characters.'], f_type=String(_sp_vals_positive=['s', '!@#$%^&*\\\\/{}[]', 'yVOIBBFNCEvZYgxnqLmEYcBnqFLJptSbeoNmKmOBRlgvInYzLvnsJmAZibUuAvDljJcSRrLyxVxEFiyPCFnoynilOPhRRzDqMrBXRYiXhLavaCQSBOxVIyUKrUCrsKTlFgnyfFRefuvnvxWlnTyyTlSdaoGlJYsBWpKxOsmzNsNnXfPeFZfoAFQyknCiFbwcbDttQQkIORiXgXISWxprENoUsaXvCgUBTwSMQIZXBbtPWyacKkbZJhQTkzUXKbX'], _sp_vals_negative=[...]), drop_key=False)})]"
  } ],
  "links" : [ ],
  "hidden" : false,
  "retry" : false,
  "extra" : {
    "severity" : "normal",
    "retries" : [ ],
    "categories" : [ {
      "name" : "Product defects",
      "matchedStatuses" : [ ],
      "flaky" : false
    } ],
    "tags" : [ "negative" ]
  },
  "source" : "516324a2426a5460.json",
  "parameterValues" : [ "[TestDataWithPreparedBody(test_data=POST file-system and expect 422 status code. at 0x7fd2f4397bb0, test_body={'description': PreparedFieldValue(value='bABVntpIgxjrzylZMDbOOrJjoGpaEiPuyftIwVHaxvXDtNWeDQxViOaMUEapuFsvhhOVSUDjUKRAixSjbYwDxXRaCPhPuzZTXwxcNoqdoSbeecngVUhAmgoaRwwjHSWNVZynvwiqXnILISeiLLFHwOyIBUJIsGaWOBGkxEGUrxQnIjDqkhRkNrEoWBmzNsrwApqErkBCDjUhdNfkRQYYMjpVSHXSnlfTOTUGPgLcqGlWeUcWvCDxBXGZqbaxYSJIhyEoZNxcicbISctFreNiCmUkLuagcdpECHfLauznjUHdDLVUVEQHcZBtCVQQfuQKeugmEGxhyMLfQDalFCLCNCNMTBqYRZOfQYrkLWDqZASBtSNjMuUQavuqfzqimvPxaHcpNHQoKIazyyAcVWyrLRdmxIDDRoYinHshOhWVphUztazsNhUgbmlVCMMbemyGyvIaxSyZGuXMcqnNhNdWMUGZUFNFxpOcUBmHtmPWQmJqWvtgQaBasUkSRYTKeiNkzDnHkCSGbirPsgOfprHlehzBtJWztsbXiJATFmIAUAAKndDwORBCDxgOayskZjKBCRrSuULgOQRsInIZCNROMwAqlKsbhfUEUlxZRsfuwlLsxoFQwawEUQMhjxrhSGmVPfhYaFulMjvvyoBppsuojmrGsQiehhmUcvyufHsEEXcpeVzgGmjwzUgcaxuqlSQTRVMiDXJzTzZmuFkDxlVsZQvIImVuNQQDHSFHCGAOuebepguPvNBYrdVrlLKQnmjVhLMDcbDSQgJcowQwgqDQQSnaRHbABywmGfSmLspDQxNcmqGdEhoQLKcMJxrQSFNBQbjTBaxsIPHVVpnOpRcQrIVuaqGGMmyaYyKNaoXBQBMMYnKLJyBxRCdCSGrWsrejBnPtIvhjNReRrMXheJGakEkISJLeCorZckUesRbQVAdeFzIblOsoxEIldKoWoMeXzYNaXalgklhxpOXIHfNHrkVCnnwekypbUekKHJXfWEOCuUaYIrNLMPpyAPxWleJyXPPzFuGEjnXUTsYjflChPDilsosdQCPmnOpkXsbITusdKPkfTYoQefRJMLIQmiywQUVCrjmYEwIiGYARSHGUHJxCyYwGXptaEMeHFzJWvuaLbeVjWBqPjICoiYnObGuBkpctquFxiPStOFxKTrUrBCfiaxdhjOYjRftCSfmQlcBqKuCPeuRKRVdZHUotMrxkLpSykAHcKRpudQigsIJcPYKLlajWKoarEzgDLbNjhHNYohCIzIIqWhxKXMguVFQFWCmSjbQPJKZvsUejWOBeeBKYzpyYaDVXuPKXMsIyFSHAnjvhnfEHufLFAPuUOdeuRZnkDuvuWXMVGiqzHNGlXWxtpARWMDcGMPuAYJOoeLXiVtuoSxanxfMYbgEkUCpWaGGTYCERGkHBNaaBavYKmnNBrlipyZYQnkylczWQCpOOJcrYokVAKqGkZgMFeCYJknIRCzvTowPsYNKkCPtRGQOuYLaiqjfBGcBBOfxHvdMOawFUfjIHqDBxUHCQGZKkJeATewkWfqpRyjLQAzpxeOlzvaSkhiJvDMGdRaKuYrACKlnvPUmnwNaYCkjZTBVFCpLEfImWGKyIJqzHLIXLZebwwPsDwvGtIYrfCOtxVqKJafHmPoyqPfepqcifDQxxuCaqETRvjSTrLzYDzXvQlkvyvcCoZweqcyUqkGcDXWbUkXUrFwZPxFiKvyHxRLpcNpFlqJQFsERKfZiQgMdIYnljLgoSDYCwELnlgpvxTRgnvtdUJkXoKOeYrUKbVRvsXUYaJnyaPzrpADQIRwuGynovepDbZlwxVHwGbJUCwyKPxGwMwsBJblEFNmqcnHiVZsJEjDgclyIUDbRJwhyGMfMwCyveZsyDnetiOAHJFOtgFrDuDePacUZVhXWCVMhszoLKUmEVGsosAARimaSCGRUBicvYMNAiRRygWRqsIZykUzQJsCYHRRpLHrkLsnkMvzKPishhxHChInKki', generated_value=False, error_messages=['The description may not be greater than 2000 characters.'], f_type=Text(_sp_vals_positive=None, _sp_vals_negative=[...]), drop_key=False), 'name': PreparedFieldValue(value='UeOHYUQFkCvaxbvKzHTopvdXCehIAAwDjuGrVemmvzLUkTESimkSSODbLRlCqeFLeyGhXoaOmzSfSoaUvagyZDExzclUmurusRNOOGdhQUehVhqZWtafKsUFPfakTljLRVyzMvxmVSIdQbIVEeEfvpijYEukbmtEpSmJgOuWHTGHJvrgBbHbbvCIkRRFnUadqHxlVtjQjZaFoHOaTwEIPsEnFaTLzCyzoeMxsBMlbbnkwykRDOVXsUbDyKJRpdhc', generated_value=False, error_messages=['The name may not be greater than 255 characters.'], f_type=String(_sp_vals_positive=['s', '!@#$%^&*\\\\/{}[]', 'yVOIBBFNCEvZYgxnqLmEYcBnqFLJptSbeoNmKmOBRlgvInYzLvnsJmAZibUuAvDljJcSRrLyxVxEFiyPCFnoynilOPhRRzDqMrBXRYiXhLavaCQSBOxVIyUKrUCrsKTlFgnyfFRefuvnvxWlnTyyTlSdaoGlJYsBWpKxOsmzNsNnXfPeFZfoAFQyknCiFbwcbDttQQkIORiXgXISWxprENoUsaXvCgUBTwSMQIZXBbtPWyacKkbZJhQTkzUXKbX'], _sp_vals_negative=[...]), drop_key=False)}), TestDataWithPreparedBody(test_data=POST file-system and expect 422 status code. at 0x7fd2f4397cd0, test_body={'description': PreparedFieldValue(value='bABVntpIgxjrzylZMDbOOrJjoGpaEiPuyftIwVHaxvXDtNWeDQxViOaMUEapuFsvhhOVSUDjUKRAixSjbYwDxXRaCPhPuzZTXwxcNoqdoSbeecngVUhAmgoaRwwjHSWNVZynvwiqXnILISeiLLFHwOyIBUJIsGaWOBGkxEGUrxQnIjDqkhRkNrEoWBmzNsrwApqErkBCDjUhdNfkRQYYMjpVSHXSnlfTOTUGPgLcqGlWeUcWvCDxBXGZqbaxYSJIhyEoZNxcicbISctFreNiCmUkLuagcdpECHfLauznjUHdDLVUVEQHcZBtCVQQfuQKeugmEGxhyMLfQDalFCLCNCNMTBqYRZOfQYrkLWDqZASBtSNjMuUQavuqfzqimvPxaHcpNHQoKIazyyAcVWyrLRdmxIDDRoYinHshOhWVphUztazsNhUgbmlVCMMbemyGyvIaxSyZGuXMcqnNhNdWMUGZUFNFxpOcUBmHtmPWQmJqWvtgQaBasUkSRYTKeiNkzDnHkCSGbirPsgOfprHlehzBtJWztsbXiJATFmIAUAAKndDwORBCDxgOayskZjKBCRrSuULgOQRsInIZCNROMwAqlKsbhfUEUlxZRsfuwlLsxoFQwawEUQMhjxrhSGmVPfhYaFulMjvvyoBppsuojmrGsQiehhmUcvyufHsEEXcpeVzgGmjwzUgcaxuqlSQTRVMiDXJzTzZmuFkDxlVsZQvIImVuNQQDHSFHCGAOuebepguPvNBYrdVrlLKQnmjVhLMDcbDSQgJcowQwgqDQQSnaRHbABywmGfSmLspDQxNcmqGdEhoQLKcMJxrQSFNBQbjTBaxsIPHVVpnOpRcQrIVuaqGGMmyaYyKNaoXBQBMMYnKLJyBxRCdCSGrWsrejBnPtIvhjNReRrMXheJGakEkISJLeCorZckUesRbQVAdeFzIblOsoxEIldKoWoMeXzYNaXalgklhxpOXIHfNHrkVCnnwekypbUekKHJXfWEOCuUaYIrNLMPpyAPxWleJyXPPzFuGEjnXUTsYjflChPDilsosdQCPmnOpkXsbITusdKPkfTYoQefRJMLIQmiywQUVCrjmYEwIiGYARSHGUHJxCyYwGXptaEMeHFzJWvuaLbeVjWBqPjICoiYnObGuBkpctquFxiPStOFxKTrUrBCfiaxdhjOYjRftCSfmQlcBqKuCPeuRKRVdZHUotMrxkLpSykAHcKRpudQigsIJcPYKLlajWKoarEzgDLbNjhHNYohCIzIIqWhxKXMguVFQFWCmSjbQPJKZvsUejWOBeeBKYzpyYaDVXuPKXMsIyFSHAnjvhnfEHufLFAPuUOdeuRZnkDuvuWXMVGiqzHNGlXWxtpARWMDcGMPuAYJOoeLXiVtuoSxanxfMYbgEkUCpWaGGTYCERGkHBNaaBavYKmnNBrlipyZYQnkylczWQCpOOJcrYokVAKqGkZgMFeCYJknIRCzvTowPsYNKkCPtRGQOuYLaiqjfBGcBBOfxHvdMOawFUfjIHqDBxUHCQGZKkJeATewkWfqpRyjLQAzpxeOlzvaSkhiJvDMGdRaKuYrACKlnvPUmnwNaYCkjZTBVFCpLEfImWGKyIJqzHLIXLZebwwPsDwvGtIYrfCOtxVqKJafHmPoyqPfepqcifDQxxuCaqETRvjSTrLzYDzXvQlkvyvcCoZweqcyUqkGcDXWbUkXUrFwZPxFiKvyHxRLpcNpFlqJQFsERKfZiQgMdIYnljLgoSDYCwELnlgpvxTRgnvtdUJkXoKOeYrUKbVRvsXUYaJnyaPzrpADQIRwuGynovepDbZlwxVHwGbJUCwyKPxGwMwsBJblEFNmqcnHiVZsJEjDgclyIUDbRJwhyGMfMwCyveZsyDnetiOAHJFOtgFrDuDePacUZVhXWCVMhszoLKUmEVGsosAARimaSCGRUBicvYMNAiRRygWRqsIZykUzQJsCYHRRpLHrkLsnkMvzKPishhxHChInKki', generated_value=False, error_messages=['The description may not be greater than 2000 characters.'], f_type=Text(_sp_vals_positive=None, _sp_vals_negative=[...]), drop_key=False)}), TestDataWithPreparedBody(test_data=POST file-system and expect 422 status code. at 0x7fd2f4397dc0, test_body={'name': PreparedFieldValue(value='UeOHYUQFkCvaxbvKzHTopvdXCehIAAwDjuGrVemmvzLUkTESimkSSODbLRlCqeFLeyGhXoaOmzSfSoaUvagyZDExzclUmurusRNOOGdhQUehVhqZWtafKsUFPfakTljLRVyzMvxmVSIdQbIVEeEfvpijYEukbmtEpSmJgOuWHTGHJvrgBbHbbvCIkRRFnUadqHxlVtjQjZaFoHOaTwEIPsEnFaTLzCyzoeMxsBMlbbnkwykRDOVXsUbDyKJRpdhc', generated_value=False, error_messages=['The name may not be greater than 255 characters.'], f_type=String(_sp_vals_positive=['s', '!@#$%^&*\\\\/{}[]', 'yVOIBBFNCEvZYgxnqLmEYcBnqFLJptSbeoNmKmOBRlgvInYzLvnsJmAZibUuAvDljJcSRrLyxVxEFiyPCFnoynilOPhRRzDqMrBXRYiXhLavaCQSBOxVIyUKrUCrsKTlFgnyfFRefuvnvxWlnTyyTlSdaoGlJYsBWpKxOsmzNsNnXfPeFZfoAFQyknCiFbwcbDttQQkIORiXgXISWxprENoUsaXvCgUBTwSMQIZXBbtPWyacKkbZJhQTkzUXKbX'], _sp_vals_negative=[...]), drop_key=False)})]" ]
}