{
  "uid" : "eaa85e7f78c05fb",
  "name" : "test_methods[backup_GET_positive]",
  "fullName" : "api.test_methods#test_methods",
  "historyId" : "c230fc6310a20f4455a3b7e0ae72f2cb",
  "time" : {
    "start" : 1618389399613,
    "stop" : 1618389399613,
    "duration" : 0
  },
  "description" : "\n    Test allowed methods\n    Generate request and response pairs depending on allowed and not allowed methods\n    for all api endpoints\n    ",
  "descriptionHtml" : "<pre><code>Test allowed methods\nGenerate request and response pairs depending on allowed and not allowed methods\nfor all api endpoints\n</code></pre>\n",
  "status" : "failed",
  "statusMessage" : "AssertionError: Expecting status code 201 but got 422",
  "statusTrace" : "request = <SubRequest 'prepare_data' for <Function test_methods[backup_GET_positive]>>\napp_fs = <tests.utils.api_objects.APPApi object at 0x7fd2f4221a00>\n\n    @pytest.fixture(params=get_data_for_methods_check())\n    def prepare_data(request, app_fs):\n        \"\"\"\n        Generate request body here since it depends on actual APP instance\n        and can't be determined when generating\n        \"\"\"\n        test_data_list: List[TestData] = request.param\n        for test_data in test_data_list:\n>           request_data = DbFiller(app=app_fs).generate_valid_request_data(\n                endpoint=test_data.request.endpoint, method=test_data.request.method\n            )\n\ntests/api/test_methods.py:22: \n_ _ _ _ _ _ _ _ _ _ _ _ _ _ _ _ _ _ _ _ _ _ _ _ _ _ _ _ _ _ _ _ _ _ _ _ _ _ _ _ \ntests/test_data/db_filler.py:54: in generate_valid_request_data\n    object_id=self._get_or_create_data_for_endpoint(endpoint=endpoint)[0][\"id\"],\ntests/test_data/db_filler.py:80: in _get_or_create_data_for_endpoint\n    data = self._prepare_data_for_object_creation(endpoint=endpoint, force=force)\ntests/test_data/db_filler.py:108: in _prepare_data_for_object_creation\n    fk_data = self._get_or_create_data_for_endpoint(\ntests/test_data/db_filler.py:88: in _get_or_create_data_for_endpoint\n    response = self.app.exec_request(\ntests/utils/api_objects.py:72: in exec_request\n    status_code_should_be(\n_ _ _ _ _ _ _ _ _ _ _ _ _ _ _ _ _ _ _ _ _ _ _ _ _ _ _ _ _ _ _ _ _ _ _ _ _ _ _ _ \n\nresponse = <Response [422]>, status_code = <HTTPStatus.CREATED: 201>\n\n    @allure.step(\"Response status code should be equal {status_code}\")\n    def status_code_should_be(response: Response, status_code=HTTPStatus.OK):\n        \"\"\"Assert response status code\"\"\"\n>       assert (\n            response.status_code == status_code\n        ), f\"Expecting status code {status_code} but got {response.status_code}\"\nE       AssertionError: Expecting status code 201 but got 422\n\ntests/steps/asserts.py:16: AssertionError",
  "flaky" : false,
  "newFailed" : false,
  "beforeStages" : [ {
    "name" : "prepare_data",
    "time" : {
      "start" : 1618389401161,
      "stop" : 1618389401417,
      "duration" : 256
    },
    "status" : "failed",
    "statusMessage" : "AssertionError: Expecting status code 201 but got 422\n",
    "statusTrace" : "  File \"/opt/hostedtoolcache/Python/3.9.4/x64/lib/python3.9/site-packages/pluggy/callers.py\", line 187, in _multicall\n    res = hook_impl.function(*args)\n  File \"/opt/hostedtoolcache/Python/3.9.4/x64/lib/python3.9/site-packages/_pytest/fixtures.py\", line 1126, in pytest_fixture_setup\n    result = call_fixture_func(fixturefunc, request, kwargs)\n  File \"/opt/hostedtoolcache/Python/3.9.4/x64/lib/python3.9/site-packages/_pytest/fixtures.py\", line 932, in call_fixture_func\n    fixture_result = fixturefunc(**kwargs)\n  File \"/home/runner/work/truly_automated_tests/truly_automated_tests/tests/api/test_methods.py\", line 22, in prepare_data\n    request_data = DbFiller(app=app_fs).generate_valid_request_data(\n  File \"/opt/hostedtoolcache/Python/3.9.4/x64/lib/python3.9/site-packages/allure_commons/_allure.py\", line 172, in impl\n    return func(*a, **kw)\n  File \"/home/runner/work/truly_automated_tests/truly_automated_tests/tests/test_data/db_filler.py\", line 54, in generate_valid_request_data\n    object_id=self._get_or_create_data_for_endpoint(endpoint=endpoint)[0][\"id\"],\n  File \"/home/runner/work/truly_automated_tests/truly_automated_tests/tests/test_data/db_filler.py\", line 80, in _get_or_create_data_for_endpoint\n    data = self._prepare_data_for_object_creation(endpoint=endpoint, force=force)\n  File \"/home/runner/work/truly_automated_tests/truly_automated_tests/tests/test_data/db_filler.py\", line 108, in _prepare_data_for_object_creation\n    fk_data = self._get_or_create_data_for_endpoint(\n  File \"/home/runner/work/truly_automated_tests/truly_automated_tests/tests/test_data/db_filler.py\", line 88, in _get_or_create_data_for_endpoint\n    response = self.app.exec_request(\n  File \"/home/runner/work/truly_automated_tests/truly_automated_tests/tests/utils/api_objects.py\", line 72, in exec_request\n    status_code_should_be(\n  File \"/opt/hostedtoolcache/Python/3.9.4/x64/lib/python3.9/site-packages/allure_commons/_allure.py\", line 172, in impl\n    return func(*a, **kw)\n  File \"/home/runner/work/truly_automated_tests/truly_automated_tests/tests/steps/asserts.py\", line 16, in status_code_should_be\n    assert (\n",
    "steps" : [ {
      "name" : "Generate valid request data",
      "time" : {
        "start" : 1618389401161,
        "stop" : 1618389401416,
        "duration" : 255
      },
      "status" : "failed",
      "statusMessage" : "AssertionError: Expecting status code 201 but got 422\n",
      "statusTrace" : "  File \"/opt/hostedtoolcache/Python/3.9.4/x64/lib/python3.9/site-packages/allure_commons/_allure.py\", line 172, in impl\n    return func(*a, **kw)\n  File \"/home/runner/work/truly_automated_tests/truly_automated_tests/tests/test_data/db_filler.py\", line 54, in generate_valid_request_data\n    object_id=self._get_or_create_data_for_endpoint(endpoint=endpoint)[0][\"id\"],\n  File \"/home/runner/work/truly_automated_tests/truly_automated_tests/tests/test_data/db_filler.py\", line 80, in _get_or_create_data_for_endpoint\n    data = self._prepare_data_for_object_creation(endpoint=endpoint, force=force)\n  File \"/home/runner/work/truly_automated_tests/truly_automated_tests/tests/test_data/db_filler.py\", line 108, in _prepare_data_for_object_creation\n    fk_data = self._get_or_create_data_for_endpoint(\n  File \"/home/runner/work/truly_automated_tests/truly_automated_tests/tests/test_data/db_filler.py\", line 88, in _get_or_create_data_for_endpoint\n    response = self.app.exec_request(\n  File \"/home/runner/work/truly_automated_tests/truly_automated_tests/tests/utils/api_objects.py\", line 72, in exec_request\n    status_code_should_be(\n  File \"/opt/hostedtoolcache/Python/3.9.4/x64/lib/python3.9/site-packages/allure_commons/_allure.py\", line 172, in impl\n    return func(*a, **kw)\n  File \"/home/runner/work/truly_automated_tests/truly_automated_tests/tests/steps/asserts.py\", line 16, in status_code_should_be\n    assert (\n",
      "steps" : [ {
        "name" : "Send LIST /backup/",
        "time" : {
          "start" : 1618389401161,
          "stop" : 1618389401235,
          "duration" : 74
        },
        "status" : "passed",
        "steps" : [ {
          "name" : "Response status code should be equal <HTTPStatus.OK: 200>",
          "time" : {
            "start" : 1618389401235,
            "stop" : 1618389401235,
            "duration" : 0
          },
          "status" : "passed",
          "steps" : [ ],
          "attachments" : [ ],
          "parameters" : [ {
            "name" : "response",
            "value" : "<Response [200]>"
          }, {
            "name" : "status_code",
            "value" : "<HTTPStatus.OK: 200>"
          } ],
          "stepsCount" : 0,
          "attachmentsCount" : 0,
          "shouldDisplayMessage" : false,
          "hasContent" : true
        } ],
        "attachments" : [ {
          "uid" : "97fe82c76fe7b4ec",
          "name" : "Full request log",
          "source" : "97fe82c76fe7b4ec.txt",
          "type" : "text/plain",
          "size" : 503
        } ],
        "parameters" : [ ],
        "stepsCount" : 1,
        "attachmentsCount" : 1,
        "shouldDisplayMessage" : false,
        "hasContent" : true
      }, {
        "name" : "Send LIST /cluster/",
        "time" : {
          "start" : 1618389401235,
          "stop" : 1618389401289,
          "duration" : 54
        },
        "status" : "passed",
        "steps" : [ {
          "name" : "Response status code should be equal <HTTPStatus.OK: 200>",
          "time" : {
            "start" : 1618389401289,
            "stop" : 1618389401289,
            "duration" : 0
          },
          "status" : "passed",
          "steps" : [ ],
          "attachments" : [ ],
          "parameters" : [ {
            "name" : "response",
            "value" : "<Response [200]>"
          }, {
            "name" : "status_code",
            "value" : "<HTTPStatus.OK: 200>"
          } ],
          "stepsCount" : 0,
          "attachmentsCount" : 0,
          "shouldDisplayMessage" : false,
          "hasContent" : true
        } ],
        "attachments" : [ {
          "uid" : "aadda683f8b9a667",
          "name" : "Full request log",
          "source" : "aadda683f8b9a667.txt",
          "type" : "text/plain",
          "size" : 504
        } ],
        "parameters" : [ ],
        "stepsCount" : 1,
        "attachmentsCount" : 1,
        "shouldDisplayMessage" : false,
        "hasContent" : true
      }, {
        "name" : "Send LIST /cluster/",
        "time" : {
          "start" : 1618389401289,
          "stop" : 1618389401355,
          "duration" : 66
        },
        "status" : "passed",
        "steps" : [ {
          "name" : "Response status code should be equal <HTTPStatus.OK: 200>",
          "time" : {
            "start" : 1618389401355,
            "stop" : 1618389401355,
            "duration" : 0
          },
          "status" : "passed",
          "steps" : [ ],
          "attachments" : [ ],
          "parameters" : [ {
            "name" : "response",
            "value" : "<Response [200]>"
          }, {
            "name" : "status_code",
            "value" : "<HTTPStatus.OK: 200>"
          } ],
          "stepsCount" : 0,
          "attachmentsCount" : 0,
          "shouldDisplayMessage" : false,
          "hasContent" : true
        } ],
        "attachments" : [ {
          "uid" : "f1ef30d2d32cb87e",
          "name" : "Full request log",
          "source" : "f1ef30d2d32cb87e.txt",
          "type" : "text/plain",
          "size" : 504
        } ],
        "parameters" : [ ],
        "stepsCount" : 1,
        "attachmentsCount" : 1,
        "shouldDisplayMessage" : false,
        "hasContent" : true
      }, {
        "name" : "Send POST /cluster/",
        "time" : {
          "start" : 1618389401356,
          "stop" : 1618389401416,
          "duration" : 60
        },
        "status" : "failed",
        "statusMessage" : "AssertionError: Expecting status code 201 but got 422\n",
        "statusTrace" : "  File \"/home/runner/work/truly_automated_tests/truly_automated_tests/tests/utils/api_objects.py\", line 72, in exec_request\n    status_code_should_be(\n  File \"/opt/hostedtoolcache/Python/3.9.4/x64/lib/python3.9/site-packages/allure_commons/_allure.py\", line 172, in impl\n    return func(*a, **kw)\n  File \"/home/runner/work/truly_automated_tests/truly_automated_tests/tests/steps/asserts.py\", line 16, in status_code_should_be\n    assert (\n",
        "steps" : [ {
          "name" : "Response status code should be equal <HTTPStatus.CREATED: 201>",
          "time" : {
            "start" : 1618389401416,
            "stop" : 1618389401416,
            "duration" : 0
          },
          "status" : "failed",
          "statusMessage" : "AssertionError: Expecting status code 201 but got 422\n",
          "statusTrace" : "  File \"/opt/hostedtoolcache/Python/3.9.4/x64/lib/python3.9/site-packages/allure_commons/_allure.py\", line 172, in impl\n    return func(*a, **kw)\n  File \"/home/runner/work/truly_automated_tests/truly_automated_tests/tests/steps/asserts.py\", line 16, in status_code_should_be\n    assert (\n",
          "steps" : [ ],
          "attachments" : [ ],
          "parameters" : [ {
            "name" : "response",
            "value" : "<Response [422]>"
          }, {
            "name" : "status_code",
            "value" : "<HTTPStatus.CREATED: 201>"
          } ],
          "stepsCount" : 0,
          "attachmentsCount" : 0,
          "shouldDisplayMessage" : true,
          "hasContent" : true
        } ],
        "attachments" : [ {
          "uid" : "e4c2e0ab9bfd87ad",
          "name" : "Full request log",
          "source" : "e4c2e0ab9bfd87ad.txt",
          "type" : "text/plain",
          "size" : 968
        } ],
        "parameters" : [ ],
        "stepsCount" : 1,
        "attachmentsCount" : 1,
        "shouldDisplayMessage" : false,
        "hasContent" : true
      } ],
      "attachments" : [ ],
      "parameters" : [ {
        "name" : "endpoint",
        "value" : "<Endpoints.Backup: Endpoint(path='backup', methods=[<Methods.GET: Method(function=<function get at 0x7fd2f4605a60>, url_template='/{name}/{id}/', default_success_code=<HTTPStatus.OK: 200>)>, <Methods.LIST: Method(function=<function get at 0x7fd2f4605a60>, url_template='/{name}/', default_success_code=<HTTPStatus.OK: 200>)>, <Methods.POST: Method(function=<function post at 0x7fd2f4605c10>, url_template='/{name}/', default_success_code=<HTTPStatus.CREATED: 201>)>], data_class=<class 'tests.utils.data_classes.BackupFields'>)>"
      }, {
        "name" : "method",
        "value" : "<Methods.GET: Method(function=<function get at 0x7fd2f4605a60>, url_template='/{name}/{id}/', default_success_code=<HTTPStatus.OK: 200>)>"
      } ],
      "stepsCount" : 8,
      "attachmentsCount" : 4,
      "shouldDisplayMessage" : false,
      "hasContent" : true
    } ],
    "attachments" : [ ],
    "parameters" : [ ],
    "stepsCount" : 9,
    "attachmentsCount" : 4,
    "shouldDisplayMessage" : false,
    "hasContent" : true
  }, {
    "name" : "app_fs",
    "time" : {
      "start" : 1618389399614,
      "stop" : 1618389401160,
      "duration" : 1546
    },
    "status" : "passed",
    "steps" : [ {
      "name" : "Run container: local/app:BapDGBzpjC",
      "time" : {
        "start" : 1618389399633,
        "stop" : 1618389400113,
        "duration" : 480
      },
      "status" : "passed",
      "steps" : [ ],
      "attachments" : [ ],
      "parameters" : [ ],
      "stepsCount" : 0,
      "attachmentsCount" : 0,
      "shouldDisplayMessage" : false,
      "hasContent" : false
    } ],
    "attachments" : [ ],
    "parameters" : [ ],
    "stepsCount" : 1,
    "attachmentsCount" : 0,
    "shouldDisplayMessage" : false,
    "hasContent" : true
  }, {
    "name" : "cmd_opts",
    "time" : {
      "start" : 1618389387072,
      "stop" : 1618389387072,
      "duration" : 0
    },
    "status" : "passed",
    "steps" : [ ],
    "attachments" : [ ],
    "parameters" : [ ],
    "stepsCount" : 0,
    "attachmentsCount" : 0,
    "shouldDisplayMessage" : false,
    "hasContent" : false
  }, {
    "name" : "image",
    "time" : {
      "start" : 1618389387072,
      "stop" : 1618389391106,
      "duration" : 4034
    },
    "status" : "passed",
    "steps" : [ {
      "name" : "Run container: app:refs_pull_6_merge",
      "time" : {
        "start" : 1618389387117,
        "stop" : 1618389387769,
        "duration" : 652
      },
      "status" : "passed",
      "steps" : [ ],
      "attachments" : [ ],
      "parameters" : [ ],
      "stepsCount" : 0,
      "attachmentsCount" : 0,
      "shouldDisplayMessage" : false,
      "hasContent" : false
    } ],
    "attachments" : [ ],
    "parameters" : [ ],
    "stepsCount" : 1,
    "attachmentsCount" : 0,
    "shouldDisplayMessage" : false,
    "hasContent" : true
  } ],
  "afterStages" : [ {
    "name" : "app_fs::fin",
    "time" : {
      "start" : 1618389401441,
      "stop" : 1618389401830,
      "duration" : 389
    },
    "status" : "passed",
    "steps" : [ {
      "name" : "Gather /var/www/html/storage/app/ from APP container: 311a8783d1154cfcc0f05339e6913d478a6399406cfedfdf3b673c2a7f10973e",
      "time" : {
        "start" : 1618389401441,
        "stop" : 1618389401561,
        "duration" : 120
      },
      "status" : "passed",
      "steps" : [ ],
      "attachments" : [ {
        "uid" : "2bf36a55b66dd2e3",
        "name" : "test_methods[backup_GET_positive]_1618389401.440834.tgz",
        "source" : "2bf36a55b66dd2e3.tgz",
        "type" : "application/gzip",
        "size" : 1192
      } ],
      "parameters" : [ ],
      "stepsCount" : 0,
      "attachmentsCount" : 1,
      "shouldDisplayMessage" : false,
      "hasContent" : true
    } ],
    "attachments" : [ ],
    "parameters" : [ ],
    "stepsCount" : 1,
    "attachmentsCount" : 1,
    "shouldDisplayMessage" : false,
    "hasContent" : true
  }, {
    "name" : "image::fin",
    "time" : {
      "start" : 1618389426648,
      "stop" : 1618389426659,
      "duration" : 11
    },
    "status" : "passed",
    "steps" : [ ],
    "attachments" : [ ],
    "parameters" : [ ],
    "stepsCount" : 0,
    "attachmentsCount" : 0,
    "shouldDisplayMessage" : false,
    "hasContent" : false
  } ],
  "labels" : [ {
    "name" : "parentSuite",
    "value" : "API"
  }, {
    "name" : "suite",
    "value" : "Allowed methods tests"
  }, {
    "name" : "tag",
    "value" : "positive"
  }, {
    "name" : "host",
    "value" : "fv-az252-672"
  }, {
    "name" : "thread",
    "value" : "4926-MainThread"
  }, {
    "name" : "framework",
    "value" : "pytest"
  }, {
    "name" : "language",
    "value" : "cpython3"
  }, {
    "name" : "package",
    "value" : "api.test_methods"
  }, {
    "name" : "resultFormat",
    "value" : "allure2"
  } ],
  "parameters" : [ {
    "name" : "prepare_data",
    "value" : "[GET backup and expect 200 status code. at 0x7fd2f43758e0]"
  } ],
  "links" : [ ],
  "hidden" : false,
  "retry" : false,
  "extra" : {
    "severity" : "normal",
    "retries" : [ ],
    "categories" : [ {
      "name" : "Product defects",
      "matchedStatuses" : [ ],
      "flaky" : false
    } ],
    "tags" : [ "positive" ]
  },
  "source" : "eaa85e7f78c05fb.json",
  "parameterValues" : [ "[GET backup and expect 200 status code. at 0x7fd2f43758e0]" ]
}