{
  "uid" : "f29d59035557f2da",
  "name" : "test_post_body_negative[file-system_POST_negative_Drop fields with Required=True]",
  "fullName" : "api.test_request_body.test_post#test_post_body_negative",
  "historyId" : "cc724870b665c85e9769bda2833504a3",
  "time" : {
    "start" : 1618397084267,
    "stop" : 1618397084348,
    "duration" : 81
  },
  "description" : "\n    Negative cases of request body testing\n    Includes sets of invalid field values - out of boundary values,\n    nullable and required if not possible, fields with incorrect types etc.\n    ",
  "descriptionHtml" : "<pre><code>Negative cases of request body testing\nIncludes sets of invalid field values - out of boundary values,\nnullable and required if not possible, fields with incorrect types etc.\n</code></pre>\n",
  "status" : "failed",
  "statusMessage" : "AssertionError: Expecting status code 422 but got 500",
  "statusTrace" : "prepare_post_body_data = (<tests.utils.api_objects.APPApi object at 0x7f61b8a12790>, [POST file-system and expect 422 status code. at 0x7f61b8b...-system and expect 422 status code. at 0x7f61b8b24e50, POST file-system and expect 422 status code. at 0x7f61b8b24f40])\n\n    @pytest.mark.parametrize(\n        \"prepare_post_body_data\", get_negative_data_for_post_body_check(), indirect=True\n    )\n    def test_post_body_negative(prepare_post_body_data):\n        \"\"\"\n        Negative cases of request body testing\n        Includes sets of invalid field values - out of boundary values,\n        nullable and required if not possible, fields with incorrect types etc.\n        \"\"\"\n        app, test_data_list = prepare_post_body_data\n        for test_data in test_data_list:\n            with allure.step(title=f\"Assert - {test_data.description}\"):\n>               app.exec_request(\n                    request=test_data.request, expected_response=test_data.response\n                )\n\ntests/api/test_request_body/test_post.py:86: \n_ _ _ _ _ _ _ _ _ _ _ _ _ _ _ _ _ _ _ _ _ _ _ _ _ _ _ _ _ _ _ _ _ _ _ _ _ _ _ _ \ntests/utils/api_objects.py:72: in exec_request\n    status_code_should_be(\n_ _ _ _ _ _ _ _ _ _ _ _ _ _ _ _ _ _ _ _ _ _ _ _ _ _ _ _ _ _ _ _ _ _ _ _ _ _ _ _ \n\nresponse = <Response [500]>\nstatus_code = <HTTPStatus.UNPROCESSABLE_ENTITY: 422>\n\n    @allure.step(\"Response status code should be equal {status_code}\")\n    def status_code_should_be(response: Response, status_code=HTTPStatus.OK):\n        \"\"\"Assert response status code\"\"\"\n>       assert (\n            response.status_code == status_code\n        ), f\"Expecting status code {status_code} but got {response.status_code}\"\nE       AssertionError: Expecting status code 422 but got 500\n\ntests/steps/asserts.py:16: AssertionError",
  "flaky" : false,
  "newFailed" : false,
  "beforeStages" : [ {
    "name" : "cmd_opts",
    "time" : {
      "start" : 1618397035032,
      "stop" : 1618397035033,
      "duration" : 1
    },
    "status" : "passed",
    "steps" : [ ],
    "attachments" : [ ],
    "parameters" : [ ],
    "stepsCount" : 0,
    "attachmentsCount" : 0,
    "shouldDisplayMessage" : false,
    "hasContent" : false
  }, {
    "name" : "image",
    "time" : {
      "start" : 1618397035033,
      "stop" : 1618397038492,
      "duration" : 3459
    },
    "status" : "passed",
    "steps" : [ {
      "name" : "Run container: app:refs_pull_6_merge",
      "time" : {
        "start" : 1618397035067,
        "stop" : 1618397035487,
        "duration" : 420
      },
      "status" : "passed",
      "steps" : [ ],
      "attachments" : [ ],
      "parameters" : [ ],
      "stepsCount" : 0,
      "attachmentsCount" : 0,
      "shouldDisplayMessage" : false,
      "hasContent" : false
    } ],
    "attachments" : [ ],
    "parameters" : [ ],
    "stepsCount" : 1,
    "attachmentsCount" : 0,
    "shouldDisplayMessage" : false,
    "hasContent" : true
  }, {
    "name" : "app_fs",
    "time" : {
      "start" : 1618397082700,
      "stop" : 1618397084184,
      "duration" : 1484
    },
    "status" : "passed",
    "steps" : [ {
      "name" : "Run container: local/app:aWHanTbFpY",
      "time" : {
        "start" : 1618397082715,
        "stop" : 1618397083147,
        "duration" : 432
      },
      "status" : "passed",
      "steps" : [ ],
      "attachments" : [ ],
      "parameters" : [ ],
      "stepsCount" : 0,
      "attachmentsCount" : 0,
      "shouldDisplayMessage" : false,
      "hasContent" : false
    } ],
    "attachments" : [ ],
    "parameters" : [ ],
    "stepsCount" : 1,
    "attachmentsCount" : 0,
    "shouldDisplayMessage" : false,
    "hasContent" : true
  }, {
    "name" : "prepare_post_body_data",
    "time" : {
      "start" : 1618397084184,
      "stop" : 1618397084266,
      "duration" : 82
    },
    "status" : "passed",
    "steps" : [ {
      "name" : "Generate valid request data",
      "time" : {
        "start" : 1618397084185,
        "stop" : 1618397084266,
        "duration" : 81
      },
      "status" : "passed",
      "steps" : [ {
        "name" : "Send LIST /fs-type/",
        "time" : {
          "start" : 1618397084185,
          "stop" : 1618397084226,
          "duration" : 41
        },
        "status" : "passed",
        "steps" : [ {
          "name" : "Response status code should be equal <HTTPStatus.OK: 200>",
          "time" : {
            "start" : 1618397084226,
            "stop" : 1618397084226,
            "duration" : 0
          },
          "status" : "passed",
          "steps" : [ ],
          "attachments" : [ ],
          "parameters" : [ {
            "name" : "response",
            "value" : "<Response [200]>"
          }, {
            "name" : "status_code",
            "value" : "<HTTPStatus.OK: 200>"
          } ],
          "stepsCount" : 0,
          "attachmentsCount" : 0,
          "shouldDisplayMessage" : false,
          "hasContent" : true
        } ],
        "attachments" : [ {
          "uid" : "2cd0e2a123cc2712",
          "name" : "Full request log",
          "source" : "2cd0e2a123cc2712.txt",
          "type" : "text/plain",
          "size" : 558
        } ],
        "parameters" : [ ],
        "stepsCount" : 1,
        "attachmentsCount" : 1,
        "shouldDisplayMessage" : false,
        "hasContent" : true
      }, {
        "name" : "Send LIST /fs-type/",
        "time" : {
          "start" : 1618397084226,
          "stop" : 1618397084265,
          "duration" : 39
        },
        "status" : "passed",
        "steps" : [ {
          "name" : "Response status code should be equal <HTTPStatus.OK: 200>",
          "time" : {
            "start" : 1618397084265,
            "stop" : 1618397084265,
            "duration" : 0
          },
          "status" : "passed",
          "steps" : [ ],
          "attachments" : [ ],
          "parameters" : [ {
            "name" : "response",
            "value" : "<Response [200]>"
          }, {
            "name" : "status_code",
            "value" : "<HTTPStatus.OK: 200>"
          } ],
          "stepsCount" : 0,
          "attachmentsCount" : 0,
          "shouldDisplayMessage" : false,
          "hasContent" : true
        } ],
        "attachments" : [ {
          "uid" : "142d13b0e611c50d",
          "name" : "Full request log",
          "source" : "142d13b0e611c50d.txt",
          "type" : "text/plain",
          "size" : 558
        } ],
        "parameters" : [ ],
        "stepsCount" : 1,
        "attachmentsCount" : 1,
        "shouldDisplayMessage" : false,
        "hasContent" : true
      } ],
      "attachments" : [ ],
      "parameters" : [ {
        "name" : "endpoint",
        "value" : "<Endpoints.FileSystem: Endpoint(path='file-system', methods=[<Methods.GET: Method(function=<function get at 0x7f61b8dfda60>, url_template='/{name}/{id}/', default_success_code=<HTTPStatus.OK: 200>)>, <Methods.LIST: Method(function=<function get at 0x7f61b8dfda60>, url_template='/{name}/', default_success_code=<HTTPStatus.OK: 200>)>, <Methods.POST: Method(function=<function post at 0x7f61b8dfdc10>, url_template='/{name}/', default_success_code=<HTTPStatus.CREATED: 201>)>], data_class=<class 'tests.utils.data_classes.FileSystemFields'>)>"
      }, {
        "name" : "method",
        "value" : "<Methods.POST: Method(function=<function post at 0x7f61b8dfdc10>, url_template='/{name}/', default_success_code=<HTTPStatus.CREATED: 201>)>"
      } ],
      "stepsCount" : 4,
      "attachmentsCount" : 2,
      "shouldDisplayMessage" : false,
      "hasContent" : true
    } ],
    "attachments" : [ ],
    "parameters" : [ ],
    "stepsCount" : 5,
    "attachmentsCount" : 2,
    "shouldDisplayMessage" : false,
    "hasContent" : true
  } ],
  "testStage" : {
    "description" : "\n    Negative cases of request body testing\n    Includes sets of invalid field values - out of boundary values,\n    nullable and required if not possible, fields with incorrect types etc.\n    ",
    "status" : "failed",
    "statusMessage" : "AssertionError: Expecting status code 422 but got 500",
    "statusTrace" : "prepare_post_body_data = (<tests.utils.api_objects.APPApi object at 0x7f61b8a12790>, [POST file-system and expect 422 status code. at 0x7f61b8b...-system and expect 422 status code. at 0x7f61b8b24e50, POST file-system and expect 422 status code. at 0x7f61b8b24f40])\n\n    @pytest.mark.parametrize(\n        \"prepare_post_body_data\", get_negative_data_for_post_body_check(), indirect=True\n    )\n    def test_post_body_negative(prepare_post_body_data):\n        \"\"\"\n        Negative cases of request body testing\n        Includes sets of invalid field values - out of boundary values,\n        nullable and required if not possible, fields with incorrect types etc.\n        \"\"\"\n        app, test_data_list = prepare_post_body_data\n        for test_data in test_data_list:\n            with allure.step(title=f\"Assert - {test_data.description}\"):\n>               app.exec_request(\n                    request=test_data.request, expected_response=test_data.response\n                )\n\ntests/api/test_request_body/test_post.py:86: \n_ _ _ _ _ _ _ _ _ _ _ _ _ _ _ _ _ _ _ _ _ _ _ _ _ _ _ _ _ _ _ _ _ _ _ _ _ _ _ _ \ntests/utils/api_objects.py:72: in exec_request\n    status_code_should_be(\n_ _ _ _ _ _ _ _ _ _ _ _ _ _ _ _ _ _ _ _ _ _ _ _ _ _ _ _ _ _ _ _ _ _ _ _ _ _ _ _ \n\nresponse = <Response [500]>\nstatus_code = <HTTPStatus.UNPROCESSABLE_ENTITY: 422>\n\n    @allure.step(\"Response status code should be equal {status_code}\")\n    def status_code_should_be(response: Response, status_code=HTTPStatus.OK):\n        \"\"\"Assert response status code\"\"\"\n>       assert (\n            response.status_code == status_code\n        ), f\"Expecting status code {status_code} but got {response.status_code}\"\nE       AssertionError: Expecting status code 422 but got 500\n\ntests/steps/asserts.py:16: AssertionError",
    "steps" : [ {
      "name" : "Assert - All fields without body checks - Missing in request: name, fs_type_id",
      "time" : {
        "start" : 1618397084267,
        "stop" : 1618397084303,
        "duration" : 36
      },
      "status" : "passed",
      "steps" : [ {
        "name" : "Send POST /file-system/",
        "time" : {
          "start" : 1618397084267,
          "stop" : 1618397084303,
          "duration" : 36
        },
        "status" : "passed",
        "steps" : [ {
          "name" : "Response status code should be equal <HTTPStatus.UNPROCESSABLE_ENTITY: 422>",
          "time" : {
            "start" : 1618397084303,
            "stop" : 1618397084303,
            "duration" : 0
          },
          "status" : "passed",
          "steps" : [ ],
          "attachments" : [ ],
          "parameters" : [ {
            "name" : "response",
            "value" : "<Response [422]>"
          }, {
            "name" : "status_code",
            "value" : "<HTTPStatus.UNPROCESSABLE_ENTITY: 422>"
          } ],
          "stepsCount" : 0,
          "attachmentsCount" : 0,
          "shouldDisplayMessage" : false,
          "hasContent" : true
        } ],
        "attachments" : [ {
          "uid" : "54046a8ff2e551be",
          "name" : "Full request log",
          "source" : "54046a8ff2e551be.txt",
          "type" : "text/plain",
          "size" : 790
        } ],
        "parameters" : [ ],
        "stepsCount" : 1,
        "attachmentsCount" : 1,
        "shouldDisplayMessage" : false,
        "hasContent" : true
      } ],
      "attachments" : [ ],
      "parameters" : [ ],
      "stepsCount" : 2,
      "attachmentsCount" : 1,
      "shouldDisplayMessage" : false,
      "hasContent" : true
    }, {
      "name" : "Assert - name: ['The name field is required.']",
      "time" : {
        "start" : 1618397084303,
        "stop" : 1618397084348,
        "duration" : 45
      },
      "status" : "failed",
      "statusMessage" : "AssertionError: Expecting status code 422 but got 500\n",
      "statusTrace" : "  File \"/home/runner/work/truly_automated_tests/truly_automated_tests/tests/api/test_request_body/test_post.py\", line 86, in test_post_body_negative\n    app.exec_request(\n  File \"/home/runner/work/truly_automated_tests/truly_automated_tests/tests/utils/api_objects.py\", line 72, in exec_request\n    status_code_should_be(\n  File \"/opt/hostedtoolcache/Python/3.9.4/x64/lib/python3.9/site-packages/allure_commons/_allure.py\", line 172, in impl\n    return func(*a, **kw)\n  File \"/home/runner/work/truly_automated_tests/truly_automated_tests/tests/steps/asserts.py\", line 16, in status_code_should_be\n    assert (\n",
      "steps" : [ {
        "name" : "Send POST /file-system/",
        "time" : {
          "start" : 1618397084303,
          "stop" : 1618397084348,
          "duration" : 45
        },
        "status" : "failed",
        "statusMessage" : "AssertionError: Expecting status code 422 but got 500\n",
        "statusTrace" : "  File \"/home/runner/work/truly_automated_tests/truly_automated_tests/tests/utils/api_objects.py\", line 72, in exec_request\n    status_code_should_be(\n  File \"/opt/hostedtoolcache/Python/3.9.4/x64/lib/python3.9/site-packages/allure_commons/_allure.py\", line 172, in impl\n    return func(*a, **kw)\n  File \"/home/runner/work/truly_automated_tests/truly_automated_tests/tests/steps/asserts.py\", line 16, in status_code_should_be\n    assert (\n",
        "steps" : [ {
          "name" : "Response status code should be equal <HTTPStatus.UNPROCESSABLE_ENTITY: 422>",
          "time" : {
            "start" : 1618397084348,
            "stop" : 1618397084348,
            "duration" : 0
          },
          "status" : "failed",
          "statusMessage" : "AssertionError: Expecting status code 422 but got 500\n",
          "statusTrace" : "  File \"/opt/hostedtoolcache/Python/3.9.4/x64/lib/python3.9/site-packages/allure_commons/_allure.py\", line 172, in impl\n    return func(*a, **kw)\n  File \"/home/runner/work/truly_automated_tests/truly_automated_tests/tests/steps/asserts.py\", line 16, in status_code_should_be\n    assert (\n",
          "steps" : [ ],
          "attachments" : [ ],
          "parameters" : [ {
            "name" : "response",
            "value" : "<Response [500]>"
          }, {
            "name" : "status_code",
            "value" : "<HTTPStatus.UNPROCESSABLE_ENTITY: 422>"
          } ],
          "stepsCount" : 0,
          "attachmentsCount" : 0,
          "shouldDisplayMessage" : true,
          "hasContent" : true
        } ],
        "attachments" : [ {
          "uid" : "a8646f2e757fe8e9",
          "name" : "Full request log",
          "source" : "a8646f2e757fe8e9.txt",
          "type" : "text/html",
          "size" : 1518
        } ],
        "parameters" : [ ],
        "stepsCount" : 1,
        "attachmentsCount" : 1,
        "shouldDisplayMessage" : false,
        "hasContent" : true
      } ],
      "attachments" : [ ],
      "parameters" : [ ],
      "stepsCount" : 2,
      "attachmentsCount" : 1,
      "shouldDisplayMessage" : false,
      "hasContent" : true
    } ],
    "attachments" : [ ],
    "parameters" : [ ],
    "stepsCount" : 6,
    "attachmentsCount" : 2,
    "shouldDisplayMessage" : true,
    "hasContent" : true
  },
  "afterStages" : [ {
    "name" : "image::fin",
    "time" : {
      "start" : 1618397090921,
      "stop" : 1618397090941,
      "duration" : 20
    },
    "status" : "passed",
    "steps" : [ ],
    "attachments" : [ ],
    "parameters" : [ ],
    "stepsCount" : 0,
    "attachmentsCount" : 0,
    "shouldDisplayMessage" : false,
    "hasContent" : false
  }, {
    "name" : "app_fs::fin",
    "time" : {
      "start" : 1618397084355,
      "stop" : 1618397084616,
      "duration" : 261
    },
    "status" : "passed",
    "steps" : [ {
      "name" : "Gather /var/www/html/storage/app/ from APP container: 2c0cc4c830e671589edf607804526dd1502f9444708b534ac54cbe97a6fbbed2",
      "time" : {
        "start" : 1618397084355,
        "stop" : 1618397084416,
        "duration" : 61
      },
      "status" : "passed",
      "steps" : [ ],
      "attachments" : [ {
        "uid" : "a2bbbfb7cec7c890",
        "name" : "test_post_body_negative[file-system_POST_negative_Drop fields with Required=True]_1618397084.355033.tgz",
        "source" : "a2bbbfb7cec7c890.tgz",
        "type" : "application/gzip",
        "size" : 1192
      } ],
      "parameters" : [ ],
      "stepsCount" : 0,
      "attachmentsCount" : 1,
      "shouldDisplayMessage" : false,
      "hasContent" : true
    } ],
    "attachments" : [ ],
    "parameters" : [ ],
    "stepsCount" : 1,
    "attachmentsCount" : 1,
    "shouldDisplayMessage" : false,
    "hasContent" : true
  } ],
  "labels" : [ {
    "name" : "parentSuite",
    "value" : "API"
  }, {
    "name" : "suite",
    "value" : "Body tests"
  }, {
    "name" : "subSuite",
    "value" : "POST"
  }, {
    "name" : "tag",
    "value" : "negative"
  }, {
    "name" : "host",
    "value" : "fv-az139-696"
  }, {
    "name" : "thread",
    "value" : "4849-MainThread"
  }, {
    "name" : "framework",
    "value" : "pytest"
  }, {
    "name" : "language",
    "value" : "cpython3"
  }, {
    "name" : "package",
    "value" : "api.test_request_body.test_post"
  }, {
    "name" : "resultFormat",
    "value" : "allure2"
  } ],
  "parameters" : [ {
    "name" : "prepare_post_body_data",
    "value" : "[TestDataWithPreparedBody(test_data=POST file-system and expect 422 status code. at 0x7f61b8b24d30, test_body={'name': PreparedFieldValue(value=None, generated_value=False, error_messages=['The name field is required.'], f_type=String(_sp_vals_positive=['s', '!@#$%^&*\\\\/{}[]', 'IrLJmWXbRkSZkiqyZedvQxiYBjzDYzlzDZeieusNuiPrPrHhAFaXCEYpIkhsFUAEicWiISwYszuFtzkSNdrYiXwtJrhKSuLZfCXiOGGsENqfjXmrPiNEpNEuDLFrLfzHBciGIwInOvPNPMhYIBMPckLkCiyveIRaFJUKktiwSRuWMaAQBRRLmxKPqcjKKffUfUfRvdGaLScisYswPKvzoJKJumwIzAhKuFMUOexPayPGxiWylyMtXryDSBLXdtG'], _sp_vals_negative=[PreparedFieldValue(value='vPTHKlIzFXKAdyUtBjBRbrBPPIkHYwPqUKxTZvGCTmxJAlMIPOPBGAMIOIshFhNEANQAWtFKxonOreqIIEKAENyrLScupXRoBMWjhzLCYQPFIfyrTPIztTEKrxivcMPbjCfnDExZBCbZGzaOOJwVHnssalWvKYRFnuMVrxlUGCsOuQWCYzjAhhtSHNIBFlVUuyUNqglKIEATeEaVzHmAHbvunUGBEZFvifUBMXfaTUcrYnUeRcqeZMDtWAFcmOhl', generated_value=False, error_messages=['The name may not be greater than 255 characters.'], f_type=..., drop_key=False)]), drop_key=True), 'fs_type_id': PreparedFieldValue(value=None, generated_value=False, error_messages=['The fs type id field is required.'], f_type=ForeignKey(_sp_vals_positive=None, _sp_vals_negative=[PreparedFieldValue(value=100, generated_value=False, error_messages=['The selected fs type id is invalid.'], f_type=..., drop_key=False), PreparedFieldValue(value=2147483648, generated_value=False, error_messages=['The selected fs type id is invalid.'], f_type=..., drop_key=False)]), drop_key=True)}), TestDataWithPreparedBody(test_data=POST file-system and expect 422 status code. at 0x7f61b8b24e50, test_body={'name': PreparedFieldValue(value=None, generated_value=False, error_messages=['The name field is required.'], f_type=String(_sp_vals_positive=['s', '!@#$%^&*\\\\/{}[]', 'IrLJmWXbRkSZkiqyZedvQxiYBjzDYzlzDZeieusNuiPrPrHhAFaXCEYpIkhsFUAEicWiISwYszuFtzkSNdrYiXwtJrhKSuLZfCXiOGGsENqfjXmrPiNEpNEuDLFrLfzHBciGIwInOvPNPMhYIBMPckLkCiyveIRaFJUKktiwSRuWMaAQBRRLmxKPqcjKKffUfUfRvdGaLScisYswPKvzoJKJumwIzAhKuFMUOexPayPGxiWylyMtXryDSBLXdtG'], _sp_vals_negative=[PreparedFieldValue(value='vPTHKlIzFXKAdyUtBjBRbrBPPIkHYwPqUKxTZvGCTmxJAlMIPOPBGAMIOIshFhNEANQAWtFKxonOreqIIEKAENyrLScupXRoBMWjhzLCYQPFIfyrTPIztTEKrxivcMPbjCfnDExZBCbZGzaOOJwVHnssalWvKYRFnuMVrxlUGCsOuQWCYzjAhhtSHNIBFlVUuyUNqglKIEATeEaVzHmAHbvunUGBEZFvifUBMXfaTUcrYnUeRcqeZMDtWAFcmOhl', generated_value=False, error_messages=['The name may not be greater than 255 characters.'], f_type=..., drop_key=False)]), drop_key=True)}), TestDataWithPreparedBody(test_data=POST file-system and expect 422 status code. at 0x7f61b8b24f40, test_body={'fs_type_id': PreparedFieldValue(value=None, generated_value=False, error_messages=['The fs type id field is required.'], f_type=ForeignKey(_sp_vals_positive=None, _sp_vals_negative=[PreparedFieldValue(value=100, generated_value=False, error_messages=['The selected fs type id is invalid.'], f_type=..., drop_key=False), PreparedFieldValue(value=2147483648, generated_value=False, error_messages=['The selected fs type id is invalid.'], f_type=..., drop_key=False)]), drop_key=True)})]"
  } ],
  "links" : [ ],
  "hidden" : false,
  "retry" : false,
  "extra" : {
    "severity" : "normal",
    "retries" : [ ],
    "categories" : [ {
      "name" : "Product defects",
      "matchedStatuses" : [ ],
      "flaky" : false
    } ],
    "history" : {
      "statistic" : {
        "failed" : 2,
        "broken" : 0,
        "skipped" : 0,
        "passed" : 0,
        "unknown" : 0,
        "total" : 2
      },
      "items" : [ {
        "uid" : "8ea11629b12c21e6",
        "reportUrl" : "https://arenadata.github.io/truly_automated_tests/31//#testresult/8ea11629b12c21e6",
        "status" : "failed",
        "statusDetails" : "tests.steps.asserts.BodyAssertionError: Response body assertion failed!",
        "time" : {
          "start" : 1618389421396,
          "stop" : 1618389421445,
          "duration" : 49
        }
      } ]
    },
    "tags" : [ "negative" ]
  },
  "source" : "f29d59035557f2da.json",
  "parameterValues" : [ "[TestDataWithPreparedBody(test_data=POST file-system and expect 422 status code. at 0x7f61b8b24d30, test_body={'name': PreparedFieldValue(value=None, generated_value=False, error_messages=['The name field is required.'], f_type=String(_sp_vals_positive=['s', '!@#$%^&*\\\\/{}[]', 'IrLJmWXbRkSZkiqyZedvQxiYBjzDYzlzDZeieusNuiPrPrHhAFaXCEYpIkhsFUAEicWiISwYszuFtzkSNdrYiXwtJrhKSuLZfCXiOGGsENqfjXmrPiNEpNEuDLFrLfzHBciGIwInOvPNPMhYIBMPckLkCiyveIRaFJUKktiwSRuWMaAQBRRLmxKPqcjKKffUfUfRvdGaLScisYswPKvzoJKJumwIzAhKuFMUOexPayPGxiWylyMtXryDSBLXdtG'], _sp_vals_negative=[PreparedFieldValue(value='vPTHKlIzFXKAdyUtBjBRbrBPPIkHYwPqUKxTZvGCTmxJAlMIPOPBGAMIOIshFhNEANQAWtFKxonOreqIIEKAENyrLScupXRoBMWjhzLCYQPFIfyrTPIztTEKrxivcMPbjCfnDExZBCbZGzaOOJwVHnssalWvKYRFnuMVrxlUGCsOuQWCYzjAhhtSHNIBFlVUuyUNqglKIEATeEaVzHmAHbvunUGBEZFvifUBMXfaTUcrYnUeRcqeZMDtWAFcmOhl', generated_value=False, error_messages=['The name may not be greater than 255 characters.'], f_type=..., drop_key=False)]), drop_key=True), 'fs_type_id': PreparedFieldValue(value=None, generated_value=False, error_messages=['The fs type id field is required.'], f_type=ForeignKey(_sp_vals_positive=None, _sp_vals_negative=[PreparedFieldValue(value=100, generated_value=False, error_messages=['The selected fs type id is invalid.'], f_type=..., drop_key=False), PreparedFieldValue(value=2147483648, generated_value=False, error_messages=['The selected fs type id is invalid.'], f_type=..., drop_key=False)]), drop_key=True)}), TestDataWithPreparedBody(test_data=POST file-system and expect 422 status code. at 0x7f61b8b24e50, test_body={'name': PreparedFieldValue(value=None, generated_value=False, error_messages=['The name field is required.'], f_type=String(_sp_vals_positive=['s', '!@#$%^&*\\\\/{}[]', 'IrLJmWXbRkSZkiqyZedvQxiYBjzDYzlzDZeieusNuiPrPrHhAFaXCEYpIkhsFUAEicWiISwYszuFtzkSNdrYiXwtJrhKSuLZfCXiOGGsENqfjXmrPiNEpNEuDLFrLfzHBciGIwInOvPNPMhYIBMPckLkCiyveIRaFJUKktiwSRuWMaAQBRRLmxKPqcjKKffUfUfRvdGaLScisYswPKvzoJKJumwIzAhKuFMUOexPayPGxiWylyMtXryDSBLXdtG'], _sp_vals_negative=[PreparedFieldValue(value='vPTHKlIzFXKAdyUtBjBRbrBPPIkHYwPqUKxTZvGCTmxJAlMIPOPBGAMIOIshFhNEANQAWtFKxonOreqIIEKAENyrLScupXRoBMWjhzLCYQPFIfyrTPIztTEKrxivcMPbjCfnDExZBCbZGzaOOJwVHnssalWvKYRFnuMVrxlUGCsOuQWCYzjAhhtSHNIBFlVUuyUNqglKIEATeEaVzHmAHbvunUGBEZFvifUBMXfaTUcrYnUeRcqeZMDtWAFcmOhl', generated_value=False, error_messages=['The name may not be greater than 255 characters.'], f_type=..., drop_key=False)]), drop_key=True)}), TestDataWithPreparedBody(test_data=POST file-system and expect 422 status code. at 0x7f61b8b24f40, test_body={'fs_type_id': PreparedFieldValue(value=None, generated_value=False, error_messages=['The fs type id field is required.'], f_type=ForeignKey(_sp_vals_positive=None, _sp_vals_negative=[PreparedFieldValue(value=100, generated_value=False, error_messages=['The selected fs type id is invalid.'], f_type=..., drop_key=False), PreparedFieldValue(value=2147483648, generated_value=False, error_messages=['The selected fs type id is invalid.'], f_type=..., drop_key=False)]), drop_key=True)})]" ]
}